{"/Users/michael/pm-tools-templates/PM Tools Templates - Q3 2025 Delivery Cycle/Implementation/template-selector/src/main.tsx": {"path":"/Users/michael/pm-tools-templates/PM Tools Templates - Q3 2025 Delivery Cycle/Implementation/template-selector/src/main.tsx","statementMap":{"0":{"start":{"line":1,"column":0},"end":{"line":1,"column":26}},"1":{"start":{"line":2,"column":0},"end":{"line":2,"column":40}},"2":{"start":{"line":3,"column":0},"end":{"line":3,"column":61}},"3":{"start":{"line":4,"column":0},"end":{"line":4,"column":55}},"4":{"start":{"line":5,"column":0},"end":{"line":5,"column":21}},"5":{"start":{"line":7,"column":0},"end":{"line":13,"column":2}},"6":{"start":{"line":10,"column":48},"end":{"line":10,"column":82}}},"fnMap":{"0":{"name":"(anonymous_1)","decl":{"start":{"line":10,"column":34},"end":{"line":10,"column":35}},"loc":{"start":{"line":10,"column":48},"end":{"line":10,"column":82}}}},"branchMap":{},"s":{"0":0,"1":0,"2":0,"3":0,"4":0,"5":0,"6":0},"f":{"0":0},"b":{}}
,"/Users/michael/pm-tools-templates/PM Tools Templates - Q3 2025 Delivery Cycle/Implementation/template-selector/src/components/CommandPalette.tsx": {"path":"/Users/michael/pm-tools-templates/PM Tools Templates - Q3 2025 Delivery Cycle/Implementation/template-selector/src/components/CommandPalette.tsx","statementMap":{"0":{"start":{"line":1,"column":0},"end":{"line":1,"column":59}},"1":{"start":{"line":2,"column":0},"end":{"line":2,"column":48}},"2":{"start":{"line":3,"column":0},"end":{"line":3,"column":26}},"3":{"start":{"line":9,"column":61},"end":{"line":131,"column":1}},"4":{"start":{"line":10,"column":28},"end":{"line":10,"column":40}},"5":{"start":{"line":11,"column":44},"end":{"line":11,"column":55}},"6":{"start":{"line":12,"column":19},"end":{"line":12,"column":49}},"7":{"start":{"line":15,"column":19},"end":{"line":24,"column":4}},"8":{"start":{"line":28,"column":26},"end":{"line":34,"column":43}},"9":{"start":{"line":29,"column":4},"end":{"line":31,"column":5}},"10":{"start":{"line":30,"column":6},"end":{"line":30,"column":32}},"11":{"start":{"line":32,"column":4},"end":{"line":32,"column":39}},"12":{"start":{"line":33,"column":4},"end":{"line":33,"column":15}},"13":{"start":{"line":37,"column":27},"end":{"line":45,"column":6}},"14":{"start":{"line":39,"column":23},"end":{"line":40,"column":null}},"15":{"start":{"line":40,"column":8},"end":{"line":40,"column":65}},"16":{"start":{"line":42,"column":6},"end":{"line":44,"column":13}},"17":{"start":{"line":47,"column":2},"end":{"line":50,"column":9}},"18":{"start":{"line":49,"column":4},"end":{"line":49,"column":30}},"19":{"start":{"line":52,"column":24},"end":{"line":80,"column":3}},"20":{"start":{"line":53,"column":4},"end":{"line":79,"column":5}},"21":{"start":{"line":55,"column":8},"end":{"line":55,"column":27}},"22":{"start":{"line":56,"column":8},"end":{"line":61,"column":11}},"23":{"start":{"line":57,"column":28},"end":{"line":57,"column":36}},"24":{"start":{"line":58,"column":10},"end":{"line":58,"column":64}},"25":{"start":{"line":58,"column":52},"end":{"line":58,"column":64}},"26":{"start":{"line":59,"column":10},"end":{"line":59,"column":74}},"27":{"start":{"line":59,"column":53},"end":{"line":59,"column":74}},"28":{"start":{"line":60,"column":10},"end":{"line":60,"column":27}},"29":{"start":{"line":62,"column":8},"end":{"line":62,"column":14}},"30":{"start":{"line":64,"column":8},"end":{"line":64,"column":27}},"31":{"start":{"line":65,"column":8},"end":{"line":70,"column":11}},"32":{"start":{"line":66,"column":28},"end":{"line":66,"column":36}},"33":{"start":{"line":67,"column":10},"end":{"line":67,"column":41}},"34":{"start":{"line":67,"column":29},"end":{"line":67,"column":41}},"35":{"start":{"line":68,"column":10},"end":{"line":68,"column":74}},"36":{"start":{"line":68,"column":53},"end":{"line":68,"column":74}},"37":{"start":{"line":69,"column":10},"end":{"line":69,"column":27}},"38":{"start":{"line":71,"column":8},"end":{"line":71,"column":14}},"39":{"start":{"line":73,"column":8},"end":{"line":73,"column":27}},"40":{"start":{"line":74,"column":32},"end":{"line":74,"column":63}},"41":{"start":{"line":75,"column":8},"end":{"line":77,"column":9}},"42":{"start":{"line":76,"column":10},"end":{"line":76,"column":40}},"43":{"start":{"line":78,"column":8},"end":{"line":78,"column":14}},"44":{"start":{"line":82,"column":2},"end":{"line":130,"column":4}},"45":{"start":{"line":93,"column":27},"end":{"line":93,"column":51}},"46":{"start":{"line":105,"column":10},"end":{"line":125,"column":null}},"47":{"start":{"line":119,"column":29},"end":{"line":119,"column":50}},"48":{"start":{"line":9,"column":13},"end":{"line":9,"column":61}}},"fnMap":{"0":{"name":"(anonymous_9)","decl":{"start":{"line":9,"column":61},"end":{"line":9,"column":62}},"loc":{"start":{"line":9,"column":79},"end":{"line":131,"column":1}}},"1":{"name":"(anonymous_10)","decl":{"start":{"line":28,"column":42},"end":{"line":28,"column":43}},"loc":{"start":{"line":28,"column":59},"end":{"line":34,"column":3}}},"2":{"name":"(anonymous_11)","decl":{"start":{"line":38,"column":13},"end":{"line":38,"column":14}},"loc":{"start":{"line":38,"column":44},"end":{"line":45,"column":5}}},"3":{"name":"(anonymous_12)","decl":{"start":{"line":39,"column":46},"end":{"line":39,"column":53}},"loc":{"start":{"line":40,"column":8},"end":{"line":40,"column":65}}},"4":{"name":"(anonymous_13)","decl":{"start":{"line":47,"column":12},"end":{"line":47,"column":15}},"loc":{"start":{"line":47,"column":17},"end":{"line":50,"column":3}}},"5":{"name":"(anonymous_14)","decl":{"start":{"line":52,"column":24},"end":{"line":52,"column":25}},"loc":{"start":{"line":52,"column":51},"end":{"line":80,"column":3}}},"6":{"name":"(anonymous_15)","decl":{"start":{"line":56,"column":25},"end":{"line":56,"column":26}},"loc":{"start":{"line":56,"column":34},"end":{"line":61,"column":9}}},"7":{"name":"(anonymous_16)","decl":{"start":{"line":65,"column":25},"end":{"line":65,"column":26}},"loc":{"start":{"line":65,"column":34},"end":{"line":70,"column":9}}},"8":{"name":"(anonymous_17)","decl":{"start":{"line":93,"column":20},"end":{"line":93,"column":21}},"loc":{"start":{"line":93,"column":27},"end":{"line":93,"column":51}}},"9":{"name":"(anonymous_18)","decl":{"start":{"line":104,"column":30},"end":{"line":104,"column":31}},"loc":{"start":{"line":105,"column":10},"end":{"line":125,"column":null}}},"10":{"name":"(anonymous_19)","decl":{"start":{"line":119,"column":23},"end":{"line":119,"column":26}},"loc":{"start":{"line":119,"column":29},"end":{"line":119,"column":50}}}},"branchMap":{"0":{"loc":{"start":{"line":29,"column":4},"end":{"line":31,"column":5}},"type":"if","locations":[{"start":{"line":29,"column":4},"end":{"line":31,"column":5}},{"start":{},"end":{}}]},"1":{"loc":{"start":{"line":42,"column":13},"end":{"line":44,"column":12}},"type":"cond-expr","locations":[{"start":{"line":43,"column":10},"end":{"line":43,"column":60}},{"start":{"line":44,"column":10},"end":{"line":44,"column":12}}]},"2":{"loc":{"start":{"line":53,"column":4},"end":{"line":79,"column":5}},"type":"switch","locations":[{"start":{"line":54,"column":6},"end":{"line":62,"column":14}},{"start":{"line":63,"column":6},"end":{"line":71,"column":14}},{"start":{"line":72,"column":6},"end":{"line":78,"column":14}}]},"3":{"loc":{"start":{"line":58,"column":10},"end":{"line":58,"column":64}},"type":"if","locations":[{"start":{"line":58,"column":10},"end":{"line":58,"column":64}},{"start":{},"end":{}}]},"4":{"loc":{"start":{"line":59,"column":10},"end":{"line":59,"column":74}},"type":"if","locations":[{"start":{"line":59,"column":10},"end":{"line":59,"column":74}},{"start":{},"end":{}}]},"5":{"loc":{"start":{"line":67,"column":10},"end":{"line":67,"column":41}},"type":"if","locations":[{"start":{"line":67,"column":10},"end":{"line":67,"column":41}},{"start":{},"end":{}}]},"6":{"loc":{"start":{"line":68,"column":10},"end":{"line":68,"column":74}},"type":"if","locations":[{"start":{"line":68,"column":10},"end":{"line":68,"column":74}},{"start":{},"end":{}}]},"7":{"loc":{"start":{"line":75,"column":8},"end":{"line":77,"column":9}},"type":"if","locations":[{"start":{"line":75,"column":8},"end":{"line":77,"column":9}},{"start":{},"end":{}}]},"8":{"loc":{"start":{"line":105,"column":10},"end":{"line":125,"column":null}},"type":"cond-expr","locations":[{"start":{"line":106,"column":12},"end":{"line":107,"column":null}},{"start":{"line":114,"column":12},"end":{"line":115,"column":null}}]},"9":{"loc":{"start":{"line":116,"column":41},"end":{"line":116,"column":82}},"type":"cond-expr","locations":[{"start":{"line":116,"column":67},"end":{"line":116,"column":77}},{"start":{"line":116,"column":80},"end":{"line":116,"column":82}}]}},"s":{"0":4,"1":4,"2":4,"3":4,"4":17,"5":17,"6":17,"7":17,"8":17,"9":136,"10":85,"11":136,"12":136,"13":17,"14":85,"15":136,"16":85,"17":17,"18":10,"19":17,"20":7,"21":4,"22":4,"23":4,"24":4,"25":0,"26":4,"27":1,"28":3,"29":4,"30":1,"31":1,"32":1,"33":1,"34":0,"35":1,"36":1,"37":0,"38":1,"39":2,"40":2,"41":2,"42":1,"43":2,"44":17,"45":2,"46":197,"47":0,"48":4},"f":{"0":17,"1":136,"2":85,"3":136,"4":10,"5":7,"6":4,"7":1,"8":2,"9":197,"10":0},"b":{"0":[85,51],"1":[76,9],"2":[4,1,2],"3":[0,4],"4":[1,3],"5":[0,1],"6":[1,0],"7":[1,1],"8":[76,121],"9":[4,117]}}
,"/Users/michael/pm-tools-templates/PM Tools Templates - Q3 2025 Delivery Cycle/Implementation/template-selector/src/components/ErrorBoundary.tsx": {"path":"/Users/michael/pm-tools-templates/PM Tools Templates - Q3 2025 Delivery Cycle/Implementation/template-selector/src/components/ErrorBoundary.tsx","statementMap":{"0":{"start":{"line":1,"column":0},"end":{"line":1,"column":52}},"1":{"start":{"line":13,"column":4},"end":{"line":13,"column":17}},"2":{"start":{"line":14,"column":4},"end":{"line":14,"column":37}},"3":{"start":{"line":18,"column":4},"end":{"line":18,"column":30}},"4":{"start":{"line":22,"column":4},"end":{"line":22,"column":55}},"5":{"start":{"line":26,"column":4},"end":{"line":28,"column":5}},"6":{"start":{"line":27,"column":6},"end":{"line":27,"column":68}},"7":{"start":{"line":30,"column":4},"end":{"line":30,"column":31}},"8":{"start":{"line":34,"column":0},"end":{"line":34,"column":29}}},"fnMap":{"0":{"name":"(anonymous_9)","decl":{"start":{"line":12,"column":2},"end":{"line":12,"column":14}},"loc":{"start":{"line":12,"column":39},"end":{"line":15,"column":3}}},"1":{"name":"(anonymous_10)","decl":{"start":{"line":17,"column":2},"end":{"line":17,"column":8}},"loc":{"start":{"line":17,"column":42},"end":{"line":19,"column":3}}},"2":{"name":"(anonymous_11)","decl":{"start":{"line":21,"column":2},"end":{"line":21,"column":19}},"loc":{"start":{"line":21,"column":60},"end":{"line":23,"column":3}}},"3":{"name":"(anonymous_12)","decl":{"start":{"line":25,"column":2},"end":{"line":25,"column":8}},"loc":{"start":{"line":25,"column":8},"end":{"line":31,"column":3}}}},"branchMap":{"0":{"loc":{"start":{"line":26,"column":4},"end":{"line":28,"column":5}},"type":"if","locations":[{"start":{"line":26,"column":4},"end":{"line":28,"column":5}},{"start":{},"end":{}}]}},"s":{"0":2,"1":30,"2":29,"3":14,"4":7,"5":44,"6":15,"7":29,"8":2},"f":{"0":30,"1":14,"2":7,"3":44},"b":{"0":[15,29]}}
,"/Users/michael/pm-tools-templates/PM Tools Templates - Q3 2025 Delivery Cycle/Implementation/template-selector/src/components/FilterPanel.tsx": {"path":"/Users/michael/pm-tools-templates/PM Tools Templates - Q3 2025 Delivery Cycle/Implementation/template-selector/src/components/FilterPanel.tsx","statementMap":{"0":{"start":{"line":1,"column":0},"end":{"line":1,"column":26}},"1":{"start":{"line":2,"column":0},"end":{"line":2,"column":27}},"2":{"start":{"line":16,"column":55},"end":{"line":116,"column":1}},"3":{"start":{"line":25,"column":24},"end":{"line":25,"column":56}},"4":{"start":{"line":26,"column":41},"end":{"line":26,"column":81}},"5":{"start":{"line":27,"column":21},"end":{"line":31,"column":4}},"6":{"start":{"line":33,"column":2},"end":{"line":115,"column":4}},"7":{"start":{"line":50,"column":10},"end":{"line":50,"column":33}},"8":{"start":{"line":55,"column":29},"end":{"line":55,"column":61}},"9":{"start":{"line":63,"column":18},"end":{"line":63,"column":40}},"10":{"start":{"line":67,"column":38},"end":{"line":67,"column":64}},"11":{"start":{"line":82,"column":14},"end":{"line":83,"column":null}},"12":{"start":{"line":87,"column":31},"end":{"line":87,"column":61}},"13":{"start":{"line":105,"column":12},"end":{"line":105,"column":36}},"14":{"start":{"line":106,"column":12},"end":{"line":106,"column":33}},"15":{"start":{"line":107,"column":12},"end":{"line":107,"column":49}},"16":{"start":{"line":16,"column":13},"end":{"line":16,"column":55}}},"fnMap":{"0":{"name":"(anonymous_1)","decl":{"start":{"line":16,"column":55},"end":{"line":16,"column":56}},"loc":{"start":{"line":24,"column":5},"end":{"line":116,"column":1}}},"1":{"name":"(anonymous_2)","decl":{"start":{"line":49,"column":27},"end":{"line":49,"column":28}},"loc":{"start":{"line":50,"column":10},"end":{"line":50,"column":33}}},"2":{"name":"(anonymous_3)","decl":{"start":{"line":55,"column":23},"end":{"line":55,"column":26}},"loc":{"start":{"line":55,"column":29},"end":{"line":55,"column":61}}},"3":{"name":"(anonymous_4)","decl":{"start":{"line":62,"column":72},"end":{"line":62,"column":73}},"loc":{"start":{"line":63,"column":18},"end":{"line":63,"column":40}}},"4":{"name":"(anonymous_5)","decl":{"start":{"line":67,"column":32},"end":{"line":67,"column":35}},"loc":{"start":{"line":67,"column":38},"end":{"line":67,"column":64}}},"5":{"name":"(anonymous_6)","decl":{"start":{"line":81,"column":34},"end":{"line":81,"column":35}},"loc":{"start":{"line":82,"column":14},"end":{"line":83,"column":null}}},"6":{"name":"(anonymous_7)","decl":{"start":{"line":87,"column":25},"end":{"line":87,"column":28}},"loc":{"start":{"line":87,"column":31},"end":{"line":87,"column":61}}},"7":{"name":"(anonymous_8)","decl":{"start":{"line":104,"column":19},"end":{"line":104,"column":22}},"loc":{"start":{"line":104,"column":24},"end":{"line":108,"column":11}}}},"branchMap":{"0":{"loc":{"start":{"line":53,"column":16},"end":{"line":53,"column":null}},"type":"cond-expr","locations":[{"start":{"line":53,"column":54},"end":{"line":53,"column":64}},{"start":{"line":53,"column":67},"end":{"line":53,"column":null}}]},"1":{"loc":{"start":{"line":60,"column":13},"end":{"line":72,"column":null}},"type":"binary-expr","locations":[{"start":{"line":60,"column":13},"end":{"line":60,"column":48}},{"start":{"line":61,"column":14},"end":{"line":71,"column":null}}]},"2":{"loc":{"start":{"line":85,"column":18},"end":{"line":85,"column":null}},"type":"cond-expr","locations":[{"start":{"line":85,"column":54},"end":{"line":85,"column":64}},{"start":{"line":85,"column":67},"end":{"line":85,"column":null}}]},"3":{"loc":{"start":{"line":92,"column":25},"end":{"line":92,"column":94}},"type":"cond-expr","locations":[{"start":{"line":92,"column":53},"end":{"line":92,"column":54}},{"start":{"line":92,"column":57},"end":{"line":92,"column":94}}]},"4":{"loc":{"start":{"line":92,"column":57},"end":{"line":92,"column":94}},"type":"cond-expr","locations":[{"start":{"line":92,"column":89},"end":{"line":92,"column":90}},{"start":{"line":92,"column":93},"end":{"line":92,"column":94}}]}},"s":{"0":3,"1":3,"2":3,"3":1,"4":1,"5":1,"6":1,"7":3,"8":0,"9":0,"10":0,"11":3,"12":0,"13":0,"14":0,"15":0,"16":3},"f":{"0":1,"1":3,"2":0,"3":0,"4":0,"5":3,"6":0,"7":0},"b":{"0":[0,3],"1":[3,0],"2":[0,3],"3":[1,2],"4":[1,1]}}
,"/Users/michael/pm-tools-templates/PM Tools Templates - Q3 2025 Delivery Cycle/Implementation/template-selector/src/components/Header.tsx": {"path":"/Users/michael/pm-tools-templates/PM Tools Templates - Q3 2025 Delivery Cycle/Implementation/template-selector/src/components/Header.tsx","statementMap":{"0":{"start":{"line":1,"column":0},"end":{"line":1,"column":59}},"1":{"start":{"line":2,"column":0},"end":{"line":2,"column":22}},"2":{"start":{"line":12,"column":45},"end":{"line":126,"column":1}},"3":{"start":{"line":19,"column":40},"end":{"line":19,"column":52}},"4":{"start":{"line":20,"column":36},"end":{"line":20,"column":51}},"5":{"start":{"line":21,"column":25},"end":{"line":21,"column":55}},"6":{"start":{"line":24,"column":2},"end":{"line":35,"column":9}},"7":{"start":{"line":25,"column":26},"end":{"line":31,"column":5}},"8":{"start":{"line":27,"column":6},"end":{"line":30,"column":7}},"9":{"start":{"line":28,"column":8},"end":{"line":28,"column":27}},"10":{"start":{"line":29,"column":8},"end":{"line":29,"column":40}},"11":{"start":{"line":33,"column":4},"end":{"line":33,"column":56}},"12":{"start":{"line":34,"column":4},"end":{"line":34,"column":72}},"13":{"start":{"line":34,"column":17},"end":{"line":34,"column":71}},"14":{"start":{"line":37,"column":29},"end":{"line":41,"column":3}},"15":{"start":{"line":38,"column":18},"end":{"line":38,"column":32}},"16":{"start":{"line":39,"column":4},"end":{"line":39,"column":26}},"17":{"start":{"line":40,"column":4},"end":{"line":40,"column":20}},"18":{"start":{"line":43,"column":28},"end":{"line":47,"column":3}},"19":{"start":{"line":44,"column":4},"end":{"line":44,"column":23}},"20":{"start":{"line":45,"column":4},"end":{"line":45,"column":17}},"21":{"start":{"line":46,"column":4},"end":{"line":46,"column":36}},"22":{"start":{"line":49,"column":26},"end":{"line":56,"column":3}},"23":{"start":{"line":50,"column":4},"end":{"line":55,"column":5}},"24":{"start":{"line":51,"column":6},"end":{"line":51,"column":20}},"25":{"start":{"line":54,"column":6},"end":{"line":54,"column":38}},"26":{"start":{"line":58,"column":2},"end":{"line":125,"column":4}},"27":{"start":{"line":69,"column":29},"end":{"line":69,"column":47}},"28":{"start":{"line":70,"column":28},"end":{"line":70,"column":47}},"29":{"start":{"line":12,"column":13},"end":{"line":12,"column":45}}},"fnMap":{"0":{"name":"(anonymous_9)","decl":{"start":{"line":12,"column":45},"end":{"line":12,"column":46}},"loc":{"start":{"line":18,"column":5},"end":{"line":126,"column":1}}},"1":{"name":"(anonymous_10)","decl":{"start":{"line":24,"column":12},"end":{"line":24,"column":15}},"loc":{"start":{"line":24,"column":17},"end":{"line":35,"column":3}}},"2":{"name":"(anonymous_11)","decl":{"start":{"line":25,"column":26},"end":{"line":25,"column":27}},"loc":{"start":{"line":25,"column":47},"end":{"line":31,"column":5}}},"3":{"name":"(anonymous_12)","decl":{"start":{"line":34,"column":11},"end":{"line":34,"column":14}},"loc":{"start":{"line":34,"column":17},"end":{"line":34,"column":71}}},"4":{"name":"(anonymous_13)","decl":{"start":{"line":37,"column":29},"end":{"line":37,"column":30}},"loc":{"start":{"line":37,"column":72},"end":{"line":41,"column":3}}},"5":{"name":"(anonymous_14)","decl":{"start":{"line":43,"column":28},"end":{"line":43,"column":31}},"loc":{"start":{"line":43,"column":33},"end":{"line":47,"column":3}}},"6":{"name":"(anonymous_15)","decl":{"start":{"line":49,"column":26},"end":{"line":49,"column":29}},"loc":{"start":{"line":49,"column":31},"end":{"line":56,"column":3}}},"7":{"name":"(anonymous_16)","decl":{"start":{"line":69,"column":23},"end":{"line":69,"column":26}},"loc":{"start":{"line":69,"column":29},"end":{"line":69,"column":47}}},"8":{"name":"(anonymous_17)","decl":{"start":{"line":70,"column":22},"end":{"line":70,"column":25}},"loc":{"start":{"line":70,"column":28},"end":{"line":70,"column":47}}}},"branchMap":{"0":{"loc":{"start":{"line":27,"column":6},"end":{"line":30,"column":7}},"type":"if","locations":[{"start":{"line":27,"column":6},"end":{"line":30,"column":7}},{"start":{},"end":{}}]},"1":{"loc":{"start":{"line":27,"column":10},"end":{"line":27,"column":51}},"type":"binary-expr","locations":[{"start":{"line":27,"column":11},"end":{"line":27,"column":20}},{"start":{"line":27,"column":24},"end":{"line":27,"column":33}},{"start":{"line":27,"column":38},"end":{"line":27,"column":51}}]},"2":{"loc":{"start":{"line":50,"column":4},"end":{"line":55,"column":5}},"type":"if","locations":[{"start":{"line":50,"column":4},"end":{"line":55,"column":5}},{"start":{"line":52,"column":11},"end":{"line":55,"column":5}}]},"3":{"loc":{"start":{"line":62,"column":52},"end":{"line":62,"column":78}},"type":"cond-expr","locations":[{"start":{"line":62,"column":64},"end":{"line":62,"column":73}},{"start":{"line":62,"column":76},"end":{"line":62,"column":78}}]},"4":{"loc":{"start":{"line":76,"column":13},"end":{"line":84,"column":null}},"type":"binary-expr","locations":[{"start":{"line":76,"column":13},"end":{"line":76,"column":24}},{"start":{"line":77,"column":14},"end":{"line":81,"column":null}}]},"5":{"loc":{"start":{"line":86,"column":13},"end":{"line":89,"column":null}},"type":"binary-expr","locations":[{"start":{"line":86,"column":13},"end":{"line":86,"column":22}},{"start":{"line":87,"column":14},"end":{"line":87,"column":null}}]}},"s":{"0":3,"1":3,"2":3,"3":70,"4":70,"5":70,"6":70,"7":27,"8":1,"9":0,"10":0,"11":27,"12":27,"13":27,"14":70,"15":0,"16":0,"17":0,"18":70,"19":0,"20":0,"21":0,"22":70,"23":0,"24":0,"25":0,"26":70,"27":2,"28":0,"29":3},"f":{"0":70,"1":27,"2":1,"3":27,"4":0,"5":0,"6":0,"7":2,"8":0},"b":{"0":[0,1],"1":[1,1,0],"2":[0,0],"3":[2,68],"4":[70,0],"5":[70,2]}}
,"/Users/michael/pm-tools-templates/PM Tools Templates - Q3 2025 Delivery Cycle/Implementation/template-selector/src/components/HighlightText.tsx": {"path":"/Users/michael/pm-tools-templates/PM Tools Templates - Q3 2025 Delivery Cycle/Implementation/template-selector/src/components/HighlightText.tsx","statementMap":{"0":{"start":{"line":1,"column":0},"end":{"line":1,"column":26}},"1":{"start":{"line":8,"column":59},"end":{"line":27,"column":1}},"2":{"start":{"line":9,"column":2},"end":{"line":11,"column":3}},"3":{"start":{"line":10,"column":4},"end":{"line":10,"column":31}},"4":{"start":{"line":13,"column":16},"end":{"line":13,"column":50}},"5":{"start":{"line":14,"column":16},"end":{"line":14,"column":33}},"6":{"start":{"line":16,"column":2},"end":{"line":26,"column":4}},"7":{"start":{"line":19,"column":8},"end":{"line":22,"column":null}},"8":{"start":{"line":8,"column":13},"end":{"line":8,"column":59}}},"fnMap":{"0":{"name":"(anonymous_1)","decl":{"start":{"line":8,"column":59},"end":{"line":8,"column":60}},"loc":{"start":{"line":8,"column":83},"end":{"line":27,"column":1}}},"1":{"name":"(anonymous_2)","decl":{"start":{"line":18,"column":17},"end":{"line":18,"column":18}},"loc":{"start":{"line":19,"column":8},"end":{"line":22,"column":null}}}},"branchMap":{"0":{"loc":{"start":{"line":9,"column":2},"end":{"line":11,"column":3}},"type":"if","locations":[{"start":{"line":9,"column":2},"end":{"line":11,"column":3}},{"start":{},"end":{}}]},"1":{"loc":{"start":{"line":19,"column":8},"end":{"line":22,"column":null}},"type":"cond-expr","locations":[{"start":{"line":20,"column":10},"end":{"line":20,"column":24}},{"start":{"line":22,"column":10},"end":{"line":22,"column":25}}]}},"s":{"0":4,"1":4,"2":121,"3":120,"4":1,"5":1,"6":1,"7":3,"8":4},"f":{"0":121,"1":3},"b":{"0":[120,1],"1":[1,2]}}
,"/Users/michael/pm-tools-templates/PM Tools Templates - Q3 2025 Delivery Cycle/Implementation/template-selector/src/components/Modal.tsx": {"path":"/Users/michael/pm-tools-templates/PM Tools Templates - Q3 2025 Delivery Cycle/Implementation/template-selector/src/components/Modal.tsx","statementMap":{"0":{"start":{"line":1,"column":0},"end":{"line":1,"column":41}},"1":{"start":{"line":2,"column":0},"end":{"line":2,"column":21}},"2":{"start":{"line":10,"column":43},"end":{"line":39,"column":1}},"3":{"start":{"line":11,"column":2},"end":{"line":27,"column":24}},"4":{"start":{"line":12,"column":25},"end":{"line":16,"column":5}},"5":{"start":{"line":13,"column":6},"end":{"line":15,"column":7}},"6":{"start":{"line":14,"column":8},"end":{"line":14,"column":18}},"7":{"start":{"line":18,"column":4},"end":{"line":21,"column":5}},"8":{"start":{"line":19,"column":6},"end":{"line":19,"column":57}},"9":{"start":{"line":20,"column":6},"end":{"line":20,"column":46}},"10":{"start":{"line":23,"column":4},"end":{"line":26,"column":6}},"11":{"start":{"line":24,"column":6},"end":{"line":24,"column":60}},"12":{"start":{"line":25,"column":6},"end":{"line":25,"column":45}},"13":{"start":{"line":29,"column":2},"end":{"line":29,"column":27}},"14":{"start":{"line":29,"column":15},"end":{"line":29,"column":27}},"15":{"start":{"line":31,"column":2},"end":{"line":38,"column":4}},"16":{"start":{"line":10,"column":13},"end":{"line":10,"column":43}}},"fnMap":{"0":{"name":"(anonymous_9)","decl":{"start":{"line":10,"column":43},"end":{"line":10,"column":44}},"loc":{"start":{"line":10,"column":77},"end":{"line":39,"column":1}}},"1":{"name":"(anonymous_10)","decl":{"start":{"line":11,"column":12},"end":{"line":11,"column":15}},"loc":{"start":{"line":11,"column":17},"end":{"line":27,"column":3}}},"2":{"name":"(anonymous_11)","decl":{"start":{"line":12,"column":25},"end":{"line":12,"column":26}},"loc":{"start":{"line":12,"column":50},"end":{"line":16,"column":5}}},"3":{"name":"(anonymous_12)","decl":{"start":{"line":23,"column":11},"end":{"line":23,"column":14}},"loc":{"start":{"line":23,"column":16},"end":{"line":26,"column":5}}}},"branchMap":{"0":{"loc":{"start":{"line":13,"column":6},"end":{"line":15,"column":7}},"type":"if","locations":[{"start":{"line":13,"column":6},"end":{"line":15,"column":7}},{"start":{},"end":{}}]},"1":{"loc":{"start":{"line":18,"column":4},"end":{"line":21,"column":5}},"type":"if","locations":[{"start":{"line":18,"column":4},"end":{"line":21,"column":5}},{"start":{},"end":{}}]},"2":{"loc":{"start":{"line":29,"column":2},"end":{"line":29,"column":27}},"type":"if","locations":[{"start":{"line":29,"column":2},"end":{"line":29,"column":27}},{"start":{},"end":{}}]}},"s":{"0":3,"1":3,"2":3,"3":2,"4":2,"5":0,"6":0,"7":2,"8":2,"9":2,"10":2,"11":2,"12":2,"13":2,"14":0,"15":2,"16":3},"f":{"0":2,"1":2,"2":0,"3":2},"b":{"0":[0,0],"1":[2,0],"2":[0,2]}}
,"/Users/michael/pm-tools-templates/PM Tools Templates - Q3 2025 Delivery Cycle/Implementation/template-selector/src/components/Pagination.tsx": {"path":"/Users/michael/pm-tools-templates/PM Tools Templates - Q3 2025 Delivery Cycle/Implementation/template-selector/src/components/Pagination.tsx","statementMap":{"0":{"start":{"line":1,"column":0},"end":{"line":1,"column":26}},"1":{"start":{"line":2,"column":0},"end":{"line":2,"column":26}},"2":{"start":{"line":10,"column":53},"end":{"line":83,"column":1}},"3":{"start":{"line":15,"column":28},"end":{"line":48,"column":3}},"4":{"start":{"line":16,"column":18},"end":{"line":16,"column":20}},"5":{"start":{"line":17,"column":28},"end":{"line":17,"column":29}},"6":{"start":{"line":19,"column":4},"end":{"line":45,"column":5}},"7":{"start":{"line":20,"column":6},"end":{"line":22,"column":7}},"8":{"start":{"line":20,"column":19},"end":{"line":20,"column":20}},"9":{"start":{"line":21,"column":8},"end":{"line":21,"column":22}},"10":{"start":{"line":24,"column":6},"end":{"line":44,"column":7}},"11":{"start":{"line":25,"column":8},"end":{"line":27,"column":9}},"12":{"start":{"line":25,"column":21},"end":{"line":25,"column":22}},"13":{"start":{"line":26,"column":10},"end":{"line":26,"column":24}},"14":{"start":{"line":28,"column":8},"end":{"line":28,"column":26}},"15":{"start":{"line":29,"column":8},"end":{"line":29,"column":31}},"16":{"start":{"line":30,"column":13},"end":{"line":44,"column":7}},"17":{"start":{"line":31,"column":8},"end":{"line":31,"column":22}},"18":{"start":{"line":32,"column":8},"end":{"line":32,"column":26}},"19":{"start":{"line":33,"column":8},"end":{"line":35,"column":9}},"20":{"start":{"line":33,"column":21},"end":{"line":33,"column":35}},"21":{"start":{"line":34,"column":10},"end":{"line":34,"column":24}},"22":{"start":{"line":37,"column":8},"end":{"line":37,"column":22}},"23":{"start":{"line":38,"column":8},"end":{"line":38,"column":26}},"24":{"start":{"line":39,"column":8},"end":{"line":41,"column":9}},"25":{"start":{"line":39,"column":21},"end":{"line":39,"column":36}},"26":{"start":{"line":40,"column":10},"end":{"line":40,"column":24}},"27":{"start":{"line":42,"column":8},"end":{"line":42,"column":26}},"28":{"start":{"line":43,"column":8},"end":{"line":43,"column":31}},"29":{"start":{"line":47,"column":4},"end":{"line":47,"column":17}},"30":{"start":{"line":50,"column":2},"end":{"line":82,"column":4}},"31":{"start":{"line":54,"column":23},"end":{"line":54,"column":52}},"32":{"start":{"line":61,"column":8},"end":{"line":62,"column":null}},"33":{"start":{"line":66,"column":26},"end":{"line":66,"column":78}},"34":{"start":{"line":75,"column":23},"end":{"line":75,"column":52}},"35":{"start":{"line":10,"column":13},"end":{"line":10,"column":53}}},"fnMap":{"0":{"name":"(anonymous_1)","decl":{"start":{"line":10,"column":53},"end":{"line":10,"column":54}},"loc":{"start":{"line":14,"column":5},"end":{"line":83,"column":1}}},"1":{"name":"(anonymous_2)","decl":{"start":{"line":15,"column":28},"end":{"line":15,"column":31}},"loc":{"start":{"line":15,"column":33},"end":{"line":48,"column":3}}},"2":{"name":"(anonymous_3)","decl":{"start":{"line":54,"column":17},"end":{"line":54,"column":20}},"loc":{"start":{"line":54,"column":23},"end":{"line":54,"column":52}}},"3":{"name":"(anonymous_4)","decl":{"start":{"line":60,"column":31},"end":{"line":60,"column":32}},"loc":{"start":{"line":61,"column":8},"end":{"line":62,"column":null}}},"4":{"name":"(anonymous_5)","decl":{"start":{"line":66,"column":19},"end":{"line":66,"column":22}},"loc":{"start":{"line":66,"column":26},"end":{"line":66,"column":78}}},"5":{"name":"(anonymous_6)","decl":{"start":{"line":75,"column":17},"end":{"line":75,"column":20}},"loc":{"start":{"line":75,"column":23},"end":{"line":75,"column":52}}}},"branchMap":{"0":{"loc":{"start":{"line":19,"column":4},"end":{"line":45,"column":5}},"type":"if","locations":[{"start":{"line":19,"column":4},"end":{"line":45,"column":5}},{"start":{"line":23,"column":11},"end":{"line":45,"column":5}}]},"1":{"loc":{"start":{"line":24,"column":6},"end":{"line":44,"column":7}},"type":"if","locations":[{"start":{"line":24,"column":6},"end":{"line":44,"column":7}},{"start":{"line":30,"column":13},"end":{"line":44,"column":7}}]},"2":{"loc":{"start":{"line":30,"column":13},"end":{"line":44,"column":7}},"type":"if","locations":[{"start":{"line":30,"column":13},"end":{"line":44,"column":7}},{"start":{"line":36,"column":13},"end":{"line":44,"column":7}}]},"3":{"loc":{"start":{"line":64,"column":12},"end":{"line":64,"column":null}},"type":"cond-expr","locations":[{"start":{"line":64,"column":35},"end":{"line":64,"column":43}},{"start":{"line":64,"column":46},"end":{"line":64,"column":null}}]},"4":{"loc":{"start":{"line":65,"column":14},"end":{"line":65,"column":42}},"type":"cond-expr","locations":[{"start":{"line":65,"column":31},"end":{"line":65,"column":37}},{"start":{"line":65,"column":40},"end":{"line":65,"column":42}}]},"5":{"loc":{"start":{"line":66,"column":26},"end":{"line":66,"column":78}},"type":"cond-expr","locations":[{"start":{"line":66,"column":53},"end":{"line":66,"column":71}},{"start":{"line":66,"column":74},"end":{"line":66,"column":78}}]},"6":{"loc":{"start":{"line":68,"column":24},"end":{"line":68,"column":65}},"type":"cond-expr","locations":[{"start":{"line":68,"column":47},"end":{"line":68,"column":53}},{"start":{"line":68,"column":56},"end":{"line":68,"column":65}}]}},"s":{"0":4,"1":4,"2":4,"3":21,"4":21,"5":21,"6":21,"7":18,"8":18,"9":78,"10":3,"11":0,"12":0,"13":0,"14":0,"15":0,"16":3,"17":0,"18":0,"19":0,"20":0,"21":0,"22":3,"23":3,"24":3,"25":3,"26":9,"27":3,"28":3,"29":21,"30":21,"31":1,"32":99,"33":4,"34":1,"35":4},"f":{"0":21,"1":21,"2":1,"3":99,"4":4,"5":1},"b":{"0":[18,3],"1":[0,3],"2":[0,3],"3":[20,79],"4":[6,93],"5":[4,0],"6":[20,79]}}
,"/Users/michael/pm-tools-templates/PM Tools Templates - Q3 2025 Delivery Cycle/Implementation/template-selector/src/components/TemplateCardSkeleton.tsx": {"path":"/Users/michael/pm-tools-templates/PM Tools Templates - Q3 2025 Delivery Cycle/Implementation/template-selector/src/components/TemplateCardSkeleton.tsx","statementMap":{"0":{"start":{"line":1,"column":0},"end":{"line":1,"column":26}},"1":{"start":{"line":2,"column":0},"end":{"line":2,"column":36}},"2":{"start":{"line":8,"column":73},"end":{"line":27,"column":1}},"3":{"start":{"line":9,"column":2},"end":{"line":26,"column":4}},"4":{"start":{"line":8,"column":13},"end":{"line":8,"column":73}}},"fnMap":{"0":{"name":"(anonymous_1)","decl":{"start":{"line":8,"column":73},"end":{"line":8,"column":74}},"loc":{"start":{"line":8,"column":87},"end":{"line":27,"column":1}}}},"branchMap":{},"s":{"0":3,"1":3,"2":3,"3":144,"4":3},"f":{"0":144},"b":{}}
,"/Users/michael/pm-tools-templates/PM Tools Templates - Q3 2025 Delivery Cycle/Implementation/template-selector/src/components/TemplatePreview.tsx": {"path":"/Users/michael/pm-tools-templates/PM Tools Templates - Q3 2025 Delivery Cycle/Implementation/template-selector/src/components/TemplatePreview.tsx","statementMap":{"0":{"start":{"line":1,"column":0},"end":{"line":1,"column":26}},"1":{"start":{"line":2,"column":0},"end":{"line":2,"column":31}},"2":{"start":{"line":35,"column":63},"end":{"line":127,"column":1}},"3":{"start":{"line":42,"column":2},"end":{"line":126,"column":4}},"4":{"start":{"line":95,"column":10},"end":{"line":95,"column":27}},"5":{"start":{"line":103,"column":25},"end":{"line":103,"column":43}},"6":{"start":{"line":110,"column":27},"end":{"line":110,"column":50}},"7":{"start":{"line":118,"column":27},"end":{"line":118,"column":47}},"8":{"start":{"line":35,"column":13},"end":{"line":35,"column":63}}},"fnMap":{"0":{"name":"(anonymous_1)","decl":{"start":{"line":35,"column":63},"end":{"line":35,"column":64}},"loc":{"start":{"line":41,"column":5},"end":{"line":127,"column":1}}},"1":{"name":"(anonymous_2)","decl":{"start":{"line":94,"column":32},"end":{"line":94,"column":33}},"loc":{"start":{"line":95,"column":10},"end":{"line":95,"column":27}}},"2":{"name":"(anonymous_3)","decl":{"start":{"line":103,"column":19},"end":{"line":103,"column":22}},"loc":{"start":{"line":103,"column":25},"end":{"line":103,"column":43}}},"3":{"name":"(anonymous_4)","decl":{"start":{"line":110,"column":21},"end":{"line":110,"column":24}},"loc":{"start":{"line":110,"column":27},"end":{"line":110,"column":50}}},"4":{"name":"(anonymous_5)","decl":{"start":{"line":118,"column":21},"end":{"line":118,"column":24}},"loc":{"start":{"line":118,"column":27},"end":{"line":118,"column":47}}}},"branchMap":{"0":{"loc":{"start":{"line":55,"column":13},"end":{"line":56,"column":null}},"type":"binary-expr","locations":[{"start":{"line":55,"column":13},"end":{"line":55,"column":42}},{"start":{"line":56,"column":14},"end":{"line":56,"column":84}}]},"1":{"loc":{"start":{"line":59,"column":11},"end":{"line":85,"column":null}},"type":"binary-expr","locations":[{"start":{"line":59,"column":11},"end":{"line":59,"column":28}},{"start":{"line":60,"column":12},"end":{"line":84,"column":null}}]},"2":{"loc":{"start":{"line":61,"column":15},"end":{"line":65,"column":null}},"type":"binary-expr","locations":[{"start":{"line":61,"column":15},"end":{"line":61,"column":39}},{"start":{"line":62,"column":16},"end":{"line":64,"column":null}}]},"3":{"loc":{"start":{"line":67,"column":15},"end":{"line":71,"column":null}},"type":"binary-expr","locations":[{"start":{"line":67,"column":15},"end":{"line":67,"column":44}},{"start":{"line":68,"column":16},"end":{"line":70,"column":null}}]},"4":{"loc":{"start":{"line":73,"column":15},"end":{"line":77,"column":null}},"type":"binary-expr","locations":[{"start":{"line":73,"column":15},"end":{"line":73,"column":40}},{"start":{"line":74,"column":16},"end":{"line":76,"column":null}}]},"5":{"loc":{"start":{"line":79,"column":15},"end":{"line":83,"column":null}},"type":"binary-expr","locations":[{"start":{"line":79,"column":15},"end":{"line":79,"column":57}},{"start":{"line":80,"column":16},"end":{"line":82,"column":null}}]},"6":{"loc":{"start":{"line":108,"column":9},"end":{"line":114,"column":null}},"type":"binary-expr","locations":[{"start":{"line":108,"column":9},"end":{"line":108,"column":19}},{"start":{"line":109,"column":10},"end":{"line":111,"column":null}}]},"7":{"loc":{"start":{"line":116,"column":9},"end":{"line":122,"column":null}},"type":"binary-expr","locations":[{"start":{"line":116,"column":9},"end":{"line":116,"column":16}},{"start":{"line":117,"column":10},"end":{"line":119,"column":null}}]}},"s":{"0":3,"1":3,"2":3,"3":2,"4":0,"5":0,"6":0,"7":0,"8":3},"f":{"0":2,"1":0,"2":0,"3":0,"4":0},"b":{"0":[2,0],"1":[2,0],"2":[0,0],"3":[0,0],"4":[0,0],"5":[0,0],"6":[2,0],"7":[2,0]}}
,"/Users/michael/pm-tools-templates/PM Tools Templates - Q3 2025 Delivery Cycle/Implementation/template-selector/src/components/TemplateSelector.tsx": {"path":"/Users/michael/pm-tools-templates/PM Tools Templates - Q3 2025 Delivery Cycle/Implementation/template-selector/src/components/TemplateSelector.tsx","statementMap":{"0":{"start":{"line":1,"column":0},"end":{"line":1,"column":59}},"1":{"start":{"line":3,"column":0},"end":{"line":3,"column":34}},"2":{"start":{"line":4,"column":0},"end":{"line":4,"column":44}},"3":{"start":{"line":5,"column":0},"end":{"line":5,"column":32}},"4":{"start":{"line":6,"column":0},"end":{"line":6,"column":50}},"5":{"start":{"line":7,"column":0},"end":{"line":7,"column":49}},"6":{"start":{"line":9,"column":0},"end":{"line":9,"column":32}},"7":{"start":{"line":10,"column":0},"end":{"line":10,"column":52}},"8":{"start":{"line":11,"column":0},"end":{"line":11,"column":62}},"9":{"start":{"line":12,"column":0},"end":{"line":12,"column":42}},"10":{"start":{"line":20,"column":58},"end":{"line":358,"column":1}},"11":{"start":{"line":21,"column":36},"end":{"line":21,"column":60}},"12":{"start":{"line":22,"column":32},"end":{"line":22,"column":47}},"13":{"start":{"line":23,"column":28},"end":{"line":23,"column":57}},"14":{"start":{"line":24,"column":50},"end":{"line":24,"column":81}},"15":{"start":{"line":25,"column":44},"end":{"line":25,"column":59}},"16":{"start":{"line":26,"column":52},"end":{"line":26,"column":67}},"17":{"start":{"line":27,"column":42},"end":{"line":27,"column":54}},"18":{"start":{"line":28,"column":40},"end":{"line":28,"column":52}},"19":{"start":{"line":29,"column":34},"end":{"line":29,"column":46}},"20":{"start":{"line":30,"column":38},"end":{"line":30,"column":97}},"21":{"start":{"line":31,"column":40},"end":{"line":31,"column":52}},"22":{"start":{"line":32,"column":58},"end":{"line":32,"column":70}},"23":{"start":{"line":33,"column":40},"end":{"line":33,"column":51}},"24":{"start":{"line":34,"column":23},"end":{"line":34,"column":24}},"25":{"start":{"line":35,"column":44},"end":{"line":35,"column":59}},"26":{"start":{"line":36,"column":48},"end":{"line":36,"column":79}},"27":{"start":{"line":37,"column":40},"end":{"line":37,"column":51}},"28":{"start":{"line":38,"column":23},"end":{"line":38,"column":60}},"29":{"start":{"line":39,"column":18},"end":{"line":39,"column":46}},"30":{"start":{"line":43,"column":2},"end":{"line":49,"column":5}},"31":{"start":{"line":44,"column":4},"end":{"line":48,"column":7}},"32":{"start":{"line":45,"column":23},"end":{"line":45,"column":70}},"33":{"start":{"line":46,"column":6},"end":{"line":46,"column":46}},"34":{"start":{"line":47,"column":6},"end":{"line":47,"column":22}},"35":{"start":{"line":51,"column":2},"end":{"line":57,"column":5}},"36":{"start":{"line":52,"column":4},"end":{"line":56,"column":7}},"37":{"start":{"line":53,"column":23},"end":{"line":53,"column":88}},"38":{"start":{"line":54,"column":6},"end":{"line":54,"column":46}},"39":{"start":{"line":55,"column":6},"end":{"line":55,"column":22}},"40":{"start":{"line":59,"column":2},"end":{"line":65,"column":5}},"41":{"start":{"line":60,"column":4},"end":{"line":64,"column":7}},"42":{"start":{"line":61,"column":23},"end":{"line":61,"column":65}},"43":{"start":{"line":62,"column":6},"end":{"line":62,"column":46}},"44":{"start":{"line":63,"column":6},"end":{"line":63,"column":22}},"45":{"start":{"line":67,"column":2},"end":{"line":73,"column":5}},"46":{"start":{"line":68,"column":4},"end":{"line":72,"column":7}},"47":{"start":{"line":69,"column":23},"end":{"line":69,"column":65}},"48":{"start":{"line":70,"column":6},"end":{"line":70,"column":46}},"49":{"start":{"line":71,"column":6},"end":{"line":71,"column":22}},"50":{"start":{"line":75,"column":2},"end":{"line":78,"column":5}},"51":{"start":{"line":76,"column":4},"end":{"line":76,"column":23}},"52":{"start":{"line":77,"column":4},"end":{"line":77,"column":37}},"53":{"start":{"line":80,"column":2},"end":{"line":84,"column":5}},"54":{"start":{"line":81,"column":22},"end":{"line":81,"column":42}},"55":{"start":{"line":82,"column":4},"end":{"line":82,"column":31}},"56":{"start":{"line":83,"column":4},"end":{"line":83,"column":45}},"57":{"start":{"line":86,"column":2},"end":{"line":90,"column":5}},"58":{"start":{"line":87,"column":4},"end":{"line":89,"column":5}},"59":{"start":{"line":88,"column":6},"end":{"line":88,"column":52}},"60":{"start":{"line":92,"column":2},"end":{"line":92,"column":53}},"61":{"start":{"line":92,"column":29},"end":{"line":92,"column":51}},"62":{"start":{"line":93,"column":2},"end":{"line":93,"column":51}},"63":{"start":{"line":93,"column":26},"end":{"line":93,"column":49}},"64":{"start":{"line":95,"column":24},"end":{"line":145,"column":3}},"65":{"start":{"line":96,"column":4},"end":{"line":144,"column":5}},"66":{"start":{"line":99,"column":28},"end":{"line":99,"column":87}},"67":{"start":{"line":100,"column":8},"end":{"line":102,"column":9}},"68":{"start":{"line":101,"column":10},"end":{"line":101,"column":30}},"69":{"start":{"line":103,"column":8},"end":{"line":103,"column":32}},"70":{"start":{"line":104,"column":8},"end":{"line":104,"column":14}},"71":{"start":{"line":107,"column":8},"end":{"line":107,"column":27}},"72":{"start":{"line":108,"column":8},"end":{"line":108,"column":24}},"73":{"start":{"line":109,"column":8},"end":{"line":109,"column":26}},"74":{"start":{"line":110,"column":8},"end":{"line":110,"column":27}},"75":{"start":{"line":111,"column":8},"end":{"line":111,"column":26}},"76":{"start":{"line":112,"column":8},"end":{"line":112,"column":32}},"77":{"start":{"line":113,"column":8},"end":{"line":113,"column":14}},"78":{"start":{"line":116,"column":8},"end":{"line":116,"column":85}},"79":{"start":{"line":116,"column":29},"end":{"line":116,"column":83}},"80":{"start":{"line":116,"column":54},"end":{"line":116,"column":82}},"81":{"start":{"line":117,"column":8},"end":{"line":117,"column":32}},"82":{"start":{"line":118,"column":8},"end":{"line":118,"column":14}},"83":{"start":{"line":121,"column":8},"end":{"line":121,"column":126}},"84":{"start":{"line":121,"column":29},"end":{"line":121,"column":124}},"85":{"start":{"line":121,"column":54},"end":{"line":121,"column":123}},"86":{"start":{"line":122,"column":8},"end":{"line":122,"column":32}},"87":{"start":{"line":123,"column":8},"end":{"line":123,"column":14}},"88":{"start":{"line":126,"column":8},"end":{"line":126,"column":40}},"89":{"start":{"line":127,"column":8},"end":{"line":127,"column":32}},"90":{"start":{"line":128,"column":8},"end":{"line":128,"column":14}},"91":{"start":{"line":130,"column":8},"end":{"line":130,"column":35}},"92":{"start":{"line":131,"column":8},"end":{"line":131,"column":32}},"93":{"start":{"line":132,"column":8},"end":{"line":132,"column":14}},"94":{"start":{"line":134,"column":8},"end":{"line":134,"column":35}},"95":{"start":{"line":135,"column":8},"end":{"line":135,"column":32}},"96":{"start":{"line":136,"column":8},"end":{"line":136,"column":14}},"97":{"start":{"line":139,"column":8},"end":{"line":139,"column":47}},"98":{"start":{"line":140,"column":8},"end":{"line":140,"column":32}},"99":{"start":{"line":141,"column":8},"end":{"line":141,"column":14}},"100":{"start":{"line":143,"column":8},"end":{"line":143,"column":51}},"101":{"start":{"line":148,"column":2},"end":{"line":154,"column":20}},"102":{"start":{"line":149,"column":18},"end":{"line":151,"column":11}},"103":{"start":{"line":150,"column":6},"end":{"line":150,"column":43}},"104":{"start":{"line":153,"column":4},"end":{"line":153,"column":37}},"105":{"start":{"line":153,"column":17},"end":{"line":153,"column":36}},"106":{"start":{"line":156,"column":2},"end":{"line":173,"column":9}},"107":{"start":{"line":157,"column":4},"end":{"line":157,"column":33}},"108":{"start":{"line":157,"column":26},"end":{"line":157,"column":33}},"109":{"start":{"line":159,"column":30},"end":{"line":165,"column":5}},"110":{"start":{"line":160,"column":6},"end":{"line":160,"column":35}},"111":{"start":{"line":160,"column":28},"end":{"line":160,"column":35}},"112":{"start":{"line":161,"column":24},"end":{"line":161,"column":69}},"113":{"start":{"line":162,"column":24},"end":{"line":162,"column":27}},"114":{"start":{"line":163,"column":25},"end":{"line":163,"column":58}},"115":{"start":{"line":164,"column":6},"end":{"line":164,"column":46}},"116":{"start":{"line":167,"column":27},"end":{"line":167,"column":64}},"117":{"start":{"line":168,"column":4},"end":{"line":168,"column":44}},"118":{"start":{"line":170,"column":4},"end":{"line":172,"column":6}},"119":{"start":{"line":171,"column":6},"end":{"line":171,"column":34}},"120":{"start":{"line":175,"column":2},"end":{"line":227,"column":91}},"121":{"start":{"line":176,"column":27},"end":{"line":224,"column":5}},"122":{"start":{"line":177,"column":6},"end":{"line":177,"column":23}},"123":{"start":{"line":178,"column":6},"end":{"line":178,"column":21}},"124":{"start":{"line":179,"column":6},"end":{"line":223,"column":7}},"125":{"start":{"line":181,"column":27},"end":{"line":181,"column":88}},"126":{"start":{"line":183,"column":8},"end":{"line":216,"column":9}},"127":{"start":{"line":185,"column":27},"end":{"line":198,"column":12}},"128":{"start":{"line":200,"column":10},"end":{"line":202,"column":11}},"129":{"start":{"line":201,"column":12},"end":{"line":201,"column":58}},"130":{"start":{"line":204,"column":23},"end":{"line":204,"column":44}},"131":{"start":{"line":205,"column":10},"end":{"line":205,"column":45}},"132":{"start":{"line":208,"column":27},"end":{"line":208,"column":98}},"133":{"start":{"line":210,"column":10},"end":{"line":212,"column":11}},"134":{"start":{"line":211,"column":12},"end":{"line":211,"column":57}},"135":{"start":{"line":214,"column":23},"end":{"line":214,"column":44}},"136":{"start":{"line":215,"column":10},"end":{"line":215,"column":45}},"137":{"start":{"line":218,"column":8},"end":{"line":218,"column":56}},"138":{"start":{"line":219,"column":8},"end":{"line":219,"column":75}},"139":{"start":{"line":220,"column":8},"end":{"line":220,"column":25}},"140":{"start":{"line":222,"column":8},"end":{"line":222,"column":26}},"141":{"start":{"line":226,"column":4},"end":{"line":226,"column":21}},"142":{"start":{"line":229,"column":31},"end":{"line":234,"column":3}},"143":{"start":{"line":230,"column":4},"end":{"line":230,"column":34}},"144":{"start":{"line":231,"column":4},"end":{"line":231,"column":33}},"145":{"start":{"line":232,"column":4},"end":{"line":232,"column":27}},"146":{"start":{"line":233,"column":4},"end":{"line":233,"column":23}},"147":{"start":{"line":236,"column":2},"end":{"line":256,"column":3}},"148":{"start":{"line":237,"column":4},"end":{"line":255,"column":6}},"149":{"start":{"line":240,"column":31},"end":{"line":240,"column":52}},"150":{"start":{"line":241,"column":33},"end":{"line":241,"column":73}},"151":{"start":{"line":242,"column":30},"end":{"line":242,"column":52}},"152":{"start":{"line":243,"column":24},"end":{"line":243,"column":53}},"153":{"start":{"line":250,"column":16},"end":{"line":250,"column":64}},"154":{"start":{"line":258,"column":2},"end":{"line":260,"column":3}},"155":{"start":{"line":259,"column":4},"end":{"line":259,"column":68}},"156":{"start":{"line":262,"column":2},"end":{"line":357,"column":4}},"157":{"start":{"line":265,"column":29},"end":{"line":265,"column":50}},"158":{"start":{"line":266,"column":31},"end":{"line":266,"column":71}},"159":{"start":{"line":267,"column":28},"end":{"line":267,"column":50}},"160":{"start":{"line":268,"column":22},"end":{"line":268,"column":51}},"161":{"start":{"line":275,"column":63},"end":{"line":275,"column":81}},"162":{"start":{"line":280,"column":53},"end":{"line":280,"column":71}},"163":{"start":{"line":285,"column":50},"end":{"line":285,"column":65}},"164":{"start":{"line":290,"column":52},"end":{"line":290,"column":69}},"165":{"start":{"line":299,"column":12},"end":{"line":300,"column":null}},"166":{"start":{"line":301,"column":26},"end":{"line":301,"column":58}},"167":{"start":{"line":305,"column":29},"end":{"line":305,"column":59}},"168":{"start":{"line":307,"column":16},"end":{"line":310,"column":17}},"169":{"start":{"line":308,"column":18},"end":{"line":308,"column":37}},"170":{"start":{"line":309,"column":18},"end":{"line":309,"column":49}},"171":{"start":{"line":314,"column":29},"end":{"line":314,"column":51}},"172":{"start":{"line":315,"column":28},"end":{"line":315,"column":47}},"173":{"start":{"line":343,"column":27},"end":{"line":343,"column":54}},"174":{"start":{"line":348,"column":55},"end":{"line":348,"column":78}},"175":{"start":{"line":351,"column":29},"end":{"line":351,"column":52}},"176":{"start":{"line":360,"column":0},"end":{"line":360,"column":32}}},"fnMap":{"0":{"name":"(anonymous_9)","decl":{"start":{"line":20,"column":58},"end":{"line":20,"column":59}},"loc":{"start":{"line":20,"column":75},"end":{"line":358,"column":1}}},"1":{"name":"(anonymous_10)","decl":{"start":{"line":43,"column":24},"end":{"line":43,"column":27}},"loc":{"start":{"line":43,"column":29},"end":{"line":49,"column":3}}},"2":{"name":"(anonymous_11)","decl":{"start":{"line":44,"column":20},"end":{"line":44,"column":24}},"loc":{"start":{"line":44,"column":27},"end":{"line":48,"column":5}}},"3":{"name":"(anonymous_12)","decl":{"start":{"line":51,"column":26},"end":{"line":51,"column":29}},"loc":{"start":{"line":51,"column":31},"end":{"line":57,"column":3}}},"4":{"name":"(anonymous_13)","decl":{"start":{"line":52,"column":20},"end":{"line":52,"column":24}},"loc":{"start":{"line":52,"column":27},"end":{"line":56,"column":5}}},"5":{"name":"(anonymous_14)","decl":{"start":{"line":59,"column":26},"end":{"line":59,"column":29}},"loc":{"start":{"line":59,"column":31},"end":{"line":65,"column":3}}},"6":{"name":"(anonymous_15)","decl":{"start":{"line":60,"column":20},"end":{"line":60,"column":24}},"loc":{"start":{"line":60,"column":27},"end":{"line":64,"column":5}}},"7":{"name":"(anonymous_16)","decl":{"start":{"line":67,"column":27},"end":{"line":67,"column":30}},"loc":{"start":{"line":67,"column":32},"end":{"line":73,"column":3}}},"8":{"name":"(anonymous_17)","decl":{"start":{"line":68,"column":20},"end":{"line":68,"column":24}},"loc":{"start":{"line":68,"column":27},"end":{"line":72,"column":5}}},"9":{"name":"(anonymous_18)","decl":{"start":{"line":75,"column":21},"end":{"line":75,"column":24}},"loc":{"start":{"line":75,"column":26},"end":{"line":78,"column":3}}},"10":{"name":"(anonymous_19)","decl":{"start":{"line":80,"column":20},"end":{"line":80,"column":23}},"loc":{"start":{"line":80,"column":25},"end":{"line":84,"column":3}}},"11":{"name":"(anonymous_20)","decl":{"start":{"line":86,"column":22},"end":{"line":86,"column":25}},"loc":{"start":{"line":86,"column":27},"end":{"line":90,"column":3}}},"12":{"name":"(anonymous_21)","decl":{"start":{"line":92,"column":23},"end":{"line":92,"column":26}},"loc":{"start":{"line":92,"column":29},"end":{"line":92,"column":51}}},"13":{"name":"(anonymous_22)","decl":{"start":{"line":93,"column":20},"end":{"line":93,"column":23}},"loc":{"start":{"line":93,"column":26},"end":{"line":93,"column":49}}},"14":{"name":"(anonymous_23)","decl":{"start":{"line":95,"column":24},"end":{"line":95,"column":25}},"loc":{"start":{"line":95,"column":44},"end":{"line":145,"column":3}}},"15":{"name":"(anonymous_24)","decl":{"start":{"line":116,"column":21},"end":{"line":116,"column":25}},"loc":{"start":{"line":116,"column":29},"end":{"line":116,"column":83}}},"16":{"name":"(anonymous_25)","decl":{"start":{"line":116,"column":44},"end":{"line":116,"column":45}},"loc":{"start":{"line":116,"column":54},"end":{"line":116,"column":82}}},"17":{"name":"(anonymous_26)","decl":{"start":{"line":121,"column":21},"end":{"line":121,"column":25}},"loc":{"start":{"line":121,"column":29},"end":{"line":121,"column":124}}},"18":{"name":"(anonymous_27)","decl":{"start":{"line":121,"column":44},"end":{"line":121,"column":45}},"loc":{"start":{"line":121,"column":54},"end":{"line":121,"column":123}}},"19":{"name":"(anonymous_28)","decl":{"start":{"line":148,"column":12},"end":{"line":148,"column":15}},"loc":{"start":{"line":148,"column":17},"end":{"line":154,"column":3}}},"20":{"name":"(anonymous_29)","decl":{"start":{"line":149,"column":29},"end":{"line":149,"column":32}},"loc":{"start":{"line":149,"column":34},"end":{"line":151,"column":5}}},"21":{"name":"(anonymous_30)","decl":{"start":{"line":153,"column":11},"end":{"line":153,"column":14}},"loc":{"start":{"line":153,"column":17},"end":{"line":153,"column":36}}},"22":{"name":"(anonymous_31)","decl":{"start":{"line":156,"column":12},"end":{"line":156,"column":15}},"loc":{"start":{"line":156,"column":17},"end":{"line":173,"column":3}}},"23":{"name":"(anonymous_32)","decl":{"start":{"line":159,"column":30},"end":{"line":159,"column":33}},"loc":{"start":{"line":159,"column":35},"end":{"line":165,"column":5}}},"24":{"name":"(anonymous_33)","decl":{"start":{"line":170,"column":11},"end":{"line":170,"column":14}},"loc":{"start":{"line":170,"column":16},"end":{"line":172,"column":5}}},"25":{"name":"(anonymous_34)","decl":{"start":{"line":175,"column":12},"end":{"line":175,"column":15}},"loc":{"start":{"line":175,"column":17},"end":{"line":227,"column":3}}},"26":{"name":"(anonymous_35)","decl":{"start":{"line":176,"column":27},"end":{"line":176,"column":32}},"loc":{"start":{"line":176,"column":38},"end":{"line":224,"column":5}}},"27":{"name":"(anonymous_36)","decl":{"start":{"line":229,"column":31},"end":{"line":229,"column":32}},"loc":{"start":{"line":229,"column":54},"end":{"line":234,"column":3}}},"28":{"name":"(anonymous_37)","decl":{"start":{"line":240,"column":20},"end":{"line":240,"column":21}},"loc":{"start":{"line":240,"column":31},"end":{"line":240,"column":52}}},"29":{"name":"(anonymous_38)","decl":{"start":{"line":241,"column":27},"end":{"line":241,"column":30}},"loc":{"start":{"line":241,"column":33},"end":{"line":241,"column":73}}},"30":{"name":"(anonymous_39)","decl":{"start":{"line":242,"column":24},"end":{"line":242,"column":27}},"loc":{"start":{"line":242,"column":30},"end":{"line":242,"column":52}}},"31":{"name":"(anonymous_40)","decl":{"start":{"line":243,"column":18},"end":{"line":243,"column":21}},"loc":{"start":{"line":243,"column":24},"end":{"line":243,"column":53}}},"32":{"name":"(anonymous_41)","decl":{"start":{"line":249,"column":19},"end":{"line":249,"column":20}},"loc":{"start":{"line":250,"column":16},"end":{"line":250,"column":64}}},"33":{"name":"(anonymous_42)","decl":{"start":{"line":265,"column":18},"end":{"line":265,"column":19}},"loc":{"start":{"line":265,"column":29},"end":{"line":265,"column":50}}},"34":{"name":"(anonymous_43)","decl":{"start":{"line":266,"column":25},"end":{"line":266,"column":28}},"loc":{"start":{"line":266,"column":31},"end":{"line":266,"column":71}}},"35":{"name":"(anonymous_44)","decl":{"start":{"line":267,"column":22},"end":{"line":267,"column":25}},"loc":{"start":{"line":267,"column":28},"end":{"line":267,"column":50}}},"36":{"name":"(anonymous_45)","decl":{"start":{"line":268,"column":16},"end":{"line":268,"column":19}},"loc":{"start":{"line":268,"column":22},"end":{"line":268,"column":51}}},"37":{"name":"(anonymous_46)","decl":{"start":{"line":275,"column":57},"end":{"line":275,"column":60}},"loc":{"start":{"line":275,"column":63},"end":{"line":275,"column":81}}},"38":{"name":"(anonymous_47)","decl":{"start":{"line":280,"column":47},"end":{"line":280,"column":50}},"loc":{"start":{"line":280,"column":53},"end":{"line":280,"column":71}}},"39":{"name":"(anonymous_48)","decl":{"start":{"line":285,"column":44},"end":{"line":285,"column":47}},"loc":{"start":{"line":285,"column":50},"end":{"line":285,"column":65}}},"40":{"name":"(anonymous_49)","decl":{"start":{"line":290,"column":46},"end":{"line":290,"column":49}},"loc":{"start":{"line":290,"column":52},"end":{"line":290,"column":69}}},"41":{"name":"(anonymous_50)","decl":{"start":{"line":298,"column":17},"end":{"line":298,"column":18}},"loc":{"start":{"line":299,"column":12},"end":{"line":300,"column":null}}},"42":{"name":"(anonymous_51)","decl":{"start":{"line":301,"column":19},"end":{"line":301,"column":21}},"loc":{"start":{"line":301,"column":26},"end":{"line":301,"column":58}}},"43":{"name":"(anonymous_52)","decl":{"start":{"line":305,"column":23},"end":{"line":305,"column":26}},"loc":{"start":{"line":305,"column":29},"end":{"line":305,"column":59}}},"44":{"name":"(anonymous_53)","decl":{"start":{"line":306,"column":25},"end":{"line":306,"column":26}},"loc":{"start":{"line":306,"column":31},"end":{"line":311,"column":15}}},"45":{"name":"(anonymous_54)","decl":{"start":{"line":314,"column":23},"end":{"line":314,"column":26}},"loc":{"start":{"line":314,"column":29},"end":{"line":314,"column":51}}},"46":{"name":"(anonymous_55)","decl":{"start":{"line":315,"column":22},"end":{"line":315,"column":25}},"loc":{"start":{"line":315,"column":28},"end":{"line":315,"column":47}}},"47":{"name":"(anonymous_56)","decl":{"start":{"line":343,"column":21},"end":{"line":343,"column":24}},"loc":{"start":{"line":343,"column":27},"end":{"line":343,"column":54}}},"48":{"name":"(anonymous_57)","decl":{"start":{"line":348,"column":49},"end":{"line":348,"column":52}},"loc":{"start":{"line":348,"column":55},"end":{"line":348,"column":78}}},"49":{"name":"(anonymous_58)","decl":{"start":{"line":351,"column":23},"end":{"line":351,"column":26}},"loc":{"start":{"line":351,"column":29},"end":{"line":351,"column":52}}}},"branchMap":{"0":{"loc":{"start":{"line":45,"column":23},"end":{"line":45,"column":70}},"type":"cond-expr","locations":[{"start":{"line":45,"column":45},"end":{"line":45,"column":63}},{"start":{"line":45,"column":66},"end":{"line":45,"column":70}}]},"1":{"loc":{"start":{"line":53,"column":23},"end":{"line":53,"column":88}},"type":"cond-expr","locations":[{"start":{"line":53,"column":63},"end":{"line":53,"column":81}},{"start":{"line":53,"column":84},"end":{"line":53,"column":88}}]},"2":{"loc":{"start":{"line":61,"column":23},"end":{"line":61,"column":65}},"type":"cond-expr","locations":[{"start":{"line":61,"column":34},"end":{"line":61,"column":42}},{"start":{"line":61,"column":45},"end":{"line":61,"column":65}}]},"3":{"loc":{"start":{"line":69,"column":23},"end":{"line":69,"column":65}},"type":"cond-expr","locations":[{"start":{"line":69,"column":53},"end":{"line":69,"column":61}},{"start":{"line":69,"column":64},"end":{"line":69,"column":65}}]},"4":{"loc":{"start":{"line":87,"column":4},"end":{"line":89,"column":5}},"type":"if","locations":[{"start":{"line":87,"column":4},"end":{"line":89,"column":5}},{"start":{},"end":{}}]},"5":{"loc":{"start":{"line":87,"column":8},"end":{"line":87,"column":60}},"type":"binary-expr","locations":[{"start":{"line":87,"column":8},"end":{"line":87,"column":25}},{"start":{"line":87,"column":29},"end":{"line":87,"column":60}}]},"6":{"loc":{"start":{"line":96,"column":4},"end":{"line":144,"column":5}},"type":"switch","locations":[{"start":{"line":97,"column":6},"end":{"line":104,"column":14}},{"start":{"line":105,"column":6},"end":{"line":113,"column":14}},{"start":{"line":114,"column":6},"end":{"line":118,"column":14}},{"start":{"line":119,"column":6},"end":{"line":123,"column":14}},{"start":{"line":124,"column":6},"end":{"line":128,"column":14}},{"start":{"line":129,"column":6},"end":{"line":132,"column":14}},{"start":{"line":133,"column":6},"end":{"line":136,"column":14}},{"start":{"line":137,"column":6},"end":{"line":141,"column":14}},{"start":{"line":142,"column":6},"end":{"line":143,"column":51}}]},"7":{"loc":{"start":{"line":100,"column":8},"end":{"line":102,"column":9}},"type":"if","locations":[{"start":{"line":100,"column":8},"end":{"line":102,"column":9}},{"start":{},"end":{}}]},"8":{"loc":{"start":{"line":157,"column":4},"end":{"line":157,"column":33}},"type":"if","locations":[{"start":{"line":157,"column":4},"end":{"line":157,"column":33}},{"start":{},"end":{}}]},"9":{"loc":{"start":{"line":160,"column":6},"end":{"line":160,"column":35}},"type":"if","locations":[{"start":{"line":160,"column":6},"end":{"line":160,"column":35}},{"start":{},"end":{}}]},"10":{"loc":{"start":{"line":181,"column":27},"end":{"line":181,"column":88}},"type":"binary-expr","locations":[{"start":{"line":181,"column":27},"end":{"line":181,"column":47}},{"start":{"line":181,"column":51},"end":{"line":181,"column":62}},{"start":{"line":181,"column":66},"end":{"line":181,"column":74}},{"start":{"line":181,"column":78},"end":{"line":181,"column":88}}]},"11":{"loc":{"start":{"line":183,"column":8},"end":{"line":216,"column":9}},"type":"if","locations":[{"start":{"line":183,"column":8},"end":{"line":216,"column":9}},{"start":{"line":206,"column":15},"end":{"line":216,"column":9}}]},"12":{"loc":{"start":{"line":192,"column":27},"end":{"line":192,"column":51}},"type":"binary-expr","locations":[{"start":{"line":192,"column":27},"end":{"line":192,"column":38}},{"start":{"line":192,"column":42},"end":{"line":192,"column":51}}]},"13":{"loc":{"start":{"line":193,"column":24},"end":{"line":193,"column":45}},"type":"binary-expr","locations":[{"start":{"line":193,"column":24},"end":{"line":193,"column":32}},{"start":{"line":193,"column":36},"end":{"line":193,"column":45}}]},"14":{"loc":{"start":{"line":194,"column":26},"end":{"line":194,"column":64}},"type":"binary-expr","locations":[{"start":{"line":194,"column":26},"end":{"line":194,"column":51}},{"start":{"line":194,"column":55},"end":{"line":194,"column":64}}]},"15":{"loc":{"start":{"line":200,"column":10},"end":{"line":202,"column":11}},"type":"if","locations":[{"start":{"line":200,"column":10},"end":{"line":202,"column":11}},{"start":{},"end":{}}]},"16":{"loc":{"start":{"line":205,"column":23},"end":{"line":205,"column":43}},"type":"binary-expr","locations":[{"start":{"line":205,"column":23},"end":{"line":205,"column":37}},{"start":{"line":205,"column":41},"end":{"line":205,"column":43}}]},"17":{"loc":{"start":{"line":210,"column":10},"end":{"line":212,"column":11}},"type":"if","locations":[{"start":{"line":210,"column":10},"end":{"line":212,"column":11}},{"start":{},"end":{}}]},"18":{"loc":{"start":{"line":215,"column":23},"end":{"line":215,"column":43}},"type":"binary-expr","locations":[{"start":{"line":215,"column":23},"end":{"line":215,"column":37}},{"start":{"line":215,"column":41},"end":{"line":215,"column":43}}]},"19":{"loc":{"start":{"line":219,"column":17},"end":{"line":219,"column":73}},"type":"cond-expr","locations":[{"start":{"line":219,"column":40},"end":{"line":219,"column":51}},{"start":{"line":219,"column":54},"end":{"line":219,"column":73}}]},"20":{"loc":{"start":{"line":236,"column":2},"end":{"line":256,"column":3}},"type":"if","locations":[{"start":{"line":236,"column":2},"end":{"line":256,"column":3}},{"start":{},"end":{}}]},"21":{"loc":{"start":{"line":258,"column":2},"end":{"line":260,"column":3}},"type":"if","locations":[{"start":{"line":258,"column":2},"end":{"line":260,"column":3}},{"start":{},"end":{}}]},"22":{"loc":{"start":{"line":271,"column":9},"end":{"line":293,"column":null}},"type":"binary-expr","locations":[{"start":{"line":271,"column":10},"end":{"line":271,"column":21}},{"start":{"line":271,"column":25},"end":{"line":271,"column":33}},{"start":{"line":271,"column":37},"end":{"line":271,"column":47}},{"start":{"line":271,"column":51},"end":{"line":271,"column":62}},{"start":{"line":272,"column":10},"end":{"line":292,"column":null}}]},"23":{"loc":{"start":{"line":273,"column":13},"end":{"line":276,"column":null}},"type":"binary-expr","locations":[{"start":{"line":273,"column":13},"end":{"line":273,"column":24}},{"start":{"line":274,"column":14},"end":{"line":275,"column":null}}]},"24":{"loc":{"start":{"line":278,"column":13},"end":{"line":281,"column":null}},"type":"binary-expr","locations":[{"start":{"line":278,"column":13},"end":{"line":278,"column":24}},{"start":{"line":279,"column":14},"end":{"line":280,"column":null}}]},"25":{"loc":{"start":{"line":283,"column":13},"end":{"line":286,"column":null}},"type":"binary-expr","locations":[{"start":{"line":283,"column":13},"end":{"line":283,"column":21}},{"start":{"line":284,"column":14},"end":{"line":285,"column":null}}]},"26":{"loc":{"start":{"line":288,"column":13},"end":{"line":291,"column":null}},"type":"binary-expr","locations":[{"start":{"line":288,"column":13},"end":{"line":288,"column":23}},{"start":{"line":289,"column":14},"end":{"line":290,"column":null}}]},"27":{"loc":{"start":{"line":303,"column":16},"end":{"line":303,"column":null}},"type":"cond-expr","locations":[{"start":{"line":303,"column":55},"end":{"line":303,"column":65}},{"start":{"line":303,"column":68},"end":{"line":303,"column":null}}]},"28":{"loc":{"start":{"line":304,"column":18},"end":{"line":304,"column":57}},"type":"cond-expr","locations":[{"start":{"line":304,"column":43},"end":{"line":304,"column":52}},{"start":{"line":304,"column":55},"end":{"line":304,"column":57}}]},"29":{"loc":{"start":{"line":307,"column":16},"end":{"line":310,"column":17}},"type":"if","locations":[{"start":{"line":307,"column":16},"end":{"line":310,"column":17}},{"start":{},"end":{}}]},"30":{"loc":{"start":{"line":307,"column":20},"end":{"line":307,"column":54}},"type":"binary-expr","locations":[{"start":{"line":307,"column":20},"end":{"line":307,"column":37}},{"start":{"line":307,"column":41},"end":{"line":307,"column":54}}]},"31":{"loc":{"start":{"line":317,"column":28},"end":{"line":317,"column":83}},"type":"cond-expr","locations":[{"start":{"line":317,"column":67},"end":{"line":317,"column":73}},{"start":{"line":317,"column":76},"end":{"line":317,"column":83}}]},"32":{"loc":{"start":{"line":328,"column":9},"end":{"line":333,"column":null}},"type":"binary-expr","locations":[{"start":{"line":328,"column":9},"end":{"line":328,"column":40}},{"start":{"line":329,"column":10},"end":{"line":332,"column":null}}]},"33":{"loc":{"start":{"line":335,"column":9},"end":{"line":344,"column":null}},"type":"binary-expr","locations":[{"start":{"line":335,"column":9},"end":{"line":335,"column":26}},{"start":{"line":336,"column":10},"end":{"line":343,"column":null}}]},"34":{"loc":{"start":{"line":346,"column":9},"end":{"line":346,"column":70}},"type":"binary-expr","locations":[{"start":{"line":346,"column":9},"end":{"line":346,"column":22}},{"start":{"line":346,"column":26},"end":{"line":346,"column":70}}]},"35":{"loc":{"start":{"line":347,"column":9},"end":{"line":353,"column":null}},"type":"binary-expr","locations":[{"start":{"line":347,"column":9},"end":{"line":347,"column":22}},{"start":{"line":347,"column":26},"end":{"line":347,"column":41}},{"start":{"line":348,"column":10},"end":{"line":352,"column":null}}]}},"s":{"0":3,"1":3,"2":3,"3":3,"4":3,"5":3,"6":3,"7":3,"8":3,"9":3,"10":3,"11":66,"12":66,"13":66,"14":66,"15":66,"16":66,"17":66,"18":66,"19":66,"20":66,"21":66,"22":66,"23":66,"24":66,"25":66,"26":66,"27":66,"28":66,"29":66,"30":66,"31":0,"32":0,"33":0,"34":0,"35":66,"36":0,"37":0,"38":0,"39":0,"40":66,"41":0,"42":0,"43":0,"44":0,"45":66,"46":0,"47":0,"48":0,"49":0,"50":66,"51":0,"52":0,"53":66,"54":0,"55":0,"56":0,"57":66,"58":1,"59":1,"60":66,"61":0,"62":66,"63":0,"64":66,"65":0,"66":0,"67":0,"68":0,"69":0,"70":0,"71":0,"72":0,"73":0,"74":0,"75":0,"76":0,"77":0,"78":0,"79":0,"80":0,"81":0,"82":0,"83":0,"84":0,"85":0,"86":0,"87":0,"88":0,"89":0,"90":0,"91":0,"92":0,"93":0,"94":0,"95":0,"96":0,"97":0,"98":0,"99":0,"100":0,"101":66,"102":24,"103":1,"104":24,"105":24,"106":66,"107":24,"108":0,"109":24,"110":0,"111":0,"112":0,"113":0,"114":0,"115":0,"116":24,"117":24,"118":24,"119":24,"120":66,"121":24,"122":24,"123":24,"124":24,"125":24,"126":24,"127":0,"128":0,"129":0,"130":0,"131":0,"132":24,"133":24,"134":1,"135":23,"136":23,"137":1,"138":1,"139":1,"140":24,"141":24,"142":66,"143":3,"144":3,"145":3,"146":3,"147":66,"148":24,"149":0,"150":0,"151":0,"152":0,"153":144,"154":42,"155":1,"156":41,"157":0,"158":0,"159":0,"160":0,"161":0,"162":0,"163":0,"164":0,"165":19,"166":38,"167":1,"168":1,"169":1,"170":1,"171":1,"172":0,"173":0,"174":0,"175":0,"176":3},"f":{"0":66,"1":0,"2":0,"3":0,"4":0,"5":0,"6":0,"7":0,"8":0,"9":0,"10":0,"11":1,"12":0,"13":0,"14":0,"15":0,"16":0,"17":0,"18":0,"19":24,"20":1,"21":24,"22":24,"23":0,"24":24,"25":24,"26":24,"27":3,"28":0,"29":0,"30":0,"31":0,"32":144,"33":0,"34":0,"35":0,"36":0,"37":0,"38":0,"39":0,"40":0,"41":19,"42":38,"43":1,"44":1,"45":1,"46":0,"47":0,"48":0,"49":0},"b":{"0":[0,0],"1":[0,0],"2":[0,0],"3":[0,0],"4":[1,0],"5":[1,1],"6":[0,0,0,0,0,0,0,0,0],"7":[0,0],"8":[0,24],"9":[0,0],"10":[24,24,24,24],"11":[0,24],"12":[0,0],"13":[0,0],"14":[0,0],"15":[0,0],"16":[0,0],"17":[1,23],"18":[23,0],"19":[1,0],"20":[24,42],"21":[1,41],"22":[41,41,41,41,0],"23":[0,0],"24":[0,0],"25":[0,0],"26":[0,0],"27":[2,17],"28":[2,17],"29":[1,0],"30":[1,0],"31":[2,17],"32":[41,0],"33":[41,0],"34":[41,0],"35":[41,2,2]}}
,"/Users/michael/pm-tools-templates/PM Tools Templates - Q3 2025 Delivery Cycle/Implementation/template-selector/src/components/__tests__/TemplatePreview.test.tsx": {"path":"/Users/michael/pm-tools-templates/PM Tools Templates - Q3 2025 Delivery Cycle/Implementation/template-selector/src/components/__tests__/TemplatePreview.test.tsx","statementMap":{"0":{"start":{"line":1,"column":0},"end":{"line":1,"column":26}},"1":{"start":{"line":2,"column":0},"end":{"line":2,"column":67}},"2":{"start":{"line":3,"column":0},"end":{"line":3,"column":35}},"3":{"start":{"line":4,"column":0},"end":{"line":4,"column":53}},"4":{"start":{"line":6,"column":21},"end":{"line":26,"column":2}},"5":{"start":{"line":28,"column":0},"end":{"line":141,"column":3}},"6":{"start":{"line":29,"column":22},"end":{"line":29,"column":31}},"7":{"start":{"line":30,"column":20},"end":{"line":30,"column":29}},"8":{"start":{"line":31,"column":25},"end":{"line":31,"column":34}},"9":{"start":{"line":32,"column":22},"end":{"line":32,"column":31}},"10":{"start":{"line":34,"column":2},"end":{"line":36,"column":5}},"11":{"start":{"line":35,"column":4},"end":{"line":35,"column":25}},"12":{"start":{"line":38,"column":2},"end":{"line":67,"column":5}},"13":{"start":{"line":39,"column":4},"end":{"line":47,"column":6}},"14":{"start":{"line":50,"column":4},"end":{"line":50,"column":66}},"15":{"start":{"line":51,"column":4},"end":{"line":51,"column":71}},"16":{"start":{"line":54,"column":4},"end":{"line":54,"column":58}},"17":{"start":{"line":55,"column":4},"end":{"line":55,"column":61}},"18":{"start":{"line":56,"column":4},"end":{"line":56,"column":65}},"19":{"start":{"line":59,"column":4},"end":{"line":59,"column":64}},"20":{"start":{"line":60,"column":4},"end":{"line":60,"column":63}},"21":{"start":{"line":61,"column":4},"end":{"line":61,"column":58}},"22":{"start":{"line":62,"column":4},"end":{"line":62,"column":56}},"23":{"start":{"line":65,"column":4},"end":{"line":65,"column":65}},"24":{"start":{"line":66,"column":4},"end":{"line":66,"column":73}},"25":{"start":{"line":69,"column":2},"end":{"line":95,"column":5}},"26":{"start":{"line":70,"column":4},"end":{"line":78,"column":6}},"27":{"start":{"line":81,"column":4},"end":{"line":81,"column":76}},"28":{"start":{"line":82,"column":4},"end":{"line":82,"column":49}},"29":{"start":{"line":85,"column":4},"end":{"line":85,"column":75}},"30":{"start":{"line":86,"column":4},"end":{"line":86,"column":48}},"31":{"start":{"line":89,"column":4},"end":{"line":89,"column":71}},"32":{"start":{"line":90,"column":4},"end":{"line":90,"column":53}},"33":{"start":{"line":93,"column":4},"end":{"line":93,"column":68}},"34":{"start":{"line":94,"column":4},"end":{"line":94,"column":50}},"35":{"start":{"line":97,"column":2},"end":{"line":112,"column":5}},"36":{"start":{"line":98,"column":4},"end":{"line":104,"column":6}},"37":{"start":{"line":107,"column":4},"end":{"line":107,"column":86}},"38":{"start":{"line":110,"column":4},"end":{"line":110,"column":88}},"39":{"start":{"line":111,"column":4},"end":{"line":111,"column":85}},"40":{"start":{"line":114,"column":2},"end":{"line":140,"column":5}},"41":{"start":{"line":115,"column":36},"end":{"line":121,"column":6}},"42":{"start":{"line":123,"column":4},"end":{"line":129,"column":6}},"43":{"start":{"line":132,"column":4},"end":{"line":132,"column":66}},"44":{"start":{"line":133,"column":4},"end":{"line":133,"column":71}},"45":{"start":{"line":134,"column":4},"end":{"line":134,"column":58}},"46":{"start":{"line":135,"column":4},"end":{"line":135,"column":61}},"47":{"start":{"line":138,"column":4},"end":{"line":138,"column":65}},"48":{"start":{"line":139,"column":4},"end":{"line":139,"column":66}}},"fnMap":{"0":{"name":"(anonymous_1)","decl":{"start":{"line":28,"column":28},"end":{"line":28,"column":31}},"loc":{"start":{"line":28,"column":33},"end":{"line":141,"column":1}}},"1":{"name":"(anonymous_2)","decl":{"start":{"line":34,"column":13},"end":{"line":34,"column":16}},"loc":{"start":{"line":34,"column":18},"end":{"line":36,"column":3}}},"2":{"name":"(anonymous_3)","decl":{"start":{"line":38,"column":47},"end":{"line":38,"column":50}},"loc":{"start":{"line":38,"column":52},"end":{"line":67,"column":3}}},"3":{"name":"(anonymous_4)","decl":{"start":{"line":69,"column":40},"end":{"line":69,"column":43}},"loc":{"start":{"line":69,"column":45},"end":{"line":95,"column":3}}},"4":{"name":"(anonymous_5)","decl":{"start":{"line":97,"column":42},"end":{"line":97,"column":45}},"loc":{"start":{"line":97,"column":47},"end":{"line":112,"column":3}}},"5":{"name":"(anonymous_6)","decl":{"start":{"line":114,"column":42},"end":{"line":114,"column":45}},"loc":{"start":{"line":114,"column":47},"end":{"line":140,"column":3}}}},"branchMap":{},"s":{"0":0,"1":0,"2":0,"3":0,"4":0,"5":0,"6":0,"7":0,"8":0,"9":0,"10":0,"11":0,"12":0,"13":0,"14":0,"15":0,"16":0,"17":0,"18":0,"19":0,"20":0,"21":0,"22":0,"23":0,"24":0,"25":0,"26":0,"27":0,"28":0,"29":0,"30":0,"31":0,"32":0,"33":0,"34":0,"35":0,"36":0,"37":0,"38":0,"39":0,"40":0,"41":0,"42":0,"43":0,"44":0,"45":0,"46":0,"47":0,"48":0},"f":{"0":0,"1":0,"2":0,"3":0,"4":0,"5":0},"b":{}}
,"/Users/michael/pm-tools-templates/PM Tools Templates - Q3 2025 Delivery Cycle/Implementation/template-selector/src/hooks/useHotkeys.ts": {"path":"/Users/michael/pm-tools-templates/PM Tools Templates - Q3 2025 Delivery Cycle/Implementation/template-selector/src/hooks/useHotkeys.ts","statementMap":{"0":{"start":{"line":1,"column":0},"end":{"line":1,"column":34}},"1":{"start":{"line":6,"column":20},"end":{"line":13,"column":1}},"2":{"start":{"line":7,"column":16},"end":{"line":7,"column":47}},"3":{"start":{"line":8,"column":2},"end":{"line":12,"column":4}},"4":{"start":{"line":15,"column":26},"end":{"line":37,"column":1}},"5":{"start":{"line":16,"column":2},"end":{"line":36,"column":25}},"6":{"start":{"line":17,"column":19},"end":{"line":17,"column":38}},"7":{"start":{"line":19,"column":26},"end":{"line":32,"column":5}},"8":{"start":{"line":20,"column":18},"end":{"line":20,"column":37}},"9":{"start":{"line":21,"column":19},"end":{"line":21,"column":28}},"10":{"start":{"line":22,"column":19},"end":{"line":22,"column":28}},"11":{"start":{"line":24,"column":6},"end":{"line":31,"column":7}},"12":{"start":{"line":29,"column":8},"end":{"line":29,"column":27}},"13":{"start":{"line":30,"column":8},"end":{"line":30,"column":20}},"14":{"start":{"line":34,"column":4},"end":{"line":34,"column":54}},"15":{"start":{"line":35,"column":4},"end":{"line":35,"column":70}},"16":{"start":{"line":35,"column":17},"end":{"line":35,"column":69}},"17":{"start":{"line":15,"column":13},"end":{"line":15,"column":26}}},"fnMap":{"0":{"name":"(anonymous_0)","decl":{"start":{"line":6,"column":20},"end":{"line":6,"column":21}},"loc":{"start":{"line":6,"column":86},"end":{"line":13,"column":1}}},"1":{"name":"(anonymous_1)","decl":{"start":{"line":15,"column":26},"end":{"line":15,"column":27}},"loc":{"start":{"line":15,"column":65},"end":{"line":37,"column":1}}},"2":{"name":"(anonymous_2)","decl":{"start":{"line":16,"column":12},"end":{"line":16,"column":15}},"loc":{"start":{"line":16,"column":17},"end":{"line":36,"column":3}}},"3":{"name":"(anonymous_3)","decl":{"start":{"line":19,"column":26},"end":{"line":19,"column":27}},"loc":{"start":{"line":19,"column":47},"end":{"line":32,"column":5}}},"4":{"name":"(anonymous_4)","decl":{"start":{"line":35,"column":11},"end":{"line":35,"column":14}},"loc":{"start":{"line":35,"column":17},"end":{"line":35,"column":69}}}},"branchMap":{"0":{"loc":{"start":{"line":11,"column":10},"end":{"line":11,"column":54}},"type":"binary-expr","locations":[{"start":{"line":11,"column":10},"end":{"line":11,"column":31}},{"start":{"line":11,"column":35},"end":{"line":11,"column":54}}]},"1":{"loc":{"start":{"line":24,"column":6},"end":{"line":31,"column":7}},"type":"if","locations":[{"start":{"line":24,"column":6},"end":{"line":31,"column":7}},{"start":{},"end":{}}]},"2":{"loc":{"start":{"line":25,"column":8},"end":{"line":27,"column":28}},"type":"binary-expr","locations":[{"start":{"line":25,"column":8},"end":{"line":25,"column":26}},{"start":{"line":26,"column":8},"end":{"line":26,"column":28}},{"start":{"line":27,"column":8},"end":{"line":27,"column":28}}]}},"s":{"0":3,"1":3,"2":522,"3":522,"4":3,"5":594,"6":522,"7":522,"8":9,"9":9,"10":9,"11":9,"12":1,"13":1,"14":522,"15":522,"16":522,"17":3},"f":{"0":522,"1":594,"2":522,"3":9,"4":522},"b":{"0":[522,522],"1":[1,8],"2":[9,1,1]}}
,"/Users/michael/pm-tools-templates/PM Tools Templates - Q3 2025 Delivery Cycle/Implementation/template-selector/src/mocks/api.ts": {"path":"/Users/michael/pm-tools-templates/PM Tools Templates - Q3 2025 Delivery Cycle/Implementation/template-selector/src/mocks/api.ts","statementMap":{"0":{"start":{"line":4,"column":0},"end":{"line":4,"column":16}},"1":{"start":{"line":1,"column":0},"end":{"line":1,"column":44}},"2":{"start":{"line":5,"column":2},"end":{"line":5,"column":67}},"3":{"start":{"line":7,"column":2},"end":{"line":16,"column":3}},"4":{"start":{"line":8,"column":4},"end":{"line":8,"column":59}},"5":{"start":{"line":9,"column":4},"end":{"line":12,"column":7}},"6":{"start":{"line":13,"column":4},"end":{"line":13,"column":43}},"7":{"start":{"line":14,"column":4},"end":{"line":14,"column":50}},"8":{"start":{"line":15,"column":4},"end":{"line":15,"column":11}},"9":{"start":{"line":18,"column":2},"end":{"line":18,"column":61}},"10":{"start":{"line":19,"column":2},"end":{"line":19,"column":9}}},"fnMap":{"0":{"name":"apiMiddleware","decl":{"start":{"line":4,"column":16},"end":{"line":4,"column":29}},"loc":{"start":{"line":4,"column":115},"end":{"line":20,"column":1}}}},"branchMap":{"0":{"loc":{"start":{"line":7,"column":2},"end":{"line":16,"column":3}},"type":"if","locations":[{"start":{"line":7,"column":2},"end":{"line":16,"column":3}},{"start":{},"end":{}}]}},"s":{"0":0,"1":0,"2":0,"3":0,"4":0,"5":0,"6":0,"7":0,"8":0,"9":0,"10":0},"f":{"0":0},"b":{"0":[0,0]}}
,"/Users/michael/pm-tools-templates/PM Tools Templates - Q3 2025 Delivery Cycle/Implementation/template-selector/src/mocks/templates.ts": {"path":"/Users/michael/pm-tools-templates/PM Tools Templates - Q3 2025 Delivery Cycle/Implementation/template-selector/src/mocks/templates.ts","statementMap":{"0":{"start":{"line":3,"column":13},"end":{"line":39,"column":2}}},"fnMap":{},"branchMap":{},"s":{"0":0},"f":{},"b":{}}
,"/Users/michael/pm-tools-templates/PM Tools Templates - Q3 2025 Delivery Cycle/Implementation/template-selector/src/plugins/mockApi.ts": {"path":"/Users/michael/pm-tools-templates/PM Tools Templates - Q3 2025 Delivery Cycle/Implementation/template-selector/src/plugins/mockApi.ts","statementMap":{"0":{"start":{"line":4,"column":0},"end":{"line":4,"column":16}},"1":{"start":{"line":2,"column":0},"end":{"line":2,"column":51}},"2":{"start":{"line":5,"column":2},"end":{"line":17,"column":4}},"3":{"start":{"line":8,"column":6},"end":{"line":15,"column":9}},"4":{"start":{"line":9,"column":8},"end":{"line":13,"column":9}},"5":{"start":{"line":10,"column":10},"end":{"line":10,"column":60}},"6":{"start":{"line":11,"column":10},"end":{"line":11,"column":49}},"7":{"start":{"line":12,"column":10},"end":{"line":12,"column":17}},"8":{"start":{"line":14,"column":8},"end":{"line":14,"column":15}}},"fnMap":{"0":{"name":"mockApiPlugin","decl":{"start":{"line":4,"column":16},"end":{"line":4,"column":29}},"loc":{"start":{"line":4,"column":29},"end":{"line":18,"column":1}}},"1":{"name":"(anonymous_1)","decl":{"start":{"line":7,"column":4},"end":{"line":7,"column":19}},"loc":{"start":{"line":7,"column":26},"end":{"line":16,"column":5}}},"2":{"name":"(anonymous_2)","decl":{"start":{"line":8,"column":29},"end":{"line":8,"column":30}},"loc":{"start":{"line":8,"column":48},"end":{"line":15,"column":7}}}},"branchMap":{"0":{"loc":{"start":{"line":9,"column":8},"end":{"line":13,"column":9}},"type":"if","locations":[{"start":{"line":9,"column":8},"end":{"line":13,"column":9}},{"start":{},"end":{}}]}},"s":{"0":0,"1":0,"2":0,"3":0,"4":0,"5":0,"6":0,"7":0,"8":0},"f":{"0":0,"1":0,"2":0},"b":{"0":[0,0]}}
,"/Users/michael/pm-tools-templates/PM Tools Templates - Q3 2025 Delivery Cycle/Implementation/template-selector/src/services/templateService.ts": {"path":"/Users/michael/pm-tools-templates/PM Tools Templates - Q3 2025 Delivery Cycle/Implementation/template-selector/src/services/templateService.ts","statementMap":{"0":{"start":{"line":3,"column":21},"end":{"line":3,"column":65}},"1":{"start":{"line":11,"column":21},"end":{"line":21,"column":6}},"2":{"start":{"line":23,"column":4},"end":{"line":25,"column":5}},"3":{"start":{"line":24,"column":6},"end":{"line":24,"column":52}},"4":{"start":{"line":27,"column":4},"end":{"line":27,"column":27}},"5":{"start":{"line":31,"column":21},"end":{"line":31,"column":70}},"6":{"start":{"line":33,"column":4},"end":{"line":35,"column":5}},"7":{"start":{"line":34,"column":6},"end":{"line":34,"column":59}},"8":{"start":{"line":37,"column":4},"end":{"line":37,"column":27}},"9":{"start":{"line":41,"column":21},"end":{"line":41,"column":67}},"10":{"start":{"line":43,"column":4},"end":{"line":45,"column":5}},"11":{"start":{"line":44,"column":6},"end":{"line":44,"column":50}},"12":{"start":{"line":47,"column":4},"end":{"line":47,"column":27}},"13":{"start":{"line":54,"column":21},"end":{"line":63,"column":6}},"14":{"start":{"line":65,"column":4},"end":{"line":67,"column":5}},"15":{"start":{"line":66,"column":6},"end":{"line":66,"column":63}},"16":{"start":{"line":69,"column":4},"end":{"line":69,"column":27}},"17":{"start":{"line":77,"column":21},"end":{"line":86,"column":6}},"18":{"start":{"line":88,"column":4},"end":{"line":90,"column":5}},"19":{"start":{"line":89,"column":6},"end":{"line":89,"column":58}},"20":{"start":{"line":98,"column":21},"end":{"line":98,"column":81}},"21":{"start":{"line":100,"column":4},"end":{"line":102,"column":5}},"22":{"start":{"line":101,"column":6},"end":{"line":101,"column":61}},"23":{"start":{"line":104,"column":4},"end":{"line":104,"column":27}},"24":{"start":{"line":5,"column":0},"end":{"line":5,"column":13}}},"fnMap":{"0":{"name":"(anonymous_0)","decl":{"start":{"line":6,"column":2},"end":{"line":6,"column":8}},"loc":{"start":{"line":9,"column":25},"end":{"line":28,"column":3}}},"1":{"name":"(anonymous_1)","decl":{"start":{"line":30,"column":2},"end":{"line":30,"column":8}},"loc":{"start":{"line":30,"column":34},"end":{"line":38,"column":3}}},"2":{"name":"(anonymous_2)","decl":{"start":{"line":40,"column":2},"end":{"line":40,"column":8}},"loc":{"start":{"line":40,"column":41},"end":{"line":48,"column":3}}},"3":{"name":"(anonymous_3)","decl":{"start":{"line":50,"column":2},"end":{"line":50,"column":8}},"loc":{"start":{"line":52,"column":21},"end":{"line":70,"column":3}}},"4":{"name":"(anonymous_4)","decl":{"start":{"line":72,"column":2},"end":{"line":72,"column":8}},"loc":{"start":{"line":75,"column":21},"end":{"line":91,"column":3}}},"5":{"name":"(anonymous_5)","decl":{"start":{"line":93,"column":2},"end":{"line":93,"column":8}},"loc":{"start":{"line":93,"column":50},"end":{"line":105,"column":3}}}},"branchMap":{"0":{"loc":{"start":{"line":3,"column":21},"end":{"line":3,"column":65}},"type":"binary-expr","locations":[{"start":{"line":3,"column":21},"end":{"line":3,"column":55}},{"start":{"line":3,"column":59},"end":{"line":3,"column":65}}]},"1":{"loc":{"start":{"line":8,"column":4},"end":{"line":8,"column":20}},"type":"default-arg","locations":[{"start":{"line":8,"column":19},"end":{"line":8,"column":20}}]},"2":{"loc":{"start":{"line":9,"column":4},"end":{"line":9,"column":25}},"type":"default-arg","locations":[{"start":{"line":9,"column":23},"end":{"line":9,"column":25}}]},"3":{"loc":{"start":{"line":23,"column":4},"end":{"line":25,"column":5}},"type":"if","locations":[{"start":{"line":23,"column":4},"end":{"line":25,"column":5}},{"start":{},"end":{}}]},"4":{"loc":{"start":{"line":33,"column":4},"end":{"line":35,"column":5}},"type":"if","locations":[{"start":{"line":33,"column":4},"end":{"line":35,"column":5}},{"start":{},"end":{}}]},"5":{"loc":{"start":{"line":43,"column":4},"end":{"line":45,"column":5}},"type":"if","locations":[{"start":{"line":43,"column":4},"end":{"line":45,"column":5}},{"start":{},"end":{}}]},"6":{"loc":{"start":{"line":65,"column":4},"end":{"line":67,"column":5}},"type":"if","locations":[{"start":{"line":65,"column":4},"end":{"line":67,"column":5}},{"start":{},"end":{}}]},"7":{"loc":{"start":{"line":88,"column":4},"end":{"line":90,"column":5}},"type":"if","locations":[{"start":{"line":88,"column":4},"end":{"line":90,"column":5}},{"start":{},"end":{}}]},"8":{"loc":{"start":{"line":100,"column":4},"end":{"line":102,"column":5}},"type":"if","locations":[{"start":{"line":100,"column":4},"end":{"line":102,"column":5}},{"start":{},"end":{}}]}},"s":{"0":1,"1":2,"2":2,"3":1,"4":1,"5":0,"6":0,"7":0,"8":0,"9":2,"10":2,"11":1,"12":1,"13":2,"14":2,"15":1,"16":1,"17":2,"18":2,"19":1,"20":0,"21":0,"22":0,"23":0,"24":1},"f":{"0":2,"1":0,"2":2,"3":2,"4":2,"5":0},"b":{"0":[1,1],"1":[2],"2":[2],"3":[1,1],"4":[0,0],"5":[1,1],"6":[1,1],"7":[1,1],"8":[0,0]}}
,"/Users/michael/pm-tools-templates/PM Tools Templates - Q3 2025 Delivery Cycle/Implementation/template-selector/src/test-utils/commandPalette.ts": {"path":"/Users/michael/pm-tools-templates/PM Tools Templates - Q3 2025 Delivery Cycle/Implementation/template-selector/src/test-utils/commandPalette.ts","statementMap":{"0":{"start":{"line":1,"column":0},"end":{"line":1,"column":59}},"1":{"start":{"line":9,"column":13},"end":{"line":74,"column":2}},"2":{"start":{"line":11,"column":21},"end":{"line":16,"column":8}},"3":{"start":{"line":12,"column":24},"end":{"line":12,"column":78}},"4":{"start":{"line":14,"column":22},"end":{"line":14,"column":60}},"5":{"start":{"line":15,"column":8},"end":{"line":15,"column":48}},"6":{"start":{"line":17,"column":28},"end":{"line":18,"column":null}},"7":{"start":{"line":18,"column":6},"end":{"line":18,"column":53}},"8":{"start":{"line":20,"column":26},"end":{"line":22,"column":10}},"9":{"start":{"line":23,"column":24},"end":{"line":23,"column":51}},"10":{"start":{"line":24,"column":18},"end":{"line":24,"column":57}},"11":{"start":{"line":26,"column":4},"end":{"line":30,"column":6}},"12":{"start":{"line":34,"column":18},"end":{"line":34,"column":45}},"13":{"start":{"line":35,"column":16},"end":{"line":35,"column":60}},"14":{"start":{"line":37,"column":4},"end":{"line":39,"column":7}},"15":{"start":{"line":38,"column":6},"end":{"line":38,"column":40}},"16":{"start":{"line":41,"column":4},"end":{"line":41,"column":49}},"17":{"start":{"line":45,"column":18},"end":{"line":45,"column":45}},"18":{"start":{"line":46,"column":4},"end":{"line":46,"column":63}},"19":{"start":{"line":48,"column":4},"end":{"line":48,"column":49}},"20":{"start":{"line":52,"column":21},"end":{"line":52,"column":52}},"21":{"start":{"line":53,"column":4},"end":{"line":55,"column":5}},"22":{"start":{"line":54,"column":6},"end":{"line":54,"column":46}},"23":{"start":{"line":56,"column":4},"end":{"line":56,"column":49}},"24":{"start":{"line":60,"column":21},"end":{"line":61,"column":79}},"25":{"start":{"line":61,"column":24},"end":{"line":61,"column":78}},"26":{"start":{"line":62,"column":4},"end":{"line":64,"column":6}},"27":{"start":{"line":63,"column":6},"end":{"line":63,"column":53}},"28":{"start":{"line":68,"column":28},"end":{"line":68,"column":68}},"29":{"start":{"line":69,"column":4},"end":{"line":69,"column":41}},"30":{"start":{"line":70,"column":18},"end":{"line":70,"column":66}},"31":{"start":{"line":71,"column":4},"end":{"line":71,"column":62}},"32":{"start":{"line":72,"column":4},"end":{"line":72,"column":68}}},"fnMap":{"0":{"name":"(anonymous_0)","decl":{"start":{"line":10,"column":19},"end":{"line":10,"column":36}},"loc":{"start":{"line":10,"column":38},"end":{"line":31,"column":3}}},"1":{"name":"(anonymous_1)","decl":{"start":{"line":12,"column":14},"end":{"line":12,"column":20}},"loc":{"start":{"line":12,"column":24},"end":{"line":12,"column":78}}},"2":{"name":"(anonymous_2)","decl":{"start":{"line":13,"column":11},"end":{"line":13,"column":17}},"loc":{"start":{"line":13,"column":20},"end":{"line":16,"column":7}}},"3":{"name":"(anonymous_3)","decl":{"start":{"line":17,"column":65},"end":{"line":17,"column":71}},"loc":{"start":{"line":18,"column":6},"end":{"line":18,"column":53}}},"4":{"name":"(anonymous_4)","decl":{"start":{"line":33,"column":20},"end":{"line":33,"column":21}},"loc":{"start":{"line":33,"column":68},"end":{"line":42,"column":3}}},"5":{"name":"(anonymous_5)","decl":{"start":{"line":37,"column":42},"end":{"line":37,"column":45}},"loc":{"start":{"line":37,"column":47},"end":{"line":39,"column":5}}},"6":{"name":"(anonymous_6)","decl":{"start":{"line":44,"column":17},"end":{"line":44,"column":18}},"loc":{"start":{"line":44,"column":40},"end":{"line":49,"column":3}}},"7":{"name":"(anonymous_7)","decl":{"start":{"line":51,"column":17},"end":{"line":51,"column":18}},"loc":{"start":{"line":51,"column":42},"end":{"line":57,"column":3}}},"8":{"name":"(anonymous_8)","decl":{"start":{"line":59,"column":22},"end":{"line":59,"column":25}},"loc":{"start":{"line":59,"column":27},"end":{"line":65,"column":3}}},"9":{"name":"(anonymous_9)","decl":{"start":{"line":61,"column":14},"end":{"line":61,"column":20}},"loc":{"start":{"line":61,"column":24},"end":{"line":61,"column":78}}},"10":{"name":"(anonymous_10)","decl":{"start":{"line":62,"column":25},"end":{"line":62,"column":31}},"loc":{"start":{"line":63,"column":6},"end":{"line":63,"column":53}}},"11":{"name":"(anonymous_11)","decl":{"start":{"line":67,"column":25},"end":{"line":67,"column":26}},"loc":{"start":{"line":67,"column":49},"end":{"line":73,"column":3}}}},"branchMap":{"0":{"loc":{"start":{"line":15,"column":15},"end":{"line":15,"column":47}},"type":"binary-expr","locations":[{"start":{"line":15,"column":15},"end":{"line":15,"column":41}},{"start":{"line":15,"column":45},"end":{"line":15,"column":47}}]},"1":{"loc":{"start":{"line":20,"column":26},"end":{"line":22,"column":10}},"type":"cond-expr","locations":[{"start":{"line":21,"column":8},"end":{"line":21,"column":64}},{"start":{"line":22,"column":8},"end":{"line":22,"column":10}}]},"2":{"loc":{"start":{"line":24,"column":18},"end":{"line":24,"column":57}},"type":"binary-expr","locations":[{"start":{"line":24,"column":18},"end":{"line":24,"column":51}},{"start":{"line":24,"column":55},"end":{"line":24,"column":57}}]},"3":{"loc":{"start":{"line":33,"column":47},"end":{"line":33,"column":64}},"type":"default-arg","locations":[{"start":{"line":33,"column":63},"end":{"line":33,"column":64}}]},"4":{"loc":{"start":{"line":35,"column":16},"end":{"line":35,"column":60}},"type":"cond-expr","locations":[{"start":{"line":35,"column":37},"end":{"line":35,"column":46}},{"start":{"line":35,"column":49},"end":{"line":35,"column":60}}]},"5":{"loc":{"start":{"line":53,"column":4},"end":{"line":55,"column":5}},"type":"if","locations":[{"start":{"line":53,"column":4},"end":{"line":55,"column":5}},{"start":{},"end":{}}]},"6":{"loc":{"start":{"line":53,"column":8},"end":{"line":53,"column":59}},"type":"binary-expr","locations":[{"start":{"line":53,"column":8},"end":{"line":53,"column":25}},{"start":{"line":53,"column":29},"end":{"line":53,"column":59}}]}},"s":{"0":1,"1":1,"2":1,"3":1,"4":1,"5":1,"6":1,"7":1,"8":1,"9":1,"10":1,"11":1,"12":0,"13":0,"14":0,"15":0,"16":0,"17":1,"18":1,"19":1,"20":0,"21":0,"22":0,"23":0,"24":0,"25":0,"26":0,"27":0,"28":0,"29":0,"30":0,"31":0,"32":0},"f":{"0":1,"1":1,"2":1,"3":1,"4":0,"5":0,"6":1,"7":0,"8":0,"9":0,"10":0,"11":0},"b":{"0":[1,0],"1":[0,1],"2":[1,0],"3":[0],"4":[0,0],"5":[0,0],"6":[0,0]}}
}
