{"/Users/michael/pm-tools-templates/PM Tools Templates - Q3 2025 Delivery Cycle/Implementation/template-selector/src/main.tsx": {"path":"/Users/michael/pm-tools-templates/PM Tools Templates - Q3 2025 Delivery Cycle/Implementation/template-selector/src/main.tsx","statementMap":{"0":{"start":{"line":1,"column":0},"end":{"line":1,"column":26}},"1":{"start":{"line":2,"column":0},"end":{"line":2,"column":40}},"2":{"start":{"line":3,"column":0},"end":{"line":3,"column":61}},"3":{"start":{"line":4,"column":0},"end":{"line":4,"column":55}},"4":{"start":{"line":5,"column":0},"end":{"line":5,"column":21}},"5":{"start":{"line":7,"column":0},"end":{"line":13,"column":2}},"6":{"start":{"line":10,"column":48},"end":{"line":10,"column":82}}},"fnMap":{"0":{"name":"(anonymous_1)","decl":{"start":{"line":10,"column":34},"end":{"line":10,"column":35}},"loc":{"start":{"line":10,"column":48},"end":{"line":10,"column":82}}}},"branchMap":{},"s":{"0":0,"1":0,"2":0,"3":0,"4":0,"5":0,"6":0},"f":{"0":0},"b":{}}
,"/Users/michael/pm-tools-templates/PM Tools Templates - Q3 2025 Delivery Cycle/Implementation/template-selector/src/components/CommandPalette.tsx": {"path":"/Users/michael/pm-tools-templates/PM Tools Templates - Q3 2025 Delivery Cycle/Implementation/template-selector/src/components/CommandPalette.tsx","statementMap":{"0":{"start":{"line":1,"column":0},"end":{"line":1,"column":59}},"1":{"start":{"line":2,"column":0},"end":{"line":2,"column":48}},"2":{"start":{"line":3,"column":0},"end":{"line":3,"column":26}},"3":{"start":{"line":9,"column":61},"end":{"line":131,"column":1}},"4":{"start":{"line":10,"column":28},"end":{"line":10,"column":40}},"5":{"start":{"line":11,"column":44},"end":{"line":11,"column":55}},"6":{"start":{"line":12,"column":19},"end":{"line":12,"column":49}},"7":{"start":{"line":15,"column":19},"end":{"line":24,"column":4}},"8":{"start":{"line":28,"column":26},"end":{"line":34,"column":43}},"9":{"start":{"line":29,"column":4},"end":{"line":31,"column":5}},"10":{"start":{"line":30,"column":6},"end":{"line":30,"column":32}},"11":{"start":{"line":32,"column":4},"end":{"line":32,"column":39}},"12":{"start":{"line":33,"column":4},"end":{"line":33,"column":15}},"13":{"start":{"line":37,"column":27},"end":{"line":45,"column":6}},"14":{"start":{"line":39,"column":23},"end":{"line":40,"column":null}},"15":{"start":{"line":40,"column":8},"end":{"line":40,"column":65}},"16":{"start":{"line":42,"column":6},"end":{"line":44,"column":13}},"17":{"start":{"line":47,"column":2},"end":{"line":50,"column":9}},"18":{"start":{"line":49,"column":4},"end":{"line":49,"column":30}},"19":{"start":{"line":52,"column":24},"end":{"line":80,"column":3}},"20":{"start":{"line":53,"column":4},"end":{"line":79,"column":5}},"21":{"start":{"line":55,"column":8},"end":{"line":55,"column":27}},"22":{"start":{"line":56,"column":8},"end":{"line":61,"column":11}},"23":{"start":{"line":57,"column":28},"end":{"line":57,"column":36}},"24":{"start":{"line":58,"column":10},"end":{"line":58,"column":64}},"25":{"start":{"line":58,"column":52},"end":{"line":58,"column":64}},"26":{"start":{"line":59,"column":10},"end":{"line":59,"column":74}},"27":{"start":{"line":59,"column":53},"end":{"line":59,"column":74}},"28":{"start":{"line":60,"column":10},"end":{"line":60,"column":27}},"29":{"start":{"line":62,"column":8},"end":{"line":62,"column":14}},"30":{"start":{"line":64,"column":8},"end":{"line":64,"column":27}},"31":{"start":{"line":65,"column":8},"end":{"line":70,"column":11}},"32":{"start":{"line":66,"column":28},"end":{"line":66,"column":36}},"33":{"start":{"line":67,"column":10},"end":{"line":67,"column":41}},"34":{"start":{"line":67,"column":29},"end":{"line":67,"column":41}},"35":{"start":{"line":68,"column":10},"end":{"line":68,"column":74}},"36":{"start":{"line":68,"column":53},"end":{"line":68,"column":74}},"37":{"start":{"line":69,"column":10},"end":{"line":69,"column":27}},"38":{"start":{"line":71,"column":8},"end":{"line":71,"column":14}},"39":{"start":{"line":73,"column":8},"end":{"line":73,"column":27}},"40":{"start":{"line":74,"column":32},"end":{"line":74,"column":63}},"41":{"start":{"line":75,"column":8},"end":{"line":77,"column":9}},"42":{"start":{"line":76,"column":10},"end":{"line":76,"column":40}},"43":{"start":{"line":78,"column":8},"end":{"line":78,"column":14}},"44":{"start":{"line":82,"column":2},"end":{"line":130,"column":4}},"45":{"start":{"line":93,"column":27},"end":{"line":93,"column":51}},"46":{"start":{"line":105,"column":10},"end":{"line":125,"column":null}},"47":{"start":{"line":119,"column":29},"end":{"line":119,"column":50}},"48":{"start":{"line":9,"column":13},"end":{"line":9,"column":61}}},"fnMap":{"0":{"name":"(anonymous_9)","decl":{"start":{"line":9,"column":61},"end":{"line":9,"column":62}},"loc":{"start":{"line":9,"column":79},"end":{"line":131,"column":1}}},"1":{"name":"(anonymous_10)","decl":{"start":{"line":28,"column":42},"end":{"line":28,"column":43}},"loc":{"start":{"line":28,"column":59},"end":{"line":34,"column":3}}},"2":{"name":"(anonymous_11)","decl":{"start":{"line":38,"column":13},"end":{"line":38,"column":14}},"loc":{"start":{"line":38,"column":44},"end":{"line":45,"column":5}}},"3":{"name":"(anonymous_12)","decl":{"start":{"line":39,"column":46},"end":{"line":39,"column":53}},"loc":{"start":{"line":40,"column":8},"end":{"line":40,"column":65}}},"4":{"name":"(anonymous_13)","decl":{"start":{"line":47,"column":12},"end":{"line":47,"column":15}},"loc":{"start":{"line":47,"column":17},"end":{"line":50,"column":3}}},"5":{"name":"(anonymous_14)","decl":{"start":{"line":52,"column":24},"end":{"line":52,"column":25}},"loc":{"start":{"line":52,"column":51},"end":{"line":80,"column":3}}},"6":{"name":"(anonymous_15)","decl":{"start":{"line":56,"column":25},"end":{"line":56,"column":26}},"loc":{"start":{"line":56,"column":34},"end":{"line":61,"column":9}}},"7":{"name":"(anonymous_16)","decl":{"start":{"line":65,"column":25},"end":{"line":65,"column":26}},"loc":{"start":{"line":65,"column":34},"end":{"line":70,"column":9}}},"8":{"name":"(anonymous_17)","decl":{"start":{"line":93,"column":20},"end":{"line":93,"column":21}},"loc":{"start":{"line":93,"column":27},"end":{"line":93,"column":51}}},"9":{"name":"(anonymous_18)","decl":{"start":{"line":104,"column":30},"end":{"line":104,"column":31}},"loc":{"start":{"line":105,"column":10},"end":{"line":125,"column":null}}},"10":{"name":"(anonymous_19)","decl":{"start":{"line":119,"column":23},"end":{"line":119,"column":26}},"loc":{"start":{"line":119,"column":29},"end":{"line":119,"column":50}}}},"branchMap":{"0":{"loc":{"start":{"line":29,"column":4},"end":{"line":31,"column":5}},"type":"if","locations":[{"start":{"line":29,"column":4},"end":{"line":31,"column":5}},{"start":{},"end":{}}]},"1":{"loc":{"start":{"line":42,"column":13},"end":{"line":44,"column":12}},"type":"cond-expr","locations":[{"start":{"line":43,"column":10},"end":{"line":43,"column":60}},{"start":{"line":44,"column":10},"end":{"line":44,"column":12}}]},"2":{"loc":{"start":{"line":53,"column":4},"end":{"line":79,"column":5}},"type":"switch","locations":[{"start":{"line":54,"column":6},"end":{"line":62,"column":14}},{"start":{"line":63,"column":6},"end":{"line":71,"column":14}},{"start":{"line":72,"column":6},"end":{"line":78,"column":14}}]},"3":{"loc":{"start":{"line":58,"column":10},"end":{"line":58,"column":64}},"type":"if","locations":[{"start":{"line":58,"column":10},"end":{"line":58,"column":64}},{"start":{},"end":{}}]},"4":{"loc":{"start":{"line":59,"column":10},"end":{"line":59,"column":74}},"type":"if","locations":[{"start":{"line":59,"column":10},"end":{"line":59,"column":74}},{"start":{},"end":{}}]},"5":{"loc":{"start":{"line":67,"column":10},"end":{"line":67,"column":41}},"type":"if","locations":[{"start":{"line":67,"column":10},"end":{"line":67,"column":41}},{"start":{},"end":{}}]},"6":{"loc":{"start":{"line":68,"column":10},"end":{"line":68,"column":74}},"type":"if","locations":[{"start":{"line":68,"column":10},"end":{"line":68,"column":74}},{"start":{},"end":{}}]},"7":{"loc":{"start":{"line":75,"column":8},"end":{"line":77,"column":9}},"type":"if","locations":[{"start":{"line":75,"column":8},"end":{"line":77,"column":9}},{"start":{},"end":{}}]},"8":{"loc":{"start":{"line":105,"column":10},"end":{"line":125,"column":null}},"type":"cond-expr","locations":[{"start":{"line":106,"column":12},"end":{"line":107,"column":null}},{"start":{"line":114,"column":12},"end":{"line":115,"column":null}}]},"9":{"loc":{"start":{"line":116,"column":41},"end":{"line":116,"column":82}},"type":"cond-expr","locations":[{"start":{"line":116,"column":67},"end":{"line":116,"column":77}},{"start":{"line":116,"column":80},"end":{"line":116,"column":82}}]}},"s":{"0":5,"1":5,"2":5,"3":5,"4":17,"5":17,"6":17,"7":17,"8":17,"9":136,"10":85,"11":136,"12":136,"13":17,"14":85,"15":136,"16":85,"17":17,"18":10,"19":17,"20":7,"21":4,"22":4,"23":4,"24":4,"25":0,"26":4,"27":1,"28":3,"29":4,"30":1,"31":1,"32":1,"33":1,"34":0,"35":1,"36":1,"37":0,"38":1,"39":2,"40":2,"41":2,"42":1,"43":2,"44":17,"45":2,"46":197,"47":0,"48":5},"f":{"0":17,"1":136,"2":85,"3":136,"4":10,"5":7,"6":4,"7":1,"8":2,"9":197,"10":0},"b":{"0":[85,51],"1":[76,9],"2":[4,1,2],"3":[0,4],"4":[1,3],"5":[0,1],"6":[1,0],"7":[1,1],"8":[76,121],"9":[4,117]}}
,"/Users/michael/pm-tools-templates/PM Tools Templates - Q3 2025 Delivery Cycle/Implementation/template-selector/src/components/ErrorBoundary.tsx": {"path":"/Users/michael/pm-tools-templates/PM Tools Templates - Q3 2025 Delivery Cycle/Implementation/template-selector/src/components/ErrorBoundary.tsx","statementMap":{"0":{"start":{"line":1,"column":0},"end":{"line":1,"column":52}},"1":{"start":{"line":13,"column":4},"end":{"line":13,"column":17}},"2":{"start":{"line":14,"column":4},"end":{"line":14,"column":37}},"3":{"start":{"line":18,"column":4},"end":{"line":18,"column":30}},"4":{"start":{"line":22,"column":4},"end":{"line":22,"column":55}},"5":{"start":{"line":26,"column":4},"end":{"line":28,"column":5}},"6":{"start":{"line":27,"column":6},"end":{"line":27,"column":68}},"7":{"start":{"line":30,"column":4},"end":{"line":30,"column":31}},"8":{"start":{"line":34,"column":0},"end":{"line":34,"column":29}}},"fnMap":{"0":{"name":"(anonymous_9)","decl":{"start":{"line":12,"column":2},"end":{"line":12,"column":14}},"loc":{"start":{"line":12,"column":39},"end":{"line":15,"column":3}}},"1":{"name":"(anonymous_10)","decl":{"start":{"line":17,"column":2},"end":{"line":17,"column":8}},"loc":{"start":{"line":17,"column":42},"end":{"line":19,"column":3}}},"2":{"name":"(anonymous_11)","decl":{"start":{"line":21,"column":2},"end":{"line":21,"column":19}},"loc":{"start":{"line":21,"column":60},"end":{"line":23,"column":3}}},"3":{"name":"(anonymous_12)","decl":{"start":{"line":25,"column":2},"end":{"line":25,"column":8}},"loc":{"start":{"line":25,"column":8},"end":{"line":31,"column":3}}}},"branchMap":{"0":{"loc":{"start":{"line":26,"column":4},"end":{"line":28,"column":5}},"type":"if","locations":[{"start":{"line":26,"column":4},"end":{"line":28,"column":5}},{"start":{},"end":{}}]}},"s":{"0":2,"1":30,"2":29,"3":14,"4":7,"5":44,"6":15,"7":29,"8":2},"f":{"0":30,"1":14,"2":7,"3":44},"b":{"0":[15,29]}}
,"/Users/michael/pm-tools-templates/PM Tools Templates - Q3 2025 Delivery Cycle/Implementation/template-selector/src/components/FilterPanel.tsx": {"path":"/Users/michael/pm-tools-templates/PM Tools Templates - Q3 2025 Delivery Cycle/Implementation/template-selector/src/components/FilterPanel.tsx","statementMap":{"0":{"start":{"line":1,"column":0},"end":{"line":1,"column":26}},"1":{"start":{"line":2,"column":0},"end":{"line":2,"column":27}},"2":{"start":{"line":16,"column":55},"end":{"line":116,"column":1}},"3":{"start":{"line":25,"column":24},"end":{"line":25,"column":56}},"4":{"start":{"line":26,"column":41},"end":{"line":26,"column":81}},"5":{"start":{"line":27,"column":21},"end":{"line":31,"column":4}},"6":{"start":{"line":33,"column":2},"end":{"line":115,"column":4}},"7":{"start":{"line":50,"column":10},"end":{"line":50,"column":33}},"8":{"start":{"line":55,"column":29},"end":{"line":55,"column":61}},"9":{"start":{"line":63,"column":18},"end":{"line":63,"column":40}},"10":{"start":{"line":67,"column":38},"end":{"line":67,"column":64}},"11":{"start":{"line":82,"column":14},"end":{"line":83,"column":null}},"12":{"start":{"line":87,"column":31},"end":{"line":87,"column":61}},"13":{"start":{"line":105,"column":12},"end":{"line":105,"column":36}},"14":{"start":{"line":106,"column":12},"end":{"line":106,"column":33}},"15":{"start":{"line":107,"column":12},"end":{"line":107,"column":49}},"16":{"start":{"line":16,"column":13},"end":{"line":16,"column":55}}},"fnMap":{"0":{"name":"(anonymous_1)","decl":{"start":{"line":16,"column":55},"end":{"line":16,"column":56}},"loc":{"start":{"line":24,"column":5},"end":{"line":116,"column":1}}},"1":{"name":"(anonymous_2)","decl":{"start":{"line":49,"column":27},"end":{"line":49,"column":28}},"loc":{"start":{"line":50,"column":10},"end":{"line":50,"column":33}}},"2":{"name":"(anonymous_3)","decl":{"start":{"line":55,"column":23},"end":{"line":55,"column":26}},"loc":{"start":{"line":55,"column":29},"end":{"line":55,"column":61}}},"3":{"name":"(anonymous_4)","decl":{"start":{"line":62,"column":72},"end":{"line":62,"column":73}},"loc":{"start":{"line":63,"column":18},"end":{"line":63,"column":40}}},"4":{"name":"(anonymous_5)","decl":{"start":{"line":67,"column":32},"end":{"line":67,"column":35}},"loc":{"start":{"line":67,"column":38},"end":{"line":67,"column":64}}},"5":{"name":"(anonymous_6)","decl":{"start":{"line":81,"column":34},"end":{"line":81,"column":35}},"loc":{"start":{"line":82,"column":14},"end":{"line":83,"column":null}}},"6":{"name":"(anonymous_7)","decl":{"start":{"line":87,"column":25},"end":{"line":87,"column":28}},"loc":{"start":{"line":87,"column":31},"end":{"line":87,"column":61}}},"7":{"name":"(anonymous_8)","decl":{"start":{"line":104,"column":19},"end":{"line":104,"column":22}},"loc":{"start":{"line":104,"column":24},"end":{"line":108,"column":11}}}},"branchMap":{"0":{"loc":{"start":{"line":53,"column":16},"end":{"line":53,"column":null}},"type":"cond-expr","locations":[{"start":{"line":53,"column":54},"end":{"line":53,"column":64}},{"start":{"line":53,"column":67},"end":{"line":53,"column":null}}]},"1":{"loc":{"start":{"line":60,"column":13},"end":{"line":72,"column":null}},"type":"binary-expr","locations":[{"start":{"line":60,"column":13},"end":{"line":60,"column":48}},{"start":{"line":61,"column":14},"end":{"line":71,"column":null}}]},"2":{"loc":{"start":{"line":85,"column":18},"end":{"line":85,"column":null}},"type":"cond-expr","locations":[{"start":{"line":85,"column":54},"end":{"line":85,"column":64}},{"start":{"line":85,"column":67},"end":{"line":85,"column":null}}]},"3":{"loc":{"start":{"line":92,"column":25},"end":{"line":92,"column":94}},"type":"cond-expr","locations":[{"start":{"line":92,"column":53},"end":{"line":92,"column":54}},{"start":{"line":92,"column":57},"end":{"line":92,"column":94}}]},"4":{"loc":{"start":{"line":92,"column":57},"end":{"line":92,"column":94}},"type":"cond-expr","locations":[{"start":{"line":92,"column":89},"end":{"line":92,"column":90}},{"start":{"line":92,"column":93},"end":{"line":92,"column":94}}]}},"s":{"0":4,"1":4,"2":4,"3":1,"4":1,"5":1,"6":1,"7":3,"8":0,"9":0,"10":0,"11":3,"12":0,"13":0,"14":0,"15":0,"16":4},"f":{"0":1,"1":3,"2":0,"3":0,"4":0,"5":3,"6":0,"7":0},"b":{"0":[0,3],"1":[3,0],"2":[0,3],"3":[1,2],"4":[1,1]}}
,"/Users/michael/pm-tools-templates/PM Tools Templates - Q3 2025 Delivery Cycle/Implementation/template-selector/src/components/Header.tsx": {"path":"/Users/michael/pm-tools-templates/PM Tools Templates - Q3 2025 Delivery Cycle/Implementation/template-selector/src/components/Header.tsx","statementMap":{"0":{"start":{"line":1,"column":0},"end":{"line":1,"column":59}},"1":{"start":{"line":2,"column":0},"end":{"line":2,"column":22}},"2":{"start":{"line":12,"column":45},"end":{"line":126,"column":1}},"3":{"start":{"line":19,"column":40},"end":{"line":19,"column":52}},"4":{"start":{"line":20,"column":36},"end":{"line":20,"column":51}},"5":{"start":{"line":21,"column":25},"end":{"line":21,"column":55}},"6":{"start":{"line":24,"column":2},"end":{"line":35,"column":9}},"7":{"start":{"line":25,"column":26},"end":{"line":31,"column":5}},"8":{"start":{"line":27,"column":6},"end":{"line":30,"column":7}},"9":{"start":{"line":28,"column":8},"end":{"line":28,"column":27}},"10":{"start":{"line":29,"column":8},"end":{"line":29,"column":40}},"11":{"start":{"line":33,"column":4},"end":{"line":33,"column":56}},"12":{"start":{"line":34,"column":4},"end":{"line":34,"column":72}},"13":{"start":{"line":34,"column":17},"end":{"line":34,"column":71}},"14":{"start":{"line":37,"column":29},"end":{"line":41,"column":3}},"15":{"start":{"line":38,"column":18},"end":{"line":38,"column":32}},"16":{"start":{"line":39,"column":4},"end":{"line":39,"column":26}},"17":{"start":{"line":40,"column":4},"end":{"line":40,"column":20}},"18":{"start":{"line":43,"column":28},"end":{"line":47,"column":3}},"19":{"start":{"line":44,"column":4},"end":{"line":44,"column":23}},"20":{"start":{"line":45,"column":4},"end":{"line":45,"column":17}},"21":{"start":{"line":46,"column":4},"end":{"line":46,"column":36}},"22":{"start":{"line":49,"column":26},"end":{"line":56,"column":3}},"23":{"start":{"line":50,"column":4},"end":{"line":55,"column":5}},"24":{"start":{"line":51,"column":6},"end":{"line":51,"column":20}},"25":{"start":{"line":54,"column":6},"end":{"line":54,"column":38}},"26":{"start":{"line":58,"column":2},"end":{"line":125,"column":4}},"27":{"start":{"line":69,"column":29},"end":{"line":69,"column":47}},"28":{"start":{"line":70,"column":28},"end":{"line":70,"column":47}},"29":{"start":{"line":12,"column":13},"end":{"line":12,"column":45}}},"fnMap":{"0":{"name":"(anonymous_9)","decl":{"start":{"line":12,"column":45},"end":{"line":12,"column":46}},"loc":{"start":{"line":18,"column":5},"end":{"line":126,"column":1}}},"1":{"name":"(anonymous_10)","decl":{"start":{"line":24,"column":12},"end":{"line":24,"column":15}},"loc":{"start":{"line":24,"column":17},"end":{"line":35,"column":3}}},"2":{"name":"(anonymous_11)","decl":{"start":{"line":25,"column":26},"end":{"line":25,"column":27}},"loc":{"start":{"line":25,"column":47},"end":{"line":31,"column":5}}},"3":{"name":"(anonymous_12)","decl":{"start":{"line":34,"column":11},"end":{"line":34,"column":14}},"loc":{"start":{"line":34,"column":17},"end":{"line":34,"column":71}}},"4":{"name":"(anonymous_13)","decl":{"start":{"line":37,"column":29},"end":{"line":37,"column":30}},"loc":{"start":{"line":37,"column":72},"end":{"line":41,"column":3}}},"5":{"name":"(anonymous_14)","decl":{"start":{"line":43,"column":28},"end":{"line":43,"column":31}},"loc":{"start":{"line":43,"column":33},"end":{"line":47,"column":3}}},"6":{"name":"(anonymous_15)","decl":{"start":{"line":49,"column":26},"end":{"line":49,"column":29}},"loc":{"start":{"line":49,"column":31},"end":{"line":56,"column":3}}},"7":{"name":"(anonymous_16)","decl":{"start":{"line":69,"column":23},"end":{"line":69,"column":26}},"loc":{"start":{"line":69,"column":29},"end":{"line":69,"column":47}}},"8":{"name":"(anonymous_17)","decl":{"start":{"line":70,"column":22},"end":{"line":70,"column":25}},"loc":{"start":{"line":70,"column":28},"end":{"line":70,"column":47}}}},"branchMap":{"0":{"loc":{"start":{"line":27,"column":6},"end":{"line":30,"column":7}},"type":"if","locations":[{"start":{"line":27,"column":6},"end":{"line":30,"column":7}},{"start":{},"end":{}}]},"1":{"loc":{"start":{"line":27,"column":10},"end":{"line":27,"column":51}},"type":"binary-expr","locations":[{"start":{"line":27,"column":11},"end":{"line":27,"column":20}},{"start":{"line":27,"column":24},"end":{"line":27,"column":33}},{"start":{"line":27,"column":38},"end":{"line":27,"column":51}}]},"2":{"loc":{"start":{"line":50,"column":4},"end":{"line":55,"column":5}},"type":"if","locations":[{"start":{"line":50,"column":4},"end":{"line":55,"column":5}},{"start":{"line":52,"column":11},"end":{"line":55,"column":5}}]},"3":{"loc":{"start":{"line":62,"column":52},"end":{"line":62,"column":78}},"type":"cond-expr","locations":[{"start":{"line":62,"column":64},"end":{"line":62,"column":73}},{"start":{"line":62,"column":76},"end":{"line":62,"column":78}}]},"4":{"loc":{"start":{"line":76,"column":13},"end":{"line":84,"column":null}},"type":"binary-expr","locations":[{"start":{"line":76,"column":13},"end":{"line":76,"column":24}},{"start":{"line":77,"column":14},"end":{"line":81,"column":null}}]},"5":{"loc":{"start":{"line":86,"column":13},"end":{"line":89,"column":null}},"type":"binary-expr","locations":[{"start":{"line":86,"column":13},"end":{"line":86,"column":22}},{"start":{"line":87,"column":14},"end":{"line":87,"column":null}}]}},"s":{"0":4,"1":4,"2":4,"3":46,"4":46,"5":46,"6":46,"7":20,"8":0,"9":0,"10":0,"11":20,"12":20,"13":20,"14":46,"15":0,"16":0,"17":0,"18":46,"19":0,"20":0,"21":0,"22":46,"23":0,"24":0,"25":0,"26":46,"27":0,"28":0,"29":4},"f":{"0":46,"1":20,"2":0,"3":20,"4":0,"5":0,"6":0,"7":0,"8":0},"b":{"0":[0,0],"1":[0,0,0],"2":[0,0],"3":[0,46],"4":[46,0],"5":[46,0]}}
,"/Users/michael/pm-tools-templates/PM Tools Templates - Q3 2025 Delivery Cycle/Implementation/template-selector/src/components/HighlightText.tsx": {"path":"/Users/michael/pm-tools-templates/PM Tools Templates - Q3 2025 Delivery Cycle/Implementation/template-selector/src/components/HighlightText.tsx","statementMap":{"0":{"start":{"line":1,"column":0},"end":{"line":1,"column":26}},"1":{"start":{"line":8,"column":59},"end":{"line":27,"column":1}},"2":{"start":{"line":9,"column":2},"end":{"line":11,"column":3}},"3":{"start":{"line":10,"column":4},"end":{"line":10,"column":31}},"4":{"start":{"line":13,"column":16},"end":{"line":13,"column":50}},"5":{"start":{"line":14,"column":16},"end":{"line":14,"column":33}},"6":{"start":{"line":16,"column":2},"end":{"line":26,"column":4}},"7":{"start":{"line":19,"column":8},"end":{"line":22,"column":null}},"8":{"start":{"line":8,"column":13},"end":{"line":8,"column":59}}},"fnMap":{"0":{"name":"(anonymous_1)","decl":{"start":{"line":8,"column":59},"end":{"line":8,"column":60}},"loc":{"start":{"line":8,"column":83},"end":{"line":27,"column":1}}},"1":{"name":"(anonymous_2)","decl":{"start":{"line":18,"column":17},"end":{"line":18,"column":18}},"loc":{"start":{"line":19,"column":8},"end":{"line":22,"column":null}}}},"branchMap":{"0":{"loc":{"start":{"line":9,"column":2},"end":{"line":11,"column":3}},"type":"if","locations":[{"start":{"line":9,"column":2},"end":{"line":11,"column":3}},{"start":{},"end":{}}]},"1":{"loc":{"start":{"line":19,"column":8},"end":{"line":22,"column":null}},"type":"cond-expr","locations":[{"start":{"line":20,"column":10},"end":{"line":20,"column":24}},{"start":{"line":22,"column":10},"end":{"line":22,"column":25}}]}},"s":{"0":5,"1":5,"2":121,"3":120,"4":1,"5":1,"6":1,"7":3,"8":5},"f":{"0":121,"1":3},"b":{"0":[120,1],"1":[1,2]}}
,"/Users/michael/pm-tools-templates/PM Tools Templates - Q3 2025 Delivery Cycle/Implementation/template-selector/src/components/Modal.tsx": {"path":"/Users/michael/pm-tools-templates/PM Tools Templates - Q3 2025 Delivery Cycle/Implementation/template-selector/src/components/Modal.tsx","statementMap":{"0":{"start":{"line":1,"column":0},"end":{"line":1,"column":41}},"1":{"start":{"line":2,"column":0},"end":{"line":2,"column":21}},"2":{"start":{"line":10,"column":43},"end":{"line":39,"column":1}},"3":{"start":{"line":11,"column":2},"end":{"line":27,"column":24}},"4":{"start":{"line":12,"column":25},"end":{"line":16,"column":5}},"5":{"start":{"line":13,"column":6},"end":{"line":15,"column":7}},"6":{"start":{"line":14,"column":8},"end":{"line":14,"column":18}},"7":{"start":{"line":18,"column":4},"end":{"line":21,"column":5}},"8":{"start":{"line":19,"column":6},"end":{"line":19,"column":57}},"9":{"start":{"line":20,"column":6},"end":{"line":20,"column":46}},"10":{"start":{"line":23,"column":4},"end":{"line":26,"column":6}},"11":{"start":{"line":24,"column":6},"end":{"line":24,"column":60}},"12":{"start":{"line":25,"column":6},"end":{"line":25,"column":45}},"13":{"start":{"line":29,"column":2},"end":{"line":29,"column":27}},"14":{"start":{"line":29,"column":15},"end":{"line":29,"column":27}},"15":{"start":{"line":31,"column":2},"end":{"line":38,"column":4}},"16":{"start":{"line":10,"column":13},"end":{"line":10,"column":43}}},"fnMap":{"0":{"name":"(anonymous_9)","decl":{"start":{"line":10,"column":43},"end":{"line":10,"column":44}},"loc":{"start":{"line":10,"column":77},"end":{"line":39,"column":1}}},"1":{"name":"(anonymous_10)","decl":{"start":{"line":11,"column":12},"end":{"line":11,"column":15}},"loc":{"start":{"line":11,"column":17},"end":{"line":27,"column":3}}},"2":{"name":"(anonymous_11)","decl":{"start":{"line":12,"column":25},"end":{"line":12,"column":26}},"loc":{"start":{"line":12,"column":50},"end":{"line":16,"column":5}}},"3":{"name":"(anonymous_12)","decl":{"start":{"line":23,"column":11},"end":{"line":23,"column":14}},"loc":{"start":{"line":23,"column":16},"end":{"line":26,"column":5}}}},"branchMap":{"0":{"loc":{"start":{"line":13,"column":6},"end":{"line":15,"column":7}},"type":"if","locations":[{"start":{"line":13,"column":6},"end":{"line":15,"column":7}},{"start":{},"end":{}}]},"1":{"loc":{"start":{"line":18,"column":4},"end":{"line":21,"column":5}},"type":"if","locations":[{"start":{"line":18,"column":4},"end":{"line":21,"column":5}},{"start":{},"end":{}}]},"2":{"loc":{"start":{"line":29,"column":2},"end":{"line":29,"column":27}},"type":"if","locations":[{"start":{"line":29,"column":2},"end":{"line":29,"column":27}},{"start":{},"end":{}}]}},"s":{"0":3,"1":3,"2":3,"3":1,"4":1,"5":0,"6":0,"7":1,"8":1,"9":1,"10":1,"11":1,"12":1,"13":1,"14":0,"15":1,"16":3},"f":{"0":1,"1":1,"2":0,"3":1},"b":{"0":[0,0],"1":[1,0],"2":[0,1]}}
,"/Users/michael/pm-tools-templates/PM Tools Templates - Q3 2025 Delivery Cycle/Implementation/template-selector/src/components/Pagination.tsx": {"path":"/Users/michael/pm-tools-templates/PM Tools Templates - Q3 2025 Delivery Cycle/Implementation/template-selector/src/components/Pagination.tsx","statementMap":{"0":{"start":{"line":1,"column":0},"end":{"line":1,"column":26}},"1":{"start":{"line":2,"column":0},"end":{"line":2,"column":26}},"2":{"start":{"line":10,"column":53},"end":{"line":83,"column":1}},"3":{"start":{"line":15,"column":28},"end":{"line":48,"column":3}},"4":{"start":{"line":16,"column":18},"end":{"line":16,"column":20}},"5":{"start":{"line":17,"column":28},"end":{"line":17,"column":29}},"6":{"start":{"line":19,"column":4},"end":{"line":45,"column":5}},"7":{"start":{"line":20,"column":6},"end":{"line":22,"column":7}},"8":{"start":{"line":20,"column":19},"end":{"line":20,"column":20}},"9":{"start":{"line":21,"column":8},"end":{"line":21,"column":22}},"10":{"start":{"line":24,"column":6},"end":{"line":44,"column":7}},"11":{"start":{"line":25,"column":8},"end":{"line":27,"column":9}},"12":{"start":{"line":25,"column":21},"end":{"line":25,"column":22}},"13":{"start":{"line":26,"column":10},"end":{"line":26,"column":24}},"14":{"start":{"line":28,"column":8},"end":{"line":28,"column":26}},"15":{"start":{"line":29,"column":8},"end":{"line":29,"column":31}},"16":{"start":{"line":30,"column":13},"end":{"line":44,"column":7}},"17":{"start":{"line":31,"column":8},"end":{"line":31,"column":22}},"18":{"start":{"line":32,"column":8},"end":{"line":32,"column":26}},"19":{"start":{"line":33,"column":8},"end":{"line":35,"column":9}},"20":{"start":{"line":33,"column":21},"end":{"line":33,"column":35}},"21":{"start":{"line":34,"column":10},"end":{"line":34,"column":24}},"22":{"start":{"line":37,"column":8},"end":{"line":37,"column":22}},"23":{"start":{"line":38,"column":8},"end":{"line":38,"column":26}},"24":{"start":{"line":39,"column":8},"end":{"line":41,"column":9}},"25":{"start":{"line":39,"column":21},"end":{"line":39,"column":36}},"26":{"start":{"line":40,"column":10},"end":{"line":40,"column":24}},"27":{"start":{"line":42,"column":8},"end":{"line":42,"column":26}},"28":{"start":{"line":43,"column":8},"end":{"line":43,"column":31}},"29":{"start":{"line":47,"column":4},"end":{"line":47,"column":17}},"30":{"start":{"line":50,"column":2},"end":{"line":82,"column":4}},"31":{"start":{"line":54,"column":23},"end":{"line":54,"column":52}},"32":{"start":{"line":61,"column":8},"end":{"line":62,"column":null}},"33":{"start":{"line":66,"column":26},"end":{"line":66,"column":78}},"34":{"start":{"line":75,"column":23},"end":{"line":75,"column":52}},"35":{"start":{"line":10,"column":13},"end":{"line":10,"column":53}}},"fnMap":{"0":{"name":"(anonymous_1)","decl":{"start":{"line":10,"column":53},"end":{"line":10,"column":54}},"loc":{"start":{"line":14,"column":5},"end":{"line":83,"column":1}}},"1":{"name":"(anonymous_2)","decl":{"start":{"line":15,"column":28},"end":{"line":15,"column":31}},"loc":{"start":{"line":15,"column":33},"end":{"line":48,"column":3}}},"2":{"name":"(anonymous_3)","decl":{"start":{"line":54,"column":17},"end":{"line":54,"column":20}},"loc":{"start":{"line":54,"column":23},"end":{"line":54,"column":52}}},"3":{"name":"(anonymous_4)","decl":{"start":{"line":60,"column":31},"end":{"line":60,"column":32}},"loc":{"start":{"line":61,"column":8},"end":{"line":62,"column":null}}},"4":{"name":"(anonymous_5)","decl":{"start":{"line":66,"column":19},"end":{"line":66,"column":22}},"loc":{"start":{"line":66,"column":26},"end":{"line":66,"column":78}}},"5":{"name":"(anonymous_6)","decl":{"start":{"line":75,"column":17},"end":{"line":75,"column":20}},"loc":{"start":{"line":75,"column":23},"end":{"line":75,"column":52}}}},"branchMap":{"0":{"loc":{"start":{"line":19,"column":4},"end":{"line":45,"column":5}},"type":"if","locations":[{"start":{"line":19,"column":4},"end":{"line":45,"column":5}},{"start":{"line":23,"column":11},"end":{"line":45,"column":5}}]},"1":{"loc":{"start":{"line":24,"column":6},"end":{"line":44,"column":7}},"type":"if","locations":[{"start":{"line":24,"column":6},"end":{"line":44,"column":7}},{"start":{"line":30,"column":13},"end":{"line":44,"column":7}}]},"2":{"loc":{"start":{"line":30,"column":13},"end":{"line":44,"column":7}},"type":"if","locations":[{"start":{"line":30,"column":13},"end":{"line":44,"column":7}},{"start":{"line":36,"column":13},"end":{"line":44,"column":7}}]},"3":{"loc":{"start":{"line":64,"column":12},"end":{"line":64,"column":null}},"type":"cond-expr","locations":[{"start":{"line":64,"column":35},"end":{"line":64,"column":43}},{"start":{"line":64,"column":46},"end":{"line":64,"column":null}}]},"4":{"loc":{"start":{"line":65,"column":14},"end":{"line":65,"column":42}},"type":"cond-expr","locations":[{"start":{"line":65,"column":31},"end":{"line":65,"column":37}},{"start":{"line":65,"column":40},"end":{"line":65,"column":42}}]},"5":{"loc":{"start":{"line":66,"column":26},"end":{"line":66,"column":78}},"type":"cond-expr","locations":[{"start":{"line":66,"column":53},"end":{"line":66,"column":71}},{"start":{"line":66,"column":74},"end":{"line":66,"column":78}}]},"6":{"loc":{"start":{"line":68,"column":24},"end":{"line":68,"column":65}},"type":"cond-expr","locations":[{"start":{"line":68,"column":47},"end":{"line":68,"column":53}},{"start":{"line":68,"column":56},"end":{"line":68,"column":65}}]}},"s":{"0":4,"1":4,"2":4,"3":21,"4":21,"5":21,"6":21,"7":18,"8":18,"9":78,"10":3,"11":0,"12":0,"13":0,"14":0,"15":0,"16":3,"17":0,"18":0,"19":0,"20":0,"21":0,"22":3,"23":3,"24":3,"25":3,"26":9,"27":3,"28":3,"29":21,"30":21,"31":1,"32":99,"33":4,"34":1,"35":4},"f":{"0":21,"1":21,"2":1,"3":99,"4":4,"5":1},"b":{"0":[18,3],"1":[0,3],"2":[0,3],"3":[20,79],"4":[6,93],"5":[4,0],"6":[20,79]}}
,"/Users/michael/pm-tools-templates/PM Tools Templates - Q3 2025 Delivery Cycle/Implementation/template-selector/src/components/TemplateCardSkeleton.tsx": {"path":"/Users/michael/pm-tools-templates/PM Tools Templates - Q3 2025 Delivery Cycle/Implementation/template-selector/src/components/TemplateCardSkeleton.tsx","statementMap":{"0":{"start":{"line":1,"column":0},"end":{"line":1,"column":26}},"1":{"start":{"line":2,"column":0},"end":{"line":2,"column":36}},"2":{"start":{"line":8,"column":73},"end":{"line":27,"column":1}},"3":{"start":{"line":9,"column":2},"end":{"line":26,"column":4}},"4":{"start":{"line":8,"column":13},"end":{"line":8,"column":73}}},"fnMap":{"0":{"name":"(anonymous_1)","decl":{"start":{"line":8,"column":73},"end":{"line":8,"column":74}},"loc":{"start":{"line":8,"column":87},"end":{"line":27,"column":1}}}},"branchMap":{},"s":{"0":3,"1":3,"2":3,"3":96,"4":3},"f":{"0":96},"b":{}}
,"/Users/michael/pm-tools-templates/PM Tools Templates - Q3 2025 Delivery Cycle/Implementation/template-selector/src/components/TemplatePreview.tsx": {"path":"/Users/michael/pm-tools-templates/PM Tools Templates - Q3 2025 Delivery Cycle/Implementation/template-selector/src/components/TemplatePreview.tsx","statementMap":{"0":{"start":{"line":1,"column":0},"end":{"line":1,"column":26}},"1":{"start":{"line":2,"column":0},"end":{"line":2,"column":31}},"2":{"start":{"line":35,"column":63},"end":{"line":127,"column":1}},"3":{"start":{"line":42,"column":2},"end":{"line":126,"column":4}},"4":{"start":{"line":95,"column":10},"end":{"line":95,"column":27}},"5":{"start":{"line":103,"column":25},"end":{"line":103,"column":43}},"6":{"start":{"line":110,"column":27},"end":{"line":110,"column":50}},"7":{"start":{"line":118,"column":27},"end":{"line":118,"column":47}},"8":{"start":{"line":35,"column":13},"end":{"line":35,"column":63}}},"fnMap":{"0":{"name":"(anonymous_1)","decl":{"start":{"line":35,"column":63},"end":{"line":35,"column":64}},"loc":{"start":{"line":41,"column":5},"end":{"line":127,"column":1}}},"1":{"name":"(anonymous_2)","decl":{"start":{"line":94,"column":32},"end":{"line":94,"column":33}},"loc":{"start":{"line":95,"column":10},"end":{"line":95,"column":27}}},"2":{"name":"(anonymous_3)","decl":{"start":{"line":103,"column":19},"end":{"line":103,"column":22}},"loc":{"start":{"line":103,"column":25},"end":{"line":103,"column":43}}},"3":{"name":"(anonymous_4)","decl":{"start":{"line":110,"column":21},"end":{"line":110,"column":24}},"loc":{"start":{"line":110,"column":27},"end":{"line":110,"column":50}}},"4":{"name":"(anonymous_5)","decl":{"start":{"line":118,"column":21},"end":{"line":118,"column":24}},"loc":{"start":{"line":118,"column":27},"end":{"line":118,"column":47}}}},"branchMap":{"0":{"loc":{"start":{"line":55,"column":13},"end":{"line":56,"column":null}},"type":"binary-expr","locations":[{"start":{"line":55,"column":13},"end":{"line":55,"column":42}},{"start":{"line":56,"column":14},"end":{"line":56,"column":84}}]},"1":{"loc":{"start":{"line":59,"column":11},"end":{"line":85,"column":null}},"type":"binary-expr","locations":[{"start":{"line":59,"column":11},"end":{"line":59,"column":28}},{"start":{"line":60,"column":12},"end":{"line":84,"column":null}}]},"2":{"loc":{"start":{"line":61,"column":15},"end":{"line":65,"column":null}},"type":"binary-expr","locations":[{"start":{"line":61,"column":15},"end":{"line":61,"column":39}},{"start":{"line":62,"column":16},"end":{"line":64,"column":null}}]},"3":{"loc":{"start":{"line":67,"column":15},"end":{"line":71,"column":null}},"type":"binary-expr","locations":[{"start":{"line":67,"column":15},"end":{"line":67,"column":44}},{"start":{"line":68,"column":16},"end":{"line":70,"column":null}}]},"4":{"loc":{"start":{"line":73,"column":15},"end":{"line":77,"column":null}},"type":"binary-expr","locations":[{"start":{"line":73,"column":15},"end":{"line":73,"column":40}},{"start":{"line":74,"column":16},"end":{"line":76,"column":null}}]},"5":{"loc":{"start":{"line":79,"column":15},"end":{"line":83,"column":null}},"type":"binary-expr","locations":[{"start":{"line":79,"column":15},"end":{"line":79,"column":57}},{"start":{"line":80,"column":16},"end":{"line":82,"column":null}}]},"6":{"loc":{"start":{"line":108,"column":9},"end":{"line":114,"column":null}},"type":"binary-expr","locations":[{"start":{"line":108,"column":9},"end":{"line":108,"column":19}},{"start":{"line":109,"column":10},"end":{"line":111,"column":null}}]},"7":{"loc":{"start":{"line":116,"column":9},"end":{"line":122,"column":null}},"type":"binary-expr","locations":[{"start":{"line":116,"column":9},"end":{"line":116,"column":16}},{"start":{"line":117,"column":10},"end":{"line":119,"column":null}}]}},"s":{"0":3,"1":3,"2":3,"3":1,"4":0,"5":0,"6":0,"7":0,"8":3},"f":{"0":1,"1":0,"2":0,"3":0,"4":0},"b":{"0":[1,0],"1":[1,0],"2":[0,0],"3":[0,0],"4":[0,0],"5":[0,0],"6":[1,0],"7":[1,0]}}
,"/Users/michael/pm-tools-templates/PM Tools Templates - Q3 2025 Delivery Cycle/Implementation/template-selector/src/components/TemplateSelector.tsx": {"path":"/Users/michael/pm-tools-templates/PM Tools Templates - Q3 2025 Delivery Cycle/Implementation/template-selector/src/components/TemplateSelector.tsx","statementMap":{"0":{"start":{"line":1,"column":0},"end":{"line":1,"column":48}},"1":{"start":{"line":3,"column":0},"end":{"line":3,"column":34}},"2":{"start":{"line":4,"column":0},"end":{"line":4,"column":44}},"3":{"start":{"line":5,"column":0},"end":{"line":5,"column":32}},"4":{"start":{"line":6,"column":0},"end":{"line":6,"column":50}},"5":{"start":{"line":7,"column":0},"end":{"line":7,"column":49}},"6":{"start":{"line":8,"column":0},"end":{"line":8,"column":53}},"7":{"start":{"line":9,"column":0},"end":{"line":9,"column":57}},"8":{"start":{"line":10,"column":0},"end":{"line":10,"column":49}},"9":{"start":{"line":12,"column":0},"end":{"line":12,"column":32}},"10":{"start":{"line":13,"column":0},"end":{"line":13,"column":52}},"11":{"start":{"line":14,"column":0},"end":{"line":14,"column":62}},"12":{"start":{"line":15,"column":0},"end":{"line":15,"column":42}},"13":{"start":{"line":23,"column":58},"end":{"line":293,"column":1}},"14":{"start":{"line":24,"column":50},"end":{"line":24,"column":81}},"15":{"start":{"line":25,"column":44},"end":{"line":25,"column":59}},"16":{"start":{"line":26,"column":52},"end":{"line":26,"column":67}},"17":{"start":{"line":27,"column":42},"end":{"line":27,"column":54}},"18":{"start":{"line":28,"column":23},"end":{"line":28,"column":24}},"19":{"start":{"line":29,"column":44},"end":{"line":29,"column":59}},"20":{"start":{"line":30,"column":48},"end":{"line":30,"column":79}},"21":{"start":{"line":31,"column":23},"end":{"line":31,"column":60}},"22":{"start":{"line":47,"column":6},"end":{"line":47,"column":18}},"23":{"start":{"line":49,"column":35},"end":{"line":49,"column":54}},"24":{"start":{"line":51,"column":62},"end":{"line":58,"column":4}},"25":{"start":{"line":62,"column":2},"end":{"line":68,"column":5}},"26":{"start":{"line":63,"column":4},"end":{"line":67,"column":7}},"27":{"start":{"line":64,"column":23},"end":{"line":64,"column":70}},"28":{"start":{"line":65,"column":6},"end":{"line":65,"column":46}},"29":{"start":{"line":66,"column":6},"end":{"line":66,"column":22}},"30":{"start":{"line":70,"column":2},"end":{"line":76,"column":5}},"31":{"start":{"line":71,"column":4},"end":{"line":75,"column":7}},"32":{"start":{"line":72,"column":23},"end":{"line":72,"column":88}},"33":{"start":{"line":73,"column":6},"end":{"line":73,"column":46}},"34":{"start":{"line":74,"column":6},"end":{"line":74,"column":22}},"35":{"start":{"line":78,"column":2},"end":{"line":84,"column":5}},"36":{"start":{"line":79,"column":4},"end":{"line":83,"column":7}},"37":{"start":{"line":80,"column":23},"end":{"line":80,"column":65}},"38":{"start":{"line":81,"column":6},"end":{"line":81,"column":46}},"39":{"start":{"line":82,"column":6},"end":{"line":82,"column":22}},"40":{"start":{"line":86,"column":2},"end":{"line":92,"column":5}},"41":{"start":{"line":87,"column":4},"end":{"line":91,"column":7}},"42":{"start":{"line":88,"column":23},"end":{"line":88,"column":65}},"43":{"start":{"line":89,"column":6},"end":{"line":89,"column":46}},"44":{"start":{"line":90,"column":6},"end":{"line":90,"column":22}},"45":{"start":{"line":94,"column":2},"end":{"line":97,"column":5}},"46":{"start":{"line":95,"column":4},"end":{"line":95,"column":23}},"47":{"start":{"line":96,"column":4},"end":{"line":96,"column":37}},"48":{"start":{"line":99,"column":2},"end":{"line":103,"column":5}},"49":{"start":{"line":100,"column":22},"end":{"line":100,"column":42}},"50":{"start":{"line":101,"column":4},"end":{"line":101,"column":31}},"51":{"start":{"line":102,"column":4},"end":{"line":102,"column":45}},"52":{"start":{"line":105,"column":2},"end":{"line":109,"column":5}},"53":{"start":{"line":106,"column":4},"end":{"line":108,"column":5}},"54":{"start":{"line":107,"column":6},"end":{"line":107,"column":52}},"55":{"start":{"line":111,"column":2},"end":{"line":111,"column":53}},"56":{"start":{"line":111,"column":29},"end":{"line":111,"column":51}},"57":{"start":{"line":112,"column":2},"end":{"line":112,"column":51}},"58":{"start":{"line":112,"column":26},"end":{"line":112,"column":49}},"59":{"start":{"line":114,"column":24},"end":{"line":160,"column":3}},"60":{"start":{"line":115,"column":4},"end":{"line":159,"column":5}},"61":{"start":{"line":118,"column":28},"end":{"line":118,"column":87}},"62":{"start":{"line":119,"column":8},"end":{"line":121,"column":9}},"63":{"start":{"line":120,"column":10},"end":{"line":120,"column":30}},"64":{"start":{"line":122,"column":8},"end":{"line":122,"column":32}},"65":{"start":{"line":123,"column":8},"end":{"line":123,"column":14}},"66":{"start":{"line":126,"column":8},"end":{"line":126,"column":23}},"67":{"start":{"line":127,"column":8},"end":{"line":127,"column":32}},"68":{"start":{"line":128,"column":8},"end":{"line":128,"column":14}},"69":{"start":{"line":131,"column":8},"end":{"line":131,"column":72}},"70":{"start":{"line":132,"column":8},"end":{"line":132,"column":32}},"71":{"start":{"line":133,"column":8},"end":{"line":133,"column":14}},"72":{"start":{"line":136,"column":8},"end":{"line":136,"column":74}},"73":{"start":{"line":137,"column":8},"end":{"line":137,"column":32}},"74":{"start":{"line":138,"column":8},"end":{"line":138,"column":14}},"75":{"start":{"line":141,"column":8},"end":{"line":141,"column":40}},"76":{"start":{"line":142,"column":8},"end":{"line":142,"column":32}},"77":{"start":{"line":143,"column":8},"end":{"line":143,"column":14}},"78":{"start":{"line":145,"column":8},"end":{"line":145,"column":35}},"79":{"start":{"line":146,"column":8},"end":{"line":146,"column":32}},"80":{"start":{"line":147,"column":8},"end":{"line":147,"column":14}},"81":{"start":{"line":149,"column":8},"end":{"line":149,"column":35}},"82":{"start":{"line":150,"column":8},"end":{"line":150,"column":32}},"83":{"start":{"line":151,"column":8},"end":{"line":151,"column":14}},"84":{"start":{"line":154,"column":8},"end":{"line":154,"column":47}},"85":{"start":{"line":155,"column":8},"end":{"line":155,"column":32}},"86":{"start":{"line":156,"column":8},"end":{"line":156,"column":14}},"87":{"start":{"line":158,"column":8},"end":{"line":158,"column":51}},"88":{"start":{"line":164,"column":31},"end":{"line":169,"column":3}},"89":{"start":{"line":165,"column":4},"end":{"line":165,"column":34}},"90":{"start":{"line":166,"column":4},"end":{"line":166,"column":33}},"91":{"start":{"line":167,"column":4},"end":{"line":167,"column":27}},"92":{"start":{"line":168,"column":4},"end":{"line":168,"column":23}},"93":{"start":{"line":171,"column":2},"end":{"line":191,"column":3}},"94":{"start":{"line":172,"column":4},"end":{"line":190,"column":6}},"95":{"start":{"line":175,"column":31},"end":{"line":175,"column":52}},"96":{"start":{"line":176,"column":33},"end":{"line":176,"column":73}},"97":{"start":{"line":177,"column":30},"end":{"line":177,"column":52}},"98":{"start":{"line":178,"column":24},"end":{"line":178,"column":53}},"99":{"start":{"line":185,"column":16},"end":{"line":185,"column":64}},"100":{"start":{"line":193,"column":2},"end":{"line":195,"column":3}},"101":{"start":{"line":194,"column":4},"end":{"line":194,"column":68}},"102":{"start":{"line":197,"column":2},"end":{"line":292,"column":4}},"103":{"start":{"line":200,"column":29},"end":{"line":200,"column":50}},"104":{"start":{"line":201,"column":31},"end":{"line":201,"column":71}},"105":{"start":{"line":202,"column":28},"end":{"line":202,"column":50}},"106":{"start":{"line":203,"column":22},"end":{"line":203,"column":51}},"107":{"start":{"line":210,"column":63},"end":{"line":210,"column":81}},"108":{"start":{"line":215,"column":53},"end":{"line":215,"column":71}},"109":{"start":{"line":220,"column":50},"end":{"line":220,"column":65}},"110":{"start":{"line":225,"column":52},"end":{"line":225,"column":69}},"111":{"start":{"line":234,"column":12},"end":{"line":235,"column":null}},"112":{"start":{"line":236,"column":26},"end":{"line":236,"column":58}},"113":{"start":{"line":240,"column":29},"end":{"line":240,"column":59}},"114":{"start":{"line":242,"column":16},"end":{"line":245,"column":17}},"115":{"start":{"line":243,"column":18},"end":{"line":243,"column":37}},"116":{"start":{"line":244,"column":18},"end":{"line":244,"column":49}},"117":{"start":{"line":249,"column":29},"end":{"line":249,"column":51}},"118":{"start":{"line":250,"column":28},"end":{"line":250,"column":47}},"119":{"start":{"line":278,"column":27},"end":{"line":278,"column":54}},"120":{"start":{"line":283,"column":55},"end":{"line":283,"column":78}},"121":{"start":{"line":286,"column":29},"end":{"line":286,"column":52}},"122":{"start":{"line":295,"column":0},"end":{"line":295,"column":32}}},"fnMap":{"0":{"name":"(anonymous_9)","decl":{"start":{"line":23,"column":58},"end":{"line":23,"column":59}},"loc":{"start":{"line":23,"column":75},"end":{"line":293,"column":1}}},"1":{"name":"(anonymous_10)","decl":{"start":{"line":62,"column":24},"end":{"line":62,"column":27}},"loc":{"start":{"line":62,"column":29},"end":{"line":68,"column":3}}},"2":{"name":"(anonymous_11)","decl":{"start":{"line":63,"column":20},"end":{"line":63,"column":24}},"loc":{"start":{"line":63,"column":27},"end":{"line":67,"column":5}}},"3":{"name":"(anonymous_12)","decl":{"start":{"line":70,"column":26},"end":{"line":70,"column":29}},"loc":{"start":{"line":70,"column":31},"end":{"line":76,"column":3}}},"4":{"name":"(anonymous_13)","decl":{"start":{"line":71,"column":20},"end":{"line":71,"column":24}},"loc":{"start":{"line":71,"column":27},"end":{"line":75,"column":5}}},"5":{"name":"(anonymous_14)","decl":{"start":{"line":78,"column":26},"end":{"line":78,"column":29}},"loc":{"start":{"line":78,"column":31},"end":{"line":84,"column":3}}},"6":{"name":"(anonymous_15)","decl":{"start":{"line":79,"column":20},"end":{"line":79,"column":24}},"loc":{"start":{"line":79,"column":27},"end":{"line":83,"column":5}}},"7":{"name":"(anonymous_16)","decl":{"start":{"line":86,"column":27},"end":{"line":86,"column":30}},"loc":{"start":{"line":86,"column":32},"end":{"line":92,"column":3}}},"8":{"name":"(anonymous_17)","decl":{"start":{"line":87,"column":20},"end":{"line":87,"column":24}},"loc":{"start":{"line":87,"column":27},"end":{"line":91,"column":5}}},"9":{"name":"(anonymous_18)","decl":{"start":{"line":94,"column":21},"end":{"line":94,"column":24}},"loc":{"start":{"line":94,"column":26},"end":{"line":97,"column":3}}},"10":{"name":"(anonymous_19)","decl":{"start":{"line":99,"column":20},"end":{"line":99,"column":23}},"loc":{"start":{"line":99,"column":25},"end":{"line":103,"column":3}}},"11":{"name":"(anonymous_20)","decl":{"start":{"line":105,"column":22},"end":{"line":105,"column":25}},"loc":{"start":{"line":105,"column":27},"end":{"line":109,"column":3}}},"12":{"name":"(anonymous_21)","decl":{"start":{"line":111,"column":23},"end":{"line":111,"column":26}},"loc":{"start":{"line":111,"column":29},"end":{"line":111,"column":51}}},"13":{"name":"(anonymous_22)","decl":{"start":{"line":112,"column":20},"end":{"line":112,"column":23}},"loc":{"start":{"line":112,"column":26},"end":{"line":112,"column":49}}},"14":{"name":"(anonymous_23)","decl":{"start":{"line":114,"column":24},"end":{"line":114,"column":25}},"loc":{"start":{"line":114,"column":44},"end":{"line":160,"column":3}}},"15":{"name":"(anonymous_24)","decl":{"start":{"line":164,"column":31},"end":{"line":164,"column":32}},"loc":{"start":{"line":164,"column":54},"end":{"line":169,"column":3}}},"16":{"name":"(anonymous_25)","decl":{"start":{"line":175,"column":20},"end":{"line":175,"column":21}},"loc":{"start":{"line":175,"column":31},"end":{"line":175,"column":52}}},"17":{"name":"(anonymous_26)","decl":{"start":{"line":176,"column":27},"end":{"line":176,"column":30}},"loc":{"start":{"line":176,"column":33},"end":{"line":176,"column":73}}},"18":{"name":"(anonymous_27)","decl":{"start":{"line":177,"column":24},"end":{"line":177,"column":27}},"loc":{"start":{"line":177,"column":30},"end":{"line":177,"column":52}}},"19":{"name":"(anonymous_28)","decl":{"start":{"line":178,"column":18},"end":{"line":178,"column":21}},"loc":{"start":{"line":178,"column":24},"end":{"line":178,"column":53}}},"20":{"name":"(anonymous_29)","decl":{"start":{"line":184,"column":19},"end":{"line":184,"column":20}},"loc":{"start":{"line":185,"column":16},"end":{"line":185,"column":64}}},"21":{"name":"(anonymous_30)","decl":{"start":{"line":200,"column":18},"end":{"line":200,"column":19}},"loc":{"start":{"line":200,"column":29},"end":{"line":200,"column":50}}},"22":{"name":"(anonymous_31)","decl":{"start":{"line":201,"column":25},"end":{"line":201,"column":28}},"loc":{"start":{"line":201,"column":31},"end":{"line":201,"column":71}}},"23":{"name":"(anonymous_32)","decl":{"start":{"line":202,"column":22},"end":{"line":202,"column":25}},"loc":{"start":{"line":202,"column":28},"end":{"line":202,"column":50}}},"24":{"name":"(anonymous_33)","decl":{"start":{"line":203,"column":16},"end":{"line":203,"column":19}},"loc":{"start":{"line":203,"column":22},"end":{"line":203,"column":51}}},"25":{"name":"(anonymous_34)","decl":{"start":{"line":210,"column":57},"end":{"line":210,"column":60}},"loc":{"start":{"line":210,"column":63},"end":{"line":210,"column":81}}},"26":{"name":"(anonymous_35)","decl":{"start":{"line":215,"column":47},"end":{"line":215,"column":50}},"loc":{"start":{"line":215,"column":53},"end":{"line":215,"column":71}}},"27":{"name":"(anonymous_36)","decl":{"start":{"line":220,"column":44},"end":{"line":220,"column":47}},"loc":{"start":{"line":220,"column":50},"end":{"line":220,"column":65}}},"28":{"name":"(anonymous_37)","decl":{"start":{"line":225,"column":46},"end":{"line":225,"column":49}},"loc":{"start":{"line":225,"column":52},"end":{"line":225,"column":69}}},"29":{"name":"(anonymous_38)","decl":{"start":{"line":233,"column":17},"end":{"line":233,"column":18}},"loc":{"start":{"line":234,"column":12},"end":{"line":235,"column":null}}},"30":{"name":"(anonymous_39)","decl":{"start":{"line":236,"column":19},"end":{"line":236,"column":21}},"loc":{"start":{"line":236,"column":26},"end":{"line":236,"column":58}}},"31":{"name":"(anonymous_40)","decl":{"start":{"line":240,"column":23},"end":{"line":240,"column":26}},"loc":{"start":{"line":240,"column":29},"end":{"line":240,"column":59}}},"32":{"name":"(anonymous_41)","decl":{"start":{"line":241,"column":25},"end":{"line":241,"column":26}},"loc":{"start":{"line":241,"column":31},"end":{"line":246,"column":15}}},"33":{"name":"(anonymous_42)","decl":{"start":{"line":249,"column":23},"end":{"line":249,"column":26}},"loc":{"start":{"line":249,"column":29},"end":{"line":249,"column":51}}},"34":{"name":"(anonymous_43)","decl":{"start":{"line":250,"column":22},"end":{"line":250,"column":25}},"loc":{"start":{"line":250,"column":28},"end":{"line":250,"column":47}}},"35":{"name":"(anonymous_44)","decl":{"start":{"line":278,"column":21},"end":{"line":278,"column":24}},"loc":{"start":{"line":278,"column":27},"end":{"line":278,"column":54}}},"36":{"name":"(anonymous_45)","decl":{"start":{"line":283,"column":49},"end":{"line":283,"column":52}},"loc":{"start":{"line":283,"column":55},"end":{"line":283,"column":78}}},"37":{"name":"(anonymous_46)","decl":{"start":{"line":286,"column":23},"end":{"line":286,"column":26}},"loc":{"start":{"line":286,"column":29},"end":{"line":286,"column":52}}}},"branchMap":{"0":{"loc":{"start":{"line":64,"column":23},"end":{"line":64,"column":70}},"type":"cond-expr","locations":[{"start":{"line":64,"column":45},"end":{"line":64,"column":63}},{"start":{"line":64,"column":66},"end":{"line":64,"column":70}}]},"1":{"loc":{"start":{"line":72,"column":23},"end":{"line":72,"column":88}},"type":"cond-expr","locations":[{"start":{"line":72,"column":63},"end":{"line":72,"column":81}},{"start":{"line":72,"column":84},"end":{"line":72,"column":88}}]},"2":{"loc":{"start":{"line":80,"column":23},"end":{"line":80,"column":65}},"type":"cond-expr","locations":[{"start":{"line":80,"column":34},"end":{"line":80,"column":42}},{"start":{"line":80,"column":45},"end":{"line":80,"column":65}}]},"3":{"loc":{"start":{"line":88,"column":23},"end":{"line":88,"column":65}},"type":"cond-expr","locations":[{"start":{"line":88,"column":53},"end":{"line":88,"column":61}},{"start":{"line":88,"column":64},"end":{"line":88,"column":65}}]},"4":{"loc":{"start":{"line":106,"column":4},"end":{"line":108,"column":5}},"type":"if","locations":[{"start":{"line":106,"column":4},"end":{"line":108,"column":5}},{"start":{},"end":{}}]},"5":{"loc":{"start":{"line":106,"column":8},"end":{"line":106,"column":60}},"type":"binary-expr","locations":[{"start":{"line":106,"column":8},"end":{"line":106,"column":25}},{"start":{"line":106,"column":29},"end":{"line":106,"column":60}}]},"6":{"loc":{"start":{"line":115,"column":4},"end":{"line":159,"column":5}},"type":"switch","locations":[{"start":{"line":116,"column":6},"end":{"line":123,"column":14}},{"start":{"line":124,"column":6},"end":{"line":128,"column":14}},{"start":{"line":129,"column":6},"end":{"line":133,"column":14}},{"start":{"line":134,"column":6},"end":{"line":138,"column":14}},{"start":{"line":139,"column":6},"end":{"line":143,"column":14}},{"start":{"line":144,"column":6},"end":{"line":147,"column":14}},{"start":{"line":148,"column":6},"end":{"line":151,"column":14}},{"start":{"line":152,"column":6},"end":{"line":156,"column":14}},{"start":{"line":157,"column":6},"end":{"line":158,"column":51}}]},"7":{"loc":{"start":{"line":119,"column":8},"end":{"line":121,"column":9}},"type":"if","locations":[{"start":{"line":119,"column":8},"end":{"line":121,"column":9}},{"start":{},"end":{}}]},"8":{"loc":{"start":{"line":171,"column":2},"end":{"line":191,"column":3}},"type":"if","locations":[{"start":{"line":171,"column":2},"end":{"line":191,"column":3}},{"start":{},"end":{}}]},"9":{"loc":{"start":{"line":193,"column":2},"end":{"line":195,"column":3}},"type":"if","locations":[{"start":{"line":193,"column":2},"end":{"line":195,"column":3}},{"start":{},"end":{}}]},"10":{"loc":{"start":{"line":206,"column":9},"end":{"line":228,"column":null}},"type":"binary-expr","locations":[{"start":{"line":206,"column":10},"end":{"line":206,"column":21}},{"start":{"line":206,"column":25},"end":{"line":206,"column":33}},{"start":{"line":206,"column":37},"end":{"line":206,"column":47}},{"start":{"line":206,"column":51},"end":{"line":206,"column":62}},{"start":{"line":207,"column":10},"end":{"line":227,"column":null}}]},"11":{"loc":{"start":{"line":208,"column":13},"end":{"line":211,"column":null}},"type":"binary-expr","locations":[{"start":{"line":208,"column":13},"end":{"line":208,"column":24}},{"start":{"line":209,"column":14},"end":{"line":210,"column":null}}]},"12":{"loc":{"start":{"line":213,"column":13},"end":{"line":216,"column":null}},"type":"binary-expr","locations":[{"start":{"line":213,"column":13},"end":{"line":213,"column":24}},{"start":{"line":214,"column":14},"end":{"line":215,"column":null}}]},"13":{"loc":{"start":{"line":218,"column":13},"end":{"line":221,"column":null}},"type":"binary-expr","locations":[{"start":{"line":218,"column":13},"end":{"line":218,"column":21}},{"start":{"line":219,"column":14},"end":{"line":220,"column":null}}]},"14":{"loc":{"start":{"line":223,"column":13},"end":{"line":226,"column":null}},"type":"binary-expr","locations":[{"start":{"line":223,"column":13},"end":{"line":223,"column":23}},{"start":{"line":224,"column":14},"end":{"line":225,"column":null}}]},"15":{"loc":{"start":{"line":238,"column":16},"end":{"line":238,"column":null}},"type":"cond-expr","locations":[{"start":{"line":238,"column":55},"end":{"line":238,"column":65}},{"start":{"line":238,"column":68},"end":{"line":238,"column":null}}]},"16":{"loc":{"start":{"line":239,"column":18},"end":{"line":239,"column":57}},"type":"cond-expr","locations":[{"start":{"line":239,"column":43},"end":{"line":239,"column":52}},{"start":{"line":239,"column":55},"end":{"line":239,"column":57}}]},"17":{"loc":{"start":{"line":242,"column":16},"end":{"line":245,"column":17}},"type":"if","locations":[{"start":{"line":242,"column":16},"end":{"line":245,"column":17}},{"start":{},"end":{}}]},"18":{"loc":{"start":{"line":242,"column":20},"end":{"line":242,"column":54}},"type":"binary-expr","locations":[{"start":{"line":242,"column":20},"end":{"line":242,"column":37}},{"start":{"line":242,"column":41},"end":{"line":242,"column":54}}]},"19":{"loc":{"start":{"line":252,"column":28},"end":{"line":252,"column":83}},"type":"cond-expr","locations":[{"start":{"line":252,"column":67},"end":{"line":252,"column":73}},{"start":{"line":252,"column":76},"end":{"line":252,"column":83}}]},"20":{"loc":{"start":{"line":263,"column":9},"end":{"line":268,"column":null}},"type":"binary-expr","locations":[{"start":{"line":263,"column":9},"end":{"line":263,"column":40}},{"start":{"line":264,"column":10},"end":{"line":267,"column":null}}]},"21":{"loc":{"start":{"line":270,"column":9},"end":{"line":279,"column":null}},"type":"binary-expr","locations":[{"start":{"line":270,"column":9},"end":{"line":270,"column":26}},{"start":{"line":271,"column":10},"end":{"line":278,"column":null}}]},"22":{"loc":{"start":{"line":281,"column":9},"end":{"line":281,"column":70}},"type":"binary-expr","locations":[{"start":{"line":281,"column":9},"end":{"line":281,"column":22}},{"start":{"line":281,"column":26},"end":{"line":281,"column":70}}]},"23":{"loc":{"start":{"line":282,"column":9},"end":{"line":288,"column":null}},"type":"binary-expr","locations":[{"start":{"line":282,"column":9},"end":{"line":282,"column":22}},{"start":{"line":282,"column":26},"end":{"line":282,"column":41}},{"start":{"line":283,"column":10},"end":{"line":287,"column":null}}]}},"s":{"0":3,"1":3,"2":3,"3":3,"4":3,"5":3,"6":3,"7":3,"8":3,"9":3,"10":3,"11":3,"12":3,"13":3,"14":43,"15":43,"16":43,"17":43,"18":43,"19":43,"20":43,"21":43,"22":43,"23":43,"24":43,"25":43,"26":0,"27":0,"28":0,"29":0,"30":43,"31":0,"32":0,"33":0,"34":0,"35":43,"36":0,"37":0,"38":0,"39":0,"40":43,"41":0,"42":0,"43":0,"44":0,"45":43,"46":0,"47":0,"48":43,"49":0,"50":0,"51":0,"52":43,"53":0,"54":0,"55":43,"56":0,"57":43,"58":0,"59":43,"60":0,"61":0,"62":0,"63":0,"64":0,"65":0,"66":0,"67":0,"68":0,"69":0,"70":0,"71":0,"72":0,"73":0,"74":0,"75":0,"76":0,"77":0,"78":0,"79":0,"80":0,"81":0,"82":0,"83":0,"84":0,"85":0,"86":0,"87":0,"88":43,"89":1,"90":1,"91":1,"92":1,"93":43,"94":16,"95":0,"96":0,"97":0,"98":0,"99":96,"100":27,"101":1,"102":26,"103":0,"104":0,"105":0,"106":0,"107":0,"108":0,"109":0,"110":0,"111":5,"112":10,"113":1,"114":0,"115":0,"116":0,"117":0,"118":0,"119":0,"120":0,"121":0,"122":3},"f":{"0":43,"1":0,"2":0,"3":0,"4":0,"5":0,"6":0,"7":0,"8":0,"9":0,"10":0,"11":0,"12":0,"13":0,"14":0,"15":1,"16":0,"17":0,"18":0,"19":0,"20":96,"21":0,"22":0,"23":0,"24":0,"25":0,"26":0,"27":0,"28":0,"29":5,"30":10,"31":1,"32":0,"33":0,"34":0,"35":0,"36":0,"37":0},"b":{"0":[0,0],"1":[0,0],"2":[0,0],"3":[0,0],"4":[0,0],"5":[0,0],"6":[0,0,0,0,0,0,0,0,0],"7":[0,0],"8":[16,27],"9":[1,26],"10":[26,26,26,26,0],"11":[0,0],"12":[0,0],"13":[0,0],"14":[0,0],"15":[1,4],"16":[0,5],"17":[0,0],"18":[0,0],"19":[1,4],"20":[26,0],"21":[26,0],"22":[26,0],"23":[26,1,1]}}
,"/Users/michael/pm-tools-templates/PM Tools Templates - Q3 2025 Delivery Cycle/Implementation/template-selector/src/components/__tests__/TemplatePreview.test.tsx": {"path":"/Users/michael/pm-tools-templates/PM Tools Templates - Q3 2025 Delivery Cycle/Implementation/template-selector/src/components/__tests__/TemplatePreview.test.tsx","statementMap":{"0":{"start":{"line":1,"column":0},"end":{"line":1,"column":26}},"1":{"start":{"line":2,"column":0},"end":{"line":2,"column":67}},"2":{"start":{"line":3,"column":0},"end":{"line":3,"column":35}},"3":{"start":{"line":4,"column":0},"end":{"line":4,"column":53}},"4":{"start":{"line":6,"column":21},"end":{"line":26,"column":2}},"5":{"start":{"line":28,"column":0},"end":{"line":141,"column":3}},"6":{"start":{"line":29,"column":22},"end":{"line":29,"column":31}},"7":{"start":{"line":30,"column":20},"end":{"line":30,"column":29}},"8":{"start":{"line":31,"column":25},"end":{"line":31,"column":34}},"9":{"start":{"line":32,"column":22},"end":{"line":32,"column":31}},"10":{"start":{"line":34,"column":2},"end":{"line":36,"column":5}},"11":{"start":{"line":35,"column":4},"end":{"line":35,"column":25}},"12":{"start":{"line":38,"column":2},"end":{"line":67,"column":5}},"13":{"start":{"line":39,"column":4},"end":{"line":47,"column":6}},"14":{"start":{"line":50,"column":4},"end":{"line":50,"column":66}},"15":{"start":{"line":51,"column":4},"end":{"line":51,"column":71}},"16":{"start":{"line":54,"column":4},"end":{"line":54,"column":58}},"17":{"start":{"line":55,"column":4},"end":{"line":55,"column":61}},"18":{"start":{"line":56,"column":4},"end":{"line":56,"column":65}},"19":{"start":{"line":59,"column":4},"end":{"line":59,"column":64}},"20":{"start":{"line":60,"column":4},"end":{"line":60,"column":63}},"21":{"start":{"line":61,"column":4},"end":{"line":61,"column":58}},"22":{"start":{"line":62,"column":4},"end":{"line":62,"column":56}},"23":{"start":{"line":65,"column":4},"end":{"line":65,"column":65}},"24":{"start":{"line":66,"column":4},"end":{"line":66,"column":73}},"25":{"start":{"line":69,"column":2},"end":{"line":95,"column":5}},"26":{"start":{"line":70,"column":4},"end":{"line":78,"column":6}},"27":{"start":{"line":81,"column":4},"end":{"line":81,"column":76}},"28":{"start":{"line":82,"column":4},"end":{"line":82,"column":49}},"29":{"start":{"line":85,"column":4},"end":{"line":85,"column":75}},"30":{"start":{"line":86,"column":4},"end":{"line":86,"column":48}},"31":{"start":{"line":89,"column":4},"end":{"line":89,"column":71}},"32":{"start":{"line":90,"column":4},"end":{"line":90,"column":53}},"33":{"start":{"line":93,"column":4},"end":{"line":93,"column":68}},"34":{"start":{"line":94,"column":4},"end":{"line":94,"column":50}},"35":{"start":{"line":97,"column":2},"end":{"line":112,"column":5}},"36":{"start":{"line":98,"column":4},"end":{"line":104,"column":6}},"37":{"start":{"line":107,"column":4},"end":{"line":107,"column":86}},"38":{"start":{"line":110,"column":4},"end":{"line":110,"column":88}},"39":{"start":{"line":111,"column":4},"end":{"line":111,"column":85}},"40":{"start":{"line":114,"column":2},"end":{"line":140,"column":5}},"41":{"start":{"line":115,"column":36},"end":{"line":121,"column":6}},"42":{"start":{"line":123,"column":4},"end":{"line":129,"column":6}},"43":{"start":{"line":132,"column":4},"end":{"line":132,"column":66}},"44":{"start":{"line":133,"column":4},"end":{"line":133,"column":71}},"45":{"start":{"line":134,"column":4},"end":{"line":134,"column":58}},"46":{"start":{"line":135,"column":4},"end":{"line":135,"column":61}},"47":{"start":{"line":138,"column":4},"end":{"line":138,"column":65}},"48":{"start":{"line":139,"column":4},"end":{"line":139,"column":66}}},"fnMap":{"0":{"name":"(anonymous_1)","decl":{"start":{"line":28,"column":28},"end":{"line":28,"column":31}},"loc":{"start":{"line":28,"column":33},"end":{"line":141,"column":1}}},"1":{"name":"(anonymous_2)","decl":{"start":{"line":34,"column":13},"end":{"line":34,"column":16}},"loc":{"start":{"line":34,"column":18},"end":{"line":36,"column":3}}},"2":{"name":"(anonymous_3)","decl":{"start":{"line":38,"column":47},"end":{"line":38,"column":50}},"loc":{"start":{"line":38,"column":52},"end":{"line":67,"column":3}}},"3":{"name":"(anonymous_4)","decl":{"start":{"line":69,"column":40},"end":{"line":69,"column":43}},"loc":{"start":{"line":69,"column":45},"end":{"line":95,"column":3}}},"4":{"name":"(anonymous_5)","decl":{"start":{"line":97,"column":42},"end":{"line":97,"column":45}},"loc":{"start":{"line":97,"column":47},"end":{"line":112,"column":3}}},"5":{"name":"(anonymous_6)","decl":{"start":{"line":114,"column":42},"end":{"line":114,"column":45}},"loc":{"start":{"line":114,"column":47},"end":{"line":140,"column":3}}}},"branchMap":{},"s":{"0":0,"1":0,"2":0,"3":0,"4":0,"5":0,"6":0,"7":0,"8":0,"9":0,"10":0,"11":0,"12":0,"13":0,"14":0,"15":0,"16":0,"17":0,"18":0,"19":0,"20":0,"21":0,"22":0,"23":0,"24":0,"25":0,"26":0,"27":0,"28":0,"29":0,"30":0,"31":0,"32":0,"33":0,"34":0,"35":0,"36":0,"37":0,"38":0,"39":0,"40":0,"41":0,"42":0,"43":0,"44":0,"45":0,"46":0,"47":0,"48":0},"f":{"0":0,"1":0,"2":0,"3":0,"4":0,"5":0},"b":{}}
,"/Users/michael/pm-tools-templates/PM Tools Templates - Q3 2025 Delivery Cycle/Implementation/template-selector/src/hooks/useFilters.ts": {"path":"/Users/michael/pm-tools-templates/PM Tools Templates - Q3 2025 Delivery Cycle/Implementation/template-selector/src/hooks/useFilters.ts","statementMap":{"0":{"start":{"line":1,"column":0},"end":{"line":1,"column":46}},"1":{"start":{"line":19,"column":26},"end":{"line":63,"column":1}},"2":{"start":{"line":20,"column":40},"end":{"line":20,"column":52}},"3":{"start":{"line":21,"column":34},"end":{"line":21,"column":46}},"4":{"start":{"line":22,"column":38},"end":{"line":22,"column":97}},"5":{"start":{"line":23,"column":40},"end":{"line":23,"column":52}},"6":{"start":{"line":24,"column":40},"end":{"line":24,"column":51}},"7":{"start":{"line":26,"column":23},"end":{"line":32,"column":8}},"8":{"start":{"line":27,"column":4},"end":{"line":27,"column":23}},"9":{"start":{"line":28,"column":4},"end":{"line":28,"column":20}},"10":{"start":{"line":29,"column":4},"end":{"line":29,"column":22}},"11":{"start":{"line":30,"column":4},"end":{"line":30,"column":23}},"12":{"start":{"line":31,"column":4},"end":{"line":31,"column":22}},"13":{"start":{"line":34,"column":24},"end":{"line":47,"column":8}},"14":{"start":{"line":35,"column":28},"end":{"line":35,"column":42}},"15":{"start":{"line":37,"column":4},"end":{"line":46,"column":5}},"16":{"start":{"line":39,"column":8},"end":{"line":39,"column":76}},"17":{"start":{"line":39,"column":46},"end":{"line":39,"column":74}},"18":{"start":{"line":41,"column":8},"end":{"line":43,"column":10}},"19":{"start":{"line":42,"column":10},"end":{"line":42,"column":79}},"20":{"start":{"line":45,"column":8},"end":{"line":45,"column":31}},"21":{"start":{"line":49,"column":2},"end":{"line":62,"column":4}},"22":{"start":{"line":19,"column":13},"end":{"line":19,"column":26}}},"fnMap":{"0":{"name":"(anonymous_0)","decl":{"start":{"line":19,"column":26},"end":{"line":19,"column":47}},"loc":{"start":{"line":19,"column":49},"end":{"line":63,"column":1}}},"1":{"name":"(anonymous_1)","decl":{"start":{"line":26,"column":35},"end":{"line":26,"column":38}},"loc":{"start":{"line":26,"column":40},"end":{"line":32,"column":3}}},"2":{"name":"(anonymous_2)","decl":{"start":{"line":34,"column":36},"end":{"line":34,"column":37}},"loc":{"start":{"line":34,"column":89},"end":{"line":47,"column":3}}},"3":{"name":"(anonymous_3)","decl":{"start":{"line":39,"column":36},"end":{"line":39,"column":37}},"loc":{"start":{"line":39,"column":46},"end":{"line":39,"column":74}}},"4":{"name":"(anonymous_4)","decl":{"start":{"line":41,"column":36},"end":{"line":41,"column":37}},"loc":{"start":{"line":42,"column":10},"end":{"line":42,"column":79}}}},"branchMap":{"0":{"loc":{"start":{"line":37,"column":4},"end":{"line":46,"column":5}},"type":"switch","locations":[{"start":{"line":38,"column":6},"end":{"line":39,"column":76}},{"start":{"line":40,"column":6},"end":{"line":43,"column":10}},{"start":{"line":44,"column":6},"end":{"line":45,"column":31}}]}},"s":{"0":3,"1":3,"2":43,"3":43,"4":43,"5":43,"6":43,"7":43,"8":0,"9":0,"10":0,"11":0,"12":0,"13":43,"14":0,"15":0,"16":0,"17":0,"18":0,"19":0,"20":0,"21":43,"22":3},"f":{"0":43,"1":0,"2":0,"3":0,"4":0},"b":{"0":[0,0,0]}}
,"/Users/michael/pm-tools-templates/PM Tools Templates - Q3 2025 Delivery Cycle/Implementation/template-selector/src/hooks/useGridColumns.ts": {"path":"/Users/michael/pm-tools-templates/PM Tools Templates - Q3 2025 Delivery Cycle/Implementation/template-selector/src/hooks/useGridColumns.ts","statementMap":{"0":{"start":{"line":1,"column":0},"end":{"line":1,"column":63}},"1":{"start":{"line":8,"column":30},"end":{"line":34,"column":1}},"2":{"start":{"line":9,"column":40},"end":{"line":9,"column":51}},"3":{"start":{"line":10,"column":18},"end":{"line":10,"column":46}},"4":{"start":{"line":12,"column":2},"end":{"line":28,"column":21}},"5":{"start":{"line":13,"column":4},"end":{"line":13,"column":33}},"6":{"start":{"line":13,"column":26},"end":{"line":13,"column":33}},"7":{"start":{"line":15,"column":30},"end":{"line":20,"column":5}},"8":{"start":{"line":16,"column":6},"end":{"line":16,"column":35}},"9":{"start":{"line":16,"column":28},"end":{"line":16,"column":35}},"10":{"start":{"line":17,"column":24},"end":{"line":17,"column":69}},"11":{"start":{"line":18,"column":25},"end":{"line":18,"column":61}},"12":{"start":{"line":19,"column":6},"end":{"line":19,"column":46}},"13":{"start":{"line":22,"column":27},"end":{"line":22,"column":64}},"14":{"start":{"line":23,"column":4},"end":{"line":23,"column":44}},"15":{"start":{"line":25,"column":4},"end":{"line":27,"column":6}},"16":{"start":{"line":26,"column":6},"end":{"line":26,"column":34}},"17":{"start":{"line":30,"column":2},"end":{"line":33,"column":4}},"18":{"start":{"line":8,"column":13},"end":{"line":8,"column":30}}},"fnMap":{"0":{"name":"(anonymous_0)","decl":{"start":{"line":8,"column":30},"end":{"line":8,"column":31}},"loc":{"start":{"line":8,"column":83},"end":{"line":34,"column":1}}},"1":{"name":"(anonymous_1)","decl":{"start":{"line":12,"column":12},"end":{"line":12,"column":15}},"loc":{"start":{"line":12,"column":17},"end":{"line":28,"column":3}}},"2":{"name":"(anonymous_2)","decl":{"start":{"line":15,"column":30},"end":{"line":15,"column":33}},"loc":{"start":{"line":15,"column":35},"end":{"line":20,"column":5}}},"3":{"name":"(anonymous_3)","decl":{"start":{"line":25,"column":11},"end":{"line":25,"column":14}},"loc":{"start":{"line":25,"column":16},"end":{"line":27,"column":5}}}},"branchMap":{"0":{"loc":{"start":{"line":8,"column":31},"end":{"line":8,"column":57}},"type":"default-arg","locations":[{"start":{"line":8,"column":54},"end":{"line":8,"column":57}}]},"1":{"loc":{"start":{"line":13,"column":4},"end":{"line":13,"column":33}},"type":"if","locations":[{"start":{"line":13,"column":4},"end":{"line":13,"column":33}},{"start":{},"end":{}}]},"2":{"loc":{"start":{"line":16,"column":6},"end":{"line":16,"column":35}},"type":"if","locations":[{"start":{"line":16,"column":6},"end":{"line":16,"column":35}},{"start":{},"end":{}}]}},"s":{"0":3,"1":3,"2":43,"3":43,"4":43,"5":16,"6":0,"7":16,"8":0,"9":0,"10":0,"11":0,"12":0,"13":16,"14":16,"15":16,"16":16,"17":43,"18":3},"f":{"0":43,"1":16,"2":0,"3":16},"b":{"0":[0],"1":[0,16],"2":[0,0]}}
,"/Users/michael/pm-tools-templates/PM Tools Templates - Q3 2025 Delivery Cycle/Implementation/template-selector/src/hooks/useHotkeys.ts": {"path":"/Users/michael/pm-tools-templates/PM Tools Templates - Q3 2025 Delivery Cycle/Implementation/template-selector/src/hooks/useHotkeys.ts","statementMap":{"0":{"start":{"line":1,"column":0},"end":{"line":1,"column":34}},"1":{"start":{"line":6,"column":20},"end":{"line":13,"column":1}},"2":{"start":{"line":7,"column":16},"end":{"line":7,"column":47}},"3":{"start":{"line":8,"column":2},"end":{"line":12,"column":4}},"4":{"start":{"line":15,"column":26},"end":{"line":37,"column":1}},"5":{"start":{"line":16,"column":2},"end":{"line":36,"column":25}},"6":{"start":{"line":17,"column":19},"end":{"line":17,"column":38}},"7":{"start":{"line":19,"column":26},"end":{"line":32,"column":5}},"8":{"start":{"line":20,"column":18},"end":{"line":20,"column":37}},"9":{"start":{"line":21,"column":19},"end":{"line":21,"column":28}},"10":{"start":{"line":22,"column":19},"end":{"line":22,"column":28}},"11":{"start":{"line":24,"column":6},"end":{"line":31,"column":7}},"12":{"start":{"line":29,"column":8},"end":{"line":29,"column":27}},"13":{"start":{"line":30,"column":8},"end":{"line":30,"column":20}},"14":{"start":{"line":34,"column":4},"end":{"line":34,"column":54}},"15":{"start":{"line":35,"column":4},"end":{"line":35,"column":70}},"16":{"start":{"line":35,"column":17},"end":{"line":35,"column":69}},"17":{"start":{"line":15,"column":13},"end":{"line":15,"column":26}}},"fnMap":{"0":{"name":"(anonymous_0)","decl":{"start":{"line":6,"column":20},"end":{"line":6,"column":21}},"loc":{"start":{"line":6,"column":86},"end":{"line":13,"column":1}}},"1":{"name":"(anonymous_1)","decl":{"start":{"line":15,"column":26},"end":{"line":15,"column":27}},"loc":{"start":{"line":15,"column":65},"end":{"line":37,"column":1}}},"2":{"name":"(anonymous_2)","decl":{"start":{"line":16,"column":12},"end":{"line":16,"column":15}},"loc":{"start":{"line":16,"column":17},"end":{"line":36,"column":3}}},"3":{"name":"(anonymous_3)","decl":{"start":{"line":19,"column":26},"end":{"line":19,"column":27}},"loc":{"start":{"line":19,"column":47},"end":{"line":32,"column":5}}},"4":{"name":"(anonymous_4)","decl":{"start":{"line":35,"column":11},"end":{"line":35,"column":14}},"loc":{"start":{"line":35,"column":17},"end":{"line":35,"column":69}}}},"branchMap":{"0":{"loc":{"start":{"line":11,"column":10},"end":{"line":11,"column":54}},"type":"binary-expr","locations":[{"start":{"line":11,"column":10},"end":{"line":11,"column":31}},{"start":{"line":11,"column":35},"end":{"line":11,"column":54}}]},"1":{"loc":{"start":{"line":24,"column":6},"end":{"line":31,"column":7}},"type":"if","locations":[{"start":{"line":24,"column":6},"end":{"line":31,"column":7}},{"start":{},"end":{}}]},"2":{"loc":{"start":{"line":25,"column":8},"end":{"line":27,"column":28}},"type":"binary-expr","locations":[{"start":{"line":25,"column":8},"end":{"line":25,"column":26}},{"start":{"line":26,"column":8},"end":{"line":26,"column":28}},{"start":{"line":27,"column":8},"end":{"line":27,"column":28}}]}},"s":{"0":3,"1":3,"2":315,"3":315,"4":3,"5":387,"6":315,"7":315,"8":0,"9":0,"10":0,"11":0,"12":0,"13":0,"14":315,"15":315,"16":315,"17":3},"f":{"0":315,"1":387,"2":315,"3":0,"4":315},"b":{"0":[315,315],"1":[0,0],"2":[0,0,0]}}
,"/Users/michael/pm-tools-templates/PM Tools Templates - Q3 2025 Delivery Cycle/Implementation/template-selector/src/hooks/useTemplates.ts": {"path":"/Users/michael/pm-tools-templates/PM Tools Templates - Q3 2025 Delivery Cycle/Implementation/template-selector/src/hooks/useTemplates.ts","statementMap":{"0":{"start":{"line":1,"column":0},"end":{"line":1,"column":57}},"1":{"start":{"line":5,"column":26},"end":{"line":7,"column":1}},"2":{"start":{"line":6,"column":2},"end":{"line":6,"column":75}},"3":{"start":{"line":26,"column":28},"end":{"line":129,"column":1}},"4":{"start":{"line":35,"column":36},"end":{"line":35,"column":60}},"5":{"start":{"line":36,"column":32},"end":{"line":36,"column":47}},"6":{"start":{"line":37,"column":28},"end":{"line":37,"column":57}},"7":{"start":{"line":38,"column":58},"end":{"line":38,"column":70}},"8":{"start":{"line":41,"column":2},"end":{"line":47,"column":32}},"9":{"start":{"line":42,"column":18},"end":{"line":44,"column":18}},"10":{"start":{"line":43,"column":6},"end":{"line":43,"column":43}},"11":{"start":{"line":46,"column":4},"end":{"line":46,"column":37}},"12":{"start":{"line":46,"column":17},"end":{"line":46,"column":36}},"13":{"start":{"line":50,"column":2},"end":{"line":121,"column":91}},"14":{"start":{"line":51,"column":22},"end":{"line":51,"column":27}},"15":{"start":{"line":53,"column":27},"end":{"line":114,"column":5}},"16":{"start":{"line":54,"column":6},"end":{"line":54,"column":30}},"17":{"start":{"line":54,"column":23},"end":{"line":54,"column":30}},"18":{"start":{"line":57,"column":6},"end":{"line":57,"column":23}},"19":{"start":{"line":58,"column":6},"end":{"line":58,"column":21}},"20":{"start":{"line":60,"column":6},"end":{"line":113,"column":7}},"21":{"start":{"line":62,"column":27},"end":{"line":62,"column":88}},"22":{"start":{"line":64,"column":8},"end":{"line":105,"column":9}},"23":{"start":{"line":66,"column":27},"end":{"line":79,"column":12}},"24":{"start":{"line":81,"column":10},"end":{"line":83,"column":11}},"25":{"start":{"line":82,"column":12},"end":{"line":82,"column":58}},"26":{"start":{"line":85,"column":23},"end":{"line":85,"column":44}},"27":{"start":{"line":86,"column":10},"end":{"line":90,"column":11}},"28":{"start":{"line":88,"column":12},"end":{"line":88,"column":47}},"29":{"start":{"line":89,"column":12},"end":{"line":89,"column":30}},"30":{"start":{"line":93,"column":27},"end":{"line":93,"column":98}},"31":{"start":{"line":95,"column":10},"end":{"line":97,"column":11}},"32":{"start":{"line":96,"column":12},"end":{"line":96,"column":57}},"33":{"start":{"line":99,"column":23},"end":{"line":99,"column":44}},"34":{"start":{"line":100,"column":10},"end":{"line":104,"column":11}},"35":{"start":{"line":102,"column":12},"end":{"line":102,"column":47}},"36":{"start":{"line":103,"column":12},"end":{"line":103,"column":30}},"37":{"start":{"line":107,"column":8},"end":{"line":107,"column":56}},"38":{"start":{"line":108,"column":8},"end":{"line":112,"column":9}},"39":{"start":{"line":109,"column":10},"end":{"line":109,"column":77}},"40":{"start":{"line":110,"column":10},"end":{"line":110,"column":27}},"41":{"start":{"line":111,"column":10},"end":{"line":111,"column":28}},"42":{"start":{"line":116,"column":4},"end":{"line":116,"column":21}},"43":{"start":{"line":118,"column":4},"end":{"line":120,"column":6}},"44":{"start":{"line":119,"column":6},"end":{"line":119,"column":25}},"45":{"start":{"line":123,"column":2},"end":{"line":128,"column":4}},"46":{"start":{"line":26,"column":13},"end":{"line":26,"column":28}}},"fnMap":{"0":{"name":"(anonymous_0)","decl":{"start":{"line":5,"column":26},"end":{"line":5,"column":29}},"loc":{"start":{"line":5,"column":31},"end":{"line":7,"column":1}}},"1":{"name":"(anonymous_1)","decl":{"start":{"line":26,"column":28},"end":{"line":26,"column":29}},"loc":{"start":{"line":34,"column":45},"end":{"line":129,"column":1}}},"2":{"name":"(anonymous_2)","decl":{"start":{"line":41,"column":12},"end":{"line":41,"column":15}},"loc":{"start":{"line":41,"column":17},"end":{"line":47,"column":3}}},"3":{"name":"(anonymous_3)","decl":{"start":{"line":42,"column":29},"end":{"line":42,"column":32}},"loc":{"start":{"line":42,"column":34},"end":{"line":44,"column":5}}},"4":{"name":"(anonymous_4)","decl":{"start":{"line":46,"column":11},"end":{"line":46,"column":14}},"loc":{"start":{"line":46,"column":17},"end":{"line":46,"column":36}}},"5":{"name":"(anonymous_5)","decl":{"start":{"line":50,"column":12},"end":{"line":50,"column":15}},"loc":{"start":{"line":50,"column":17},"end":{"line":121,"column":3}}},"6":{"name":"(anonymous_6)","decl":{"start":{"line":53,"column":27},"end":{"line":53,"column":32}},"loc":{"start":{"line":53,"column":38},"end":{"line":114,"column":5}}},"7":{"name":"(anonymous_7)","decl":{"start":{"line":118,"column":11},"end":{"line":118,"column":14}},"loc":{"start":{"line":118,"column":16},"end":{"line":120,"column":5}}}},"branchMap":{"0":{"loc":{"start":{"line":6,"column":9},"end":{"line":6,"column":74}},"type":"binary-expr","locations":[{"start":{"line":6,"column":9},"end":{"line":6,"column":39}},{"start":{"line":6,"column":43},"end":{"line":6,"column":74}}]},"1":{"loc":{"start":{"line":33,"column":2},"end":{"line":33,"column":18}},"type":"default-arg","locations":[{"start":{"line":33,"column":15},"end":{"line":33,"column":18}}]},"2":{"loc":{"start":{"line":54,"column":6},"end":{"line":54,"column":30}},"type":"if","locations":[{"start":{"line":54,"column":6},"end":{"line":54,"column":30}},{"start":{},"end":{}}]},"3":{"loc":{"start":{"line":62,"column":27},"end":{"line":62,"column":88}},"type":"binary-expr","locations":[{"start":{"line":62,"column":27},"end":{"line":62,"column":47}},{"start":{"line":62,"column":51},"end":{"line":62,"column":62}},{"start":{"line":62,"column":66},"end":{"line":62,"column":74}},{"start":{"line":62,"column":78},"end":{"line":62,"column":88}}]},"4":{"loc":{"start":{"line":64,"column":8},"end":{"line":105,"column":9}},"type":"if","locations":[{"start":{"line":64,"column":8},"end":{"line":105,"column":9}},{"start":{"line":91,"column":15},"end":{"line":105,"column":9}}]},"5":{"loc":{"start":{"line":73,"column":27},"end":{"line":73,"column":51}},"type":"binary-expr","locations":[{"start":{"line":73,"column":27},"end":{"line":73,"column":38}},{"start":{"line":73,"column":42},"end":{"line":73,"column":51}}]},"6":{"loc":{"start":{"line":74,"column":24},"end":{"line":74,"column":45}},"type":"binary-expr","locations":[{"start":{"line":74,"column":24},"end":{"line":74,"column":32}},{"start":{"line":74,"column":36},"end":{"line":74,"column":45}}]},"7":{"loc":{"start":{"line":75,"column":26},"end":{"line":75,"column":64}},"type":"binary-expr","locations":[{"start":{"line":75,"column":26},"end":{"line":75,"column":51}},{"start":{"line":75,"column":55},"end":{"line":75,"column":64}}]},"8":{"loc":{"start":{"line":81,"column":10},"end":{"line":83,"column":11}},"type":"if","locations":[{"start":{"line":81,"column":10},"end":{"line":83,"column":11}},{"start":{},"end":{}}]},"9":{"loc":{"start":{"line":86,"column":10},"end":{"line":90,"column":11}},"type":"if","locations":[{"start":{"line":86,"column":10},"end":{"line":90,"column":11}},{"start":{},"end":{}}]},"10":{"loc":{"start":{"line":88,"column":25},"end":{"line":88,"column":45}},"type":"binary-expr","locations":[{"start":{"line":88,"column":25},"end":{"line":88,"column":39}},{"start":{"line":88,"column":43},"end":{"line":88,"column":45}}]},"11":{"loc":{"start":{"line":95,"column":10},"end":{"line":97,"column":11}},"type":"if","locations":[{"start":{"line":95,"column":10},"end":{"line":97,"column":11}},{"start":{},"end":{}}]},"12":{"loc":{"start":{"line":100,"column":10},"end":{"line":104,"column":11}},"type":"if","locations":[{"start":{"line":100,"column":10},"end":{"line":104,"column":11}},{"start":{},"end":{}}]},"13":{"loc":{"start":{"line":102,"column":25},"end":{"line":102,"column":45}},"type":"binary-expr","locations":[{"start":{"line":102,"column":25},"end":{"line":102,"column":39}},{"start":{"line":102,"column":43},"end":{"line":102,"column":45}}]},"14":{"loc":{"start":{"line":108,"column":8},"end":{"line":112,"column":9}},"type":"if","locations":[{"start":{"line":108,"column":8},"end":{"line":112,"column":9}},{"start":{},"end":{}}]},"15":{"loc":{"start":{"line":109,"column":19},"end":{"line":109,"column":75}},"type":"cond-expr","locations":[{"start":{"line":109,"column":42},"end":{"line":109,"column":53}},{"start":{"line":109,"column":56},"end":{"line":109,"column":75}}]}},"s":{"0":3,"1":3,"2":0,"3":3,"4":43,"5":43,"6":43,"7":43,"8":43,"9":16,"10":1,"11":16,"12":16,"13":43,"14":16,"15":16,"16":16,"17":0,"18":16,"19":16,"20":16,"21":16,"22":16,"23":0,"24":0,"25":0,"26":0,"27":0,"28":0,"29":0,"30":16,"31":16,"32":1,"33":15,"34":15,"35":9,"36":9,"37":1,"38":1,"39":1,"40":1,"41":1,"42":16,"43":16,"44":16,"45":43,"46":3},"f":{"0":0,"1":43,"2":16,"3":1,"4":16,"5":16,"6":16,"7":16},"b":{"0":[0,0],"1":[43],"2":[0,16],"3":[16,16,16,16],"4":[0,16],"5":[0,0],"6":[0,0],"7":[0,0],"8":[0,0],"9":[0,0],"10":[0,0],"11":[1,15],"12":[9,6],"13":[9,0],"14":[1,0],"15":[1,0]}}
,"/Users/michael/pm-tools-templates/PM Tools Templates - Q3 2025 Delivery Cycle/Implementation/template-selector/src/mocks/api.ts": {"path":"/Users/michael/pm-tools-templates/PM Tools Templates - Q3 2025 Delivery Cycle/Implementation/template-selector/src/mocks/api.ts","statementMap":{"0":{"start":{"line":4,"column":0},"end":{"line":4,"column":16}},"1":{"start":{"line":1,"column":0},"end":{"line":1,"column":44}},"2":{"start":{"line":5,"column":2},"end":{"line":5,"column":67}},"3":{"start":{"line":7,"column":2},"end":{"line":16,"column":3}},"4":{"start":{"line":8,"column":4},"end":{"line":8,"column":59}},"5":{"start":{"line":9,"column":4},"end":{"line":12,"column":7}},"6":{"start":{"line":13,"column":4},"end":{"line":13,"column":43}},"7":{"start":{"line":14,"column":4},"end":{"line":14,"column":50}},"8":{"start":{"line":15,"column":4},"end":{"line":15,"column":11}},"9":{"start":{"line":18,"column":2},"end":{"line":18,"column":61}},"10":{"start":{"line":19,"column":2},"end":{"line":19,"column":9}}},"fnMap":{"0":{"name":"apiMiddleware","decl":{"start":{"line":4,"column":16},"end":{"line":4,"column":29}},"loc":{"start":{"line":4,"column":115},"end":{"line":20,"column":1}}}},"branchMap":{"0":{"loc":{"start":{"line":7,"column":2},"end":{"line":16,"column":3}},"type":"if","locations":[{"start":{"line":7,"column":2},"end":{"line":16,"column":3}},{"start":{},"end":{}}]}},"s":{"0":0,"1":0,"2":0,"3":0,"4":0,"5":0,"6":0,"7":0,"8":0,"9":0,"10":0},"f":{"0":0},"b":{"0":[0,0]}}
,"/Users/michael/pm-tools-templates/PM Tools Templates - Q3 2025 Delivery Cycle/Implementation/template-selector/src/mocks/templates.ts": {"path":"/Users/michael/pm-tools-templates/PM Tools Templates - Q3 2025 Delivery Cycle/Implementation/template-selector/src/mocks/templates.ts","statementMap":{"0":{"start":{"line":3,"column":13},"end":{"line":39,"column":2}}},"fnMap":{},"branchMap":{},"s":{"0":0},"f":{},"b":{}}
,"/Users/michael/pm-tools-templates/PM Tools Templates - Q3 2025 Delivery Cycle/Implementation/template-selector/src/plugins/mockApi.ts": {"path":"/Users/michael/pm-tools-templates/PM Tools Templates - Q3 2025 Delivery Cycle/Implementation/template-selector/src/plugins/mockApi.ts","statementMap":{"0":{"start":{"line":4,"column":0},"end":{"line":4,"column":16}},"1":{"start":{"line":2,"column":0},"end":{"line":2,"column":51}},"2":{"start":{"line":5,"column":2},"end":{"line":17,"column":4}},"3":{"start":{"line":8,"column":6},"end":{"line":15,"column":9}},"4":{"start":{"line":9,"column":8},"end":{"line":13,"column":9}},"5":{"start":{"line":10,"column":10},"end":{"line":10,"column":60}},"6":{"start":{"line":11,"column":10},"end":{"line":11,"column":49}},"7":{"start":{"line":12,"column":10},"end":{"line":12,"column":17}},"8":{"start":{"line":14,"column":8},"end":{"line":14,"column":15}}},"fnMap":{"0":{"name":"mockApiPlugin","decl":{"start":{"line":4,"column":16},"end":{"line":4,"column":29}},"loc":{"start":{"line":4,"column":29},"end":{"line":18,"column":1}}},"1":{"name":"(anonymous_1)","decl":{"start":{"line":7,"column":4},"end":{"line":7,"column":19}},"loc":{"start":{"line":7,"column":26},"end":{"line":16,"column":5}}},"2":{"name":"(anonymous_2)","decl":{"start":{"line":8,"column":29},"end":{"line":8,"column":30}},"loc":{"start":{"line":8,"column":48},"end":{"line":15,"column":7}}}},"branchMap":{"0":{"loc":{"start":{"line":9,"column":8},"end":{"line":13,"column":9}},"type":"if","locations":[{"start":{"line":9,"column":8},"end":{"line":13,"column":9}},{"start":{},"end":{}}]}},"s":{"0":0,"1":0,"2":0,"3":0,"4":0,"5":0,"6":0,"7":0,"8":0},"f":{"0":0,"1":0,"2":0},"b":{"0":[0,0]}}
,"/Users/michael/pm-tools-templates/PM Tools Templates - Q3 2025 Delivery Cycle/Implementation/template-selector/src/services/templateService.ts": {"path":"/Users/michael/pm-tools-templates/PM Tools Templates - Q3 2025 Delivery Cycle/Implementation/template-selector/src/services/templateService.ts","statementMap":{"0":{"start":{"line":3,"column":21},"end":{"line":3,"column":65}},"1":{"start":{"line":11,"column":21},"end":{"line":21,"column":6}},"2":{"start":{"line":23,"column":4},"end":{"line":25,"column":5}},"3":{"start":{"line":24,"column":6},"end":{"line":24,"column":52}},"4":{"start":{"line":27,"column":4},"end":{"line":27,"column":27}},"5":{"start":{"line":31,"column":21},"end":{"line":31,"column":70}},"6":{"start":{"line":33,"column":4},"end":{"line":35,"column":5}},"7":{"start":{"line":34,"column":6},"end":{"line":34,"column":59}},"8":{"start":{"line":37,"column":4},"end":{"line":37,"column":27}},"9":{"start":{"line":41,"column":21},"end":{"line":41,"column":67}},"10":{"start":{"line":43,"column":4},"end":{"line":45,"column":5}},"11":{"start":{"line":44,"column":6},"end":{"line":44,"column":50}},"12":{"start":{"line":47,"column":4},"end":{"line":47,"column":27}},"13":{"start":{"line":54,"column":21},"end":{"line":63,"column":6}},"14":{"start":{"line":65,"column":4},"end":{"line":67,"column":5}},"15":{"start":{"line":66,"column":6},"end":{"line":66,"column":63}},"16":{"start":{"line":69,"column":4},"end":{"line":69,"column":27}},"17":{"start":{"line":77,"column":21},"end":{"line":86,"column":6}},"18":{"start":{"line":88,"column":4},"end":{"line":90,"column":5}},"19":{"start":{"line":89,"column":6},"end":{"line":89,"column":58}},"20":{"start":{"line":98,"column":21},"end":{"line":98,"column":81}},"21":{"start":{"line":100,"column":4},"end":{"line":102,"column":5}},"22":{"start":{"line":101,"column":6},"end":{"line":101,"column":61}},"23":{"start":{"line":104,"column":4},"end":{"line":104,"column":27}},"24":{"start":{"line":5,"column":0},"end":{"line":5,"column":13}}},"fnMap":{"0":{"name":"(anonymous_0)","decl":{"start":{"line":6,"column":2},"end":{"line":6,"column":8}},"loc":{"start":{"line":9,"column":25},"end":{"line":28,"column":3}}},"1":{"name":"(anonymous_1)","decl":{"start":{"line":30,"column":2},"end":{"line":30,"column":8}},"loc":{"start":{"line":30,"column":34},"end":{"line":38,"column":3}}},"2":{"name":"(anonymous_2)","decl":{"start":{"line":40,"column":2},"end":{"line":40,"column":8}},"loc":{"start":{"line":40,"column":41},"end":{"line":48,"column":3}}},"3":{"name":"(anonymous_3)","decl":{"start":{"line":50,"column":2},"end":{"line":50,"column":8}},"loc":{"start":{"line":52,"column":21},"end":{"line":70,"column":3}}},"4":{"name":"(anonymous_4)","decl":{"start":{"line":72,"column":2},"end":{"line":72,"column":8}},"loc":{"start":{"line":75,"column":21},"end":{"line":91,"column":3}}},"5":{"name":"(anonymous_5)","decl":{"start":{"line":93,"column":2},"end":{"line":93,"column":8}},"loc":{"start":{"line":93,"column":50},"end":{"line":105,"column":3}}}},"branchMap":{"0":{"loc":{"start":{"line":3,"column":21},"end":{"line":3,"column":65}},"type":"binary-expr","locations":[{"start":{"line":3,"column":21},"end":{"line":3,"column":55}},{"start":{"line":3,"column":59},"end":{"line":3,"column":65}}]},"1":{"loc":{"start":{"line":8,"column":4},"end":{"line":8,"column":20}},"type":"default-arg","locations":[{"start":{"line":8,"column":19},"end":{"line":8,"column":20}}]},"2":{"loc":{"start":{"line":9,"column":4},"end":{"line":9,"column":25}},"type":"default-arg","locations":[{"start":{"line":9,"column":23},"end":{"line":9,"column":25}}]},"3":{"loc":{"start":{"line":23,"column":4},"end":{"line":25,"column":5}},"type":"if","locations":[{"start":{"line":23,"column":4},"end":{"line":25,"column":5}},{"start":{},"end":{}}]},"4":{"loc":{"start":{"line":33,"column":4},"end":{"line":35,"column":5}},"type":"if","locations":[{"start":{"line":33,"column":4},"end":{"line":35,"column":5}},{"start":{},"end":{}}]},"5":{"loc":{"start":{"line":43,"column":4},"end":{"line":45,"column":5}},"type":"if","locations":[{"start":{"line":43,"column":4},"end":{"line":45,"column":5}},{"start":{},"end":{}}]},"6":{"loc":{"start":{"line":65,"column":4},"end":{"line":67,"column":5}},"type":"if","locations":[{"start":{"line":65,"column":4},"end":{"line":67,"column":5}},{"start":{},"end":{}}]},"7":{"loc":{"start":{"line":88,"column":4},"end":{"line":90,"column":5}},"type":"if","locations":[{"start":{"line":88,"column":4},"end":{"line":90,"column":5}},{"start":{},"end":{}}]},"8":{"loc":{"start":{"line":100,"column":4},"end":{"line":102,"column":5}},"type":"if","locations":[{"start":{"line":100,"column":4},"end":{"line":102,"column":5}},{"start":{},"end":{}}]}},"s":{"0":1,"1":2,"2":2,"3":1,"4":1,"5":0,"6":0,"7":0,"8":0,"9":2,"10":2,"11":1,"12":1,"13":2,"14":2,"15":1,"16":1,"17":2,"18":2,"19":1,"20":0,"21":0,"22":0,"23":0,"24":1},"f":{"0":2,"1":0,"2":2,"3":2,"4":2,"5":0},"b":{"0":[1,1],"1":[2],"2":[2],"3":[1,1],"4":[0,0],"5":[1,1],"6":[1,1],"7":[1,1],"8":[0,0]}}
,"/Users/michael/pm-tools-templates/PM Tools Templates - Q3 2025 Delivery Cycle/Implementation/template-selector/src/test-utils/commandPalette.ts": {"path":"/Users/michael/pm-tools-templates/PM Tools Templates - Q3 2025 Delivery Cycle/Implementation/template-selector/src/test-utils/commandPalette.ts","statementMap":{"0":{"start":{"line":1,"column":0},"end":{"line":1,"column":59}},"1":{"start":{"line":9,"column":13},"end":{"line":74,"column":2}},"2":{"start":{"line":11,"column":21},"end":{"line":16,"column":8}},"3":{"start":{"line":12,"column":24},"end":{"line":12,"column":78}},"4":{"start":{"line":14,"column":22},"end":{"line":14,"column":60}},"5":{"start":{"line":15,"column":8},"end":{"line":15,"column":48}},"6":{"start":{"line":17,"column":28},"end":{"line":18,"column":null}},"7":{"start":{"line":18,"column":6},"end":{"line":18,"column":53}},"8":{"start":{"line":20,"column":26},"end":{"line":22,"column":10}},"9":{"start":{"line":23,"column":24},"end":{"line":23,"column":51}},"10":{"start":{"line":24,"column":18},"end":{"line":24,"column":57}},"11":{"start":{"line":26,"column":4},"end":{"line":30,"column":6}},"12":{"start":{"line":34,"column":18},"end":{"line":34,"column":45}},"13":{"start":{"line":35,"column":16},"end":{"line":35,"column":60}},"14":{"start":{"line":37,"column":4},"end":{"line":39,"column":7}},"15":{"start":{"line":38,"column":6},"end":{"line":38,"column":40}},"16":{"start":{"line":41,"column":4},"end":{"line":41,"column":49}},"17":{"start":{"line":45,"column":18},"end":{"line":45,"column":45}},"18":{"start":{"line":46,"column":4},"end":{"line":46,"column":63}},"19":{"start":{"line":48,"column":4},"end":{"line":48,"column":49}},"20":{"start":{"line":52,"column":21},"end":{"line":52,"column":52}},"21":{"start":{"line":53,"column":4},"end":{"line":55,"column":5}},"22":{"start":{"line":54,"column":6},"end":{"line":54,"column":46}},"23":{"start":{"line":56,"column":4},"end":{"line":56,"column":49}},"24":{"start":{"line":60,"column":21},"end":{"line":61,"column":79}},"25":{"start":{"line":61,"column":24},"end":{"line":61,"column":78}},"26":{"start":{"line":62,"column":4},"end":{"line":64,"column":6}},"27":{"start":{"line":63,"column":6},"end":{"line":63,"column":53}},"28":{"start":{"line":68,"column":28},"end":{"line":68,"column":68}},"29":{"start":{"line":69,"column":4},"end":{"line":69,"column":41}},"30":{"start":{"line":70,"column":18},"end":{"line":70,"column":66}},"31":{"start":{"line":71,"column":4},"end":{"line":71,"column":62}},"32":{"start":{"line":72,"column":4},"end":{"line":72,"column":68}}},"fnMap":{"0":{"name":"(anonymous_0)","decl":{"start":{"line":10,"column":19},"end":{"line":10,"column":36}},"loc":{"start":{"line":10,"column":38},"end":{"line":31,"column":3}}},"1":{"name":"(anonymous_1)","decl":{"start":{"line":12,"column":14},"end":{"line":12,"column":20}},"loc":{"start":{"line":12,"column":24},"end":{"line":12,"column":78}}},"2":{"name":"(anonymous_2)","decl":{"start":{"line":13,"column":11},"end":{"line":13,"column":17}},"loc":{"start":{"line":13,"column":20},"end":{"line":16,"column":7}}},"3":{"name":"(anonymous_3)","decl":{"start":{"line":17,"column":65},"end":{"line":17,"column":71}},"loc":{"start":{"line":18,"column":6},"end":{"line":18,"column":53}}},"4":{"name":"(anonymous_4)","decl":{"start":{"line":33,"column":20},"end":{"line":33,"column":21}},"loc":{"start":{"line":33,"column":68},"end":{"line":42,"column":3}}},"5":{"name":"(anonymous_5)","decl":{"start":{"line":37,"column":42},"end":{"line":37,"column":45}},"loc":{"start":{"line":37,"column":47},"end":{"line":39,"column":5}}},"6":{"name":"(anonymous_6)","decl":{"start":{"line":44,"column":17},"end":{"line":44,"column":18}},"loc":{"start":{"line":44,"column":40},"end":{"line":49,"column":3}}},"7":{"name":"(anonymous_7)","decl":{"start":{"line":51,"column":17},"end":{"line":51,"column":18}},"loc":{"start":{"line":51,"column":42},"end":{"line":57,"column":3}}},"8":{"name":"(anonymous_8)","decl":{"start":{"line":59,"column":22},"end":{"line":59,"column":25}},"loc":{"start":{"line":59,"column":27},"end":{"line":65,"column":3}}},"9":{"name":"(anonymous_9)","decl":{"start":{"line":61,"column":14},"end":{"line":61,"column":20}},"loc":{"start":{"line":61,"column":24},"end":{"line":61,"column":78}}},"10":{"name":"(anonymous_10)","decl":{"start":{"line":62,"column":25},"end":{"line":62,"column":31}},"loc":{"start":{"line":63,"column":6},"end":{"line":63,"column":53}}},"11":{"name":"(anonymous_11)","decl":{"start":{"line":67,"column":25},"end":{"line":67,"column":26}},"loc":{"start":{"line":67,"column":49},"end":{"line":73,"column":3}}}},"branchMap":{"0":{"loc":{"start":{"line":15,"column":15},"end":{"line":15,"column":47}},"type":"binary-expr","locations":[{"start":{"line":15,"column":15},"end":{"line":15,"column":41}},{"start":{"line":15,"column":45},"end":{"line":15,"column":47}}]},"1":{"loc":{"start":{"line":20,"column":26},"end":{"line":22,"column":10}},"type":"cond-expr","locations":[{"start":{"line":21,"column":8},"end":{"line":21,"column":64}},{"start":{"line":22,"column":8},"end":{"line":22,"column":10}}]},"2":{"loc":{"start":{"line":24,"column":18},"end":{"line":24,"column":57}},"type":"binary-expr","locations":[{"start":{"line":24,"column":18},"end":{"line":24,"column":51}},{"start":{"line":24,"column":55},"end":{"line":24,"column":57}}]},"3":{"loc":{"start":{"line":33,"column":47},"end":{"line":33,"column":64}},"type":"default-arg","locations":[{"start":{"line":33,"column":63},"end":{"line":33,"column":64}}]},"4":{"loc":{"start":{"line":35,"column":16},"end":{"line":35,"column":60}},"type":"cond-expr","locations":[{"start":{"line":35,"column":37},"end":{"line":35,"column":46}},{"start":{"line":35,"column":49},"end":{"line":35,"column":60}}]},"5":{"loc":{"start":{"line":53,"column":4},"end":{"line":55,"column":5}},"type":"if","locations":[{"start":{"line":53,"column":4},"end":{"line":55,"column":5}},{"start":{},"end":{}}]},"6":{"loc":{"start":{"line":53,"column":8},"end":{"line":53,"column":59}},"type":"binary-expr","locations":[{"start":{"line":53,"column":8},"end":{"line":53,"column":25}},{"start":{"line":53,"column":29},"end":{"line":53,"column":59}}]}},"s":{"0":1,"1":1,"2":1,"3":1,"4":1,"5":1,"6":1,"7":1,"8":1,"9":1,"10":1,"11":1,"12":0,"13":0,"14":0,"15":0,"16":0,"17":1,"18":1,"19":1,"20":0,"21":0,"22":0,"23":0,"24":0,"25":0,"26":0,"27":0,"28":0,"29":0,"30":0,"31":0,"32":0},"f":{"0":1,"1":1,"2":1,"3":1,"4":0,"5":0,"6":1,"7":0,"8":0,"9":0,"10":0,"11":0},"b":{"0":[1,0],"1":[0,1],"2":[1,0],"3":[0],"4":[0,0],"5":[0,0],"6":[0,0]}}
}
