TN:
SF:src/main.tsx
FN:10,(anonymous_1)
FNF:1
FNH:0
FNDA:0,(anonymous_1)
DA:1,0
DA:2,0
DA:3,0
DA:4,0
DA:5,0
DA:7,0
DA:10,0
LF:7
LH:0
BRF:0
BRH:0
end_of_record
TN:
SF:src/components/CommandPalette.tsx
FN:9,(anonymous_9)
FN:28,(anonymous_10)
FN:38,(anonymous_11)
FN:39,(anonymous_12)
FN:47,(anonymous_13)
FN:52,(anonymous_14)
FN:56,(anonymous_15)
FN:65,(anonymous_16)
FN:93,(anonymous_17)
FN:104,(anonymous_18)
FN:119,(anonymous_19)
FNF:11
FNH:10
FNDA:17,(anonymous_9)
FNDA:136,(anonymous_10)
FNDA:85,(anonymous_11)
FNDA:136,(anonymous_12)
FNDA:10,(anonymous_13)
FNDA:7,(anonymous_14)
FNDA:4,(anonymous_15)
FNDA:1,(anonymous_16)
FNDA:2,(anonymous_17)
FNDA:197,(anonymous_18)
FNDA:0,(anonymous_19)
DA:1,5
DA:2,5
DA:3,5
DA:9,5
DA:10,17
DA:11,17
DA:12,17
DA:15,17
DA:28,17
DA:29,136
DA:30,85
DA:32,136
DA:33,136
DA:37,17
DA:39,85
DA:40,136
DA:42,85
DA:47,17
DA:49,10
DA:52,17
DA:53,7
DA:55,4
DA:56,4
DA:57,4
DA:58,4
DA:59,4
DA:60,3
DA:62,4
DA:64,1
DA:65,1
DA:66,1
DA:67,1
DA:68,1
DA:69,0
DA:71,1
DA:73,2
DA:74,2
DA:75,2
DA:76,1
DA:78,2
DA:82,17
DA:93,2
DA:105,197
DA:119,0
LF:44
LH:42
BRDA:29,0,0,85
BRDA:29,0,1,51
BRDA:42,1,0,76
BRDA:42,1,1,9
BRDA:53,2,0,4
BRDA:53,2,1,1
BRDA:53,2,2,2
BRDA:58,3,0,0
BRDA:58,3,1,4
BRDA:59,4,0,1
BRDA:59,4,1,3
BRDA:67,5,0,0
BRDA:67,5,1,1
BRDA:68,6,0,1
BRDA:68,6,1,0
BRDA:75,7,0,1
BRDA:75,7,1,1
BRDA:105,8,0,76
BRDA:105,8,1,121
BRDA:116,9,0,4
BRDA:116,9,1,117
BRF:21
BRH:18
end_of_record
TN:
SF:src/components/ErrorBoundary.tsx
FN:12,(anonymous_9)
FN:17,(anonymous_10)
FN:21,(anonymous_11)
FN:25,(anonymous_12)
FNF:4
FNH:4
FNDA:30,(anonymous_9)
FNDA:14,(anonymous_10)
FNDA:7,(anonymous_11)
FNDA:44,(anonymous_12)
DA:1,2
DA:13,30
DA:14,29
DA:18,14
DA:22,7
DA:26,44
DA:27,15
DA:30,29
DA:34,2
LF:9
LH:9
BRDA:26,0,0,15
BRDA:26,0,1,29
BRF:2
BRH:2
end_of_record
TN:
SF:src/components/FilterPanel.tsx
FN:16,(anonymous_1)
FN:49,(anonymous_2)
FN:55,(anonymous_3)
FN:62,(anonymous_4)
FN:67,(anonymous_5)
FN:81,(anonymous_6)
FN:87,(anonymous_7)
FN:104,(anonymous_8)
FNF:8
FNH:3
FNDA:1,(anonymous_1)
FNDA:3,(anonymous_2)
FNDA:0,(anonymous_3)
FNDA:0,(anonymous_4)
FNDA:0,(anonymous_5)
FNDA:3,(anonymous_6)
FNDA:0,(anonymous_7)
FNDA:0,(anonymous_8)
DA:1,4
DA:2,4
DA:16,4
DA:25,1
DA:26,1
DA:27,1
DA:33,1
DA:50,3
DA:55,0
DA:63,0
DA:67,0
DA:82,3
DA:87,0
DA:105,0
DA:106,0
DA:107,0
LF:16
LH:9
BRDA:53,0,0,0
BRDA:53,0,1,3
BRDA:60,1,0,3
BRDA:60,1,1,0
BRDA:85,2,0,0
BRDA:85,2,1,3
BRDA:92,3,0,1
BRDA:92,3,1,2
BRDA:92,4,0,1
BRDA:92,4,1,1
BRF:10
BRH:7
end_of_record
TN:
SF:src/components/Header.tsx
FN:12,(anonymous_9)
FN:24,(anonymous_10)
FN:25,(anonymous_11)
FN:34,(anonymous_12)
FN:37,(anonymous_13)
FN:43,(anonymous_14)
FN:49,(anonymous_15)
FN:69,(anonymous_16)
FN:70,(anonymous_17)
FNF:9
FNH:3
FNDA:46,(anonymous_9)
FNDA:20,(anonymous_10)
FNDA:0,(anonymous_11)
FNDA:20,(anonymous_12)
FNDA:0,(anonymous_13)
FNDA:0,(anonymous_14)
FNDA:0,(anonymous_15)
FNDA:0,(anonymous_16)
FNDA:0,(anonymous_17)
DA:1,4
DA:2,4
DA:12,4
DA:19,46
DA:20,46
DA:21,46
DA:24,46
DA:25,20
DA:27,0
DA:28,0
DA:29,0
DA:33,20
DA:34,20
DA:37,46
DA:38,0
DA:39,0
DA:40,0
DA:43,46
DA:44,0
DA:45,0
DA:46,0
DA:49,46
DA:50,0
DA:51,0
DA:54,0
DA:58,46
DA:69,0
DA:70,0
LF:28
LH:14
BRDA:27,0,0,0
BRDA:27,0,1,0
BRDA:27,1,0,0
BRDA:27,1,1,0
BRDA:27,1,2,0
BRDA:50,2,0,0
BRDA:50,2,1,0
BRDA:62,3,0,0
BRDA:62,3,1,46
BRDA:76,4,0,46
BRDA:76,4,1,0
BRDA:86,5,0,46
BRDA:86,5,1,0
BRF:13
BRH:3
end_of_record
TN:
SF:src/components/HighlightText.tsx
FN:8,(anonymous_1)
FN:18,(anonymous_2)
FNF:2
FNH:2
FNDA:121,(anonymous_1)
FNDA:3,(anonymous_2)
DA:1,5
DA:8,5
DA:9,121
DA:10,120
DA:13,1
DA:14,1
DA:16,1
DA:19,3
LF:8
LH:8
BRDA:9,0,0,120
BRDA:9,0,1,1
BRDA:19,1,0,1
BRDA:19,1,1,2
BRF:4
BRH:4
end_of_record
TN:
SF:src/components/Modal.tsx
FN:10,(anonymous_9)
FN:11,(anonymous_10)
FN:12,(anonymous_11)
FN:23,(anonymous_12)
FNF:4
FNH:3
FNDA:1,(anonymous_9)
FNDA:1,(anonymous_10)
FNDA:0,(anonymous_11)
FNDA:1,(anonymous_12)
DA:1,3
DA:2,3
DA:10,3
DA:11,1
DA:12,1
DA:13,0
DA:14,0
DA:18,1
DA:19,1
DA:20,1
DA:23,1
DA:24,1
DA:25,1
DA:29,1
DA:31,1
LF:15
LH:13
BRDA:13,0,0,0
BRDA:13,0,1,0
BRDA:18,1,0,1
BRDA:18,1,1,0
BRDA:29,2,0,0
BRDA:29,2,1,1
BRF:6
BRH:2
end_of_record
TN:
SF:src/components/Pagination.tsx
FN:10,(anonymous_1)
FN:15,(anonymous_2)
FN:54,(anonymous_3)
FN:60,(anonymous_4)
FN:66,(anonymous_5)
FN:75,(anonymous_6)
FNF:6
FNH:6
FNDA:21,(anonymous_1)
FNDA:21,(anonymous_2)
FNDA:1,(anonymous_3)
FNDA:99,(anonymous_4)
FNDA:4,(anonymous_5)
FNDA:1,(anonymous_6)
DA:1,4
DA:2,4
DA:10,4
DA:15,21
DA:16,21
DA:17,21
DA:19,21
DA:20,18
DA:21,78
DA:24,3
DA:25,0
DA:26,0
DA:28,0
DA:29,0
DA:30,3
DA:31,0
DA:32,0
DA:33,0
DA:34,0
DA:37,3
DA:38,3
DA:39,3
DA:40,9
DA:42,3
DA:43,3
DA:47,21
DA:50,21
DA:54,1
DA:61,99
DA:66,4
DA:75,1
LF:31
LH:23
BRDA:19,0,0,18
BRDA:19,0,1,3
BRDA:24,1,0,0
BRDA:24,1,1,3
BRDA:30,2,0,0
BRDA:30,2,1,3
BRDA:64,3,0,20
BRDA:64,3,1,79
BRDA:65,4,0,6
BRDA:65,4,1,93
BRDA:66,5,0,4
BRDA:66,5,1,0
BRDA:68,6,0,20
BRDA:68,6,1,79
BRF:14
BRH:11
end_of_record
TN:
SF:src/components/TemplateCardSkeleton.tsx
FN:8,(anonymous_1)
FNF:1
FNH:1
FNDA:96,(anonymous_1)
DA:1,3
DA:2,3
DA:8,3
DA:9,96
LF:4
LH:4
BRF:0
BRH:0
end_of_record
TN:
SF:src/components/TemplatePreview.tsx
FN:35,(anonymous_1)
FN:94,(anonymous_2)
FN:103,(anonymous_3)
FN:110,(anonymous_4)
FN:118,(anonymous_5)
FNF:5
FNH:1
FNDA:1,(anonymous_1)
FNDA:0,(anonymous_2)
FNDA:0,(anonymous_3)
FNDA:0,(anonymous_4)
FNDA:0,(anonymous_5)
DA:1,3
DA:2,3
DA:35,3
DA:42,1
DA:95,0
DA:103,0
DA:110,0
DA:118,0
LF:8
LH:4
BRDA:55,0,0,1
BRDA:55,0,1,0
BRDA:59,1,0,1
BRDA:59,1,1,0
BRDA:61,2,0,0
BRDA:61,2,1,0
BRDA:67,3,0,0
BRDA:67,3,1,0
BRDA:73,4,0,0
BRDA:73,4,1,0
BRDA:79,5,0,0
BRDA:79,5,1,0
BRDA:108,6,0,1
BRDA:108,6,1,0
BRDA:116,7,0,1
BRDA:116,7,1,0
BRF:16
BRH:4
end_of_record
TN:
SF:src/components/TemplateSelector.tsx
FN:23,(anonymous_9)
FN:62,(anonymous_10)
FN:63,(anonymous_11)
FN:70,(anonymous_12)
FN:71,(anonymous_13)
FN:78,(anonymous_14)
FN:79,(anonymous_15)
FN:86,(anonymous_16)
FN:87,(anonymous_17)
FN:94,(anonymous_18)
FN:99,(anonymous_19)
FN:105,(anonymous_20)
FN:111,(anonymous_21)
FN:112,(anonymous_22)
FN:114,(anonymous_23)
FN:164,(anonymous_24)
FN:175,(anonymous_25)
FN:176,(anonymous_26)
FN:177,(anonymous_27)
FN:178,(anonymous_28)
FN:184,(anonymous_29)
FN:200,(anonymous_30)
FN:201,(anonymous_31)
FN:202,(anonymous_32)
FN:203,(anonymous_33)
FN:210,(anonymous_34)
FN:215,(anonymous_35)
FN:220,(anonymous_36)
FN:225,(anonymous_37)
FN:233,(anonymous_38)
FN:236,(anonymous_39)
FN:240,(anonymous_40)
FN:241,(anonymous_41)
FN:249,(anonymous_42)
FN:250,(anonymous_43)
FN:278,(anonymous_44)
FN:283,(anonymous_45)
FN:286,(anonymous_46)
FNF:38
FNH:6
FNDA:43,(anonymous_9)
FNDA:0,(anonymous_10)
FNDA:0,(anonymous_11)
FNDA:0,(anonymous_12)
FNDA:0,(anonymous_13)
FNDA:0,(anonymous_14)
FNDA:0,(anonymous_15)
FNDA:0,(anonymous_16)
FNDA:0,(anonymous_17)
FNDA:0,(anonymous_18)
FNDA:0,(anonymous_19)
FNDA:0,(anonymous_20)
FNDA:0,(anonymous_21)
FNDA:0,(anonymous_22)
FNDA:0,(anonymous_23)
FNDA:1,(anonymous_24)
FNDA:0,(anonymous_25)
FNDA:0,(anonymous_26)
FNDA:0,(anonymous_27)
FNDA:0,(anonymous_28)
FNDA:96,(anonymous_29)
FNDA:0,(anonymous_30)
FNDA:0,(anonymous_31)
FNDA:0,(anonymous_32)
FNDA:0,(anonymous_33)
FNDA:0,(anonymous_34)
FNDA:0,(anonymous_35)
FNDA:0,(anonymous_36)
FNDA:0,(anonymous_37)
FNDA:5,(anonymous_38)
FNDA:10,(anonymous_39)
FNDA:1,(anonymous_40)
FNDA:0,(anonymous_41)
FNDA:0,(anonymous_42)
FNDA:0,(anonymous_43)
FNDA:0,(anonymous_44)
FNDA:0,(anonymous_45)
FNDA:0,(anonymous_46)
DA:1,3
DA:3,3
DA:4,3
DA:5,3
DA:6,3
DA:7,3
DA:8,3
DA:9,3
DA:10,3
DA:12,3
DA:13,3
DA:14,3
DA:15,3
DA:23,3
DA:24,43
DA:25,43
DA:26,43
DA:27,43
DA:28,43
DA:29,43
DA:30,43
DA:31,43
DA:47,43
DA:49,43
DA:51,43
DA:62,43
DA:63,0
DA:64,0
DA:65,0
DA:66,0
DA:70,43
DA:71,0
DA:72,0
DA:73,0
DA:74,0
DA:78,43
DA:79,0
DA:80,0
DA:81,0
DA:82,0
DA:86,43
DA:87,0
DA:88,0
DA:89,0
DA:90,0
DA:94,43
DA:95,0
DA:96,0
DA:99,43
DA:100,0
DA:101,0
DA:102,0
DA:105,43
DA:106,0
DA:107,0
DA:111,43
DA:112,43
DA:114,43
DA:115,0
DA:118,0
DA:119,0
DA:120,0
DA:122,0
DA:123,0
DA:126,0
DA:127,0
DA:128,0
DA:131,0
DA:132,0
DA:133,0
DA:136,0
DA:137,0
DA:138,0
DA:141,0
DA:142,0
DA:143,0
DA:145,0
DA:146,0
DA:147,0
DA:149,0
DA:150,0
DA:151,0
DA:154,0
DA:155,0
DA:156,0
DA:158,0
DA:164,43
DA:165,1
DA:166,1
DA:167,1
DA:168,1
DA:171,43
DA:172,16
DA:175,0
DA:176,0
DA:177,0
DA:178,0
DA:185,96
DA:193,27
DA:194,1
DA:197,26
DA:200,0
DA:201,0
DA:202,0
DA:203,0
DA:210,0
DA:215,0
DA:220,0
DA:225,0
DA:234,5
DA:236,10
DA:240,1
DA:242,0
DA:243,0
DA:244,0
DA:249,0
DA:250,0
DA:278,0
DA:283,0
DA:286,0
DA:295,3
LF:121
LH:50
BRDA:64,0,0,0
BRDA:64,0,1,0
BRDA:72,1,0,0
BRDA:72,1,1,0
BRDA:80,2,0,0
BRDA:80,2,1,0
BRDA:88,3,0,0
BRDA:88,3,1,0
BRDA:106,4,0,0
BRDA:106,4,1,0
BRDA:106,5,0,0
BRDA:106,5,1,0
BRDA:115,6,0,0
BRDA:115,6,1,0
BRDA:115,6,2,0
BRDA:115,6,3,0
BRDA:115,6,4,0
BRDA:115,6,5,0
BRDA:115,6,6,0
BRDA:115,6,7,0
BRDA:115,6,8,0
BRDA:119,7,0,0
BRDA:119,7,1,0
BRDA:171,8,0,16
BRDA:171,8,1,27
BRDA:193,9,0,1
BRDA:193,9,1,26
BRDA:206,10,0,26
BRDA:206,10,1,26
BRDA:206,10,2,26
BRDA:206,10,3,26
BRDA:206,10,4,0
BRDA:208,11,0,0
BRDA:208,11,1,0
BRDA:213,12,0,0
BRDA:213,12,1,0
BRDA:218,13,0,0
BRDA:218,13,1,0
BRDA:223,14,0,0
BRDA:223,14,1,0
BRDA:238,15,0,1
BRDA:238,15,1,4
BRDA:239,16,0,0
BRDA:239,16,1,5
BRDA:242,17,0,0
BRDA:242,17,1,0
BRDA:242,18,0,0
BRDA:242,18,1,0
BRDA:252,19,0,1
BRDA:252,19,1,4
BRDA:263,20,0,26
BRDA:263,20,1,0
BRDA:270,21,0,26
BRDA:270,21,1,0
BRDA:281,22,0,26
BRDA:281,22,1,0
BRDA:282,23,0,26
BRDA:282,23,1,1
BRDA:282,23,2,1
BRF:59
BRH:19
end_of_record
TN:
SF:src/components/__tests__/TemplatePreview.test.tsx
FN:28,(anonymous_1)
FN:34,(anonymous_2)
FN:38,(anonymous_3)
FN:69,(anonymous_4)
FN:97,(anonymous_5)
FN:114,(anonymous_6)
FNF:6
FNH:0
FNDA:0,(anonymous_1)
FNDA:0,(anonymous_2)
FNDA:0,(anonymous_3)
FNDA:0,(anonymous_4)
FNDA:0,(anonymous_5)
FNDA:0,(anonymous_6)
DA:1,0
DA:2,0
DA:3,0
DA:4,0
DA:6,0
DA:28,0
DA:29,0
DA:30,0
DA:31,0
DA:32,0
DA:34,0
DA:35,0
DA:38,0
DA:39,0
DA:50,0
DA:51,0
DA:54,0
DA:55,0
DA:56,0
DA:59,0
DA:60,0
DA:61,0
DA:62,0
DA:65,0
DA:66,0
DA:69,0
DA:70,0
DA:81,0
DA:82,0
DA:85,0
DA:86,0
DA:89,0
DA:90,0
DA:93,0
DA:94,0
DA:97,0
DA:98,0
DA:107,0
DA:110,0
DA:111,0
DA:114,0
DA:115,0
DA:123,0
DA:132,0
DA:133,0
DA:134,0
DA:135,0
DA:138,0
DA:139,0
LF:49
LH:0
BRF:0
BRH:0
end_of_record
TN:
SF:src/hooks/useFilters.ts
FN:19,(anonymous_0)
FN:26,(anonymous_1)
FN:34,(anonymous_2)
FN:39,(anonymous_3)
FN:41,(anonymous_4)
FNF:5
FNH:1
FNDA:43,(anonymous_0)
FNDA:0,(anonymous_1)
FNDA:0,(anonymous_2)
FNDA:0,(anonymous_3)
FNDA:0,(anonymous_4)
DA:1,3
DA:19,3
DA:20,43
DA:21,43
DA:22,43
DA:23,43
DA:24,43
DA:26,43
DA:27,0
DA:28,0
DA:29,0
DA:30,0
DA:31,0
DA:34,43
DA:35,0
DA:37,0
DA:39,0
DA:41,0
DA:42,0
DA:45,0
DA:49,43
LF:21
LH:10
BRDA:37,0,0,0
BRDA:37,0,1,0
BRDA:37,0,2,0
BRF:3
BRH:0
end_of_record
TN:
SF:src/hooks/useGridColumns.ts
FN:8,(anonymous_0)
FN:12,(anonymous_1)
FN:15,(anonymous_2)
FN:25,(anonymous_3)
FNF:4
FNH:3
FNDA:43,(anonymous_0)
FNDA:16,(anonymous_1)
FNDA:0,(anonymous_2)
FNDA:16,(anonymous_3)
DA:1,3
DA:8,3
DA:9,43
DA:10,43
DA:12,43
DA:13,16
DA:15,16
DA:16,0
DA:17,0
DA:18,0
DA:19,0
DA:22,16
DA:23,16
DA:25,16
DA:26,16
DA:30,43
LF:16
LH:12
BRDA:8,0,0,0
BRDA:13,1,0,0
BRDA:13,1,1,16
BRDA:16,2,0,0
BRDA:16,2,1,0
BRF:5
BRH:1
end_of_record
TN:
SF:src/hooks/useHotkeys.ts
FN:6,(anonymous_0)
FN:15,(anonymous_1)
FN:16,(anonymous_2)
FN:19,(anonymous_3)
FN:35,(anonymous_4)
FNF:5
FNH:4
FNDA:315,(anonymous_0)
FNDA:387,(anonymous_1)
FNDA:315,(anonymous_2)
FNDA:0,(anonymous_3)
FNDA:315,(anonymous_4)
DA:1,3
DA:6,3
DA:7,315
DA:8,315
DA:15,3
DA:16,387
DA:17,315
DA:19,315
DA:20,0
DA:21,0
DA:22,0
DA:24,0
DA:29,0
DA:30,0
DA:34,315
DA:35,315
LF:16
LH:10
BRDA:11,0,0,315
BRDA:11,0,1,315
BRDA:24,1,0,0
BRDA:24,1,1,0
BRDA:25,2,0,0
BRDA:25,2,1,0
BRDA:25,2,2,0
BRF:7
BRH:2
end_of_record
TN:
SF:src/hooks/useTemplates.ts
FN:5,(anonymous_0)
FN:26,(anonymous_1)
FN:41,(anonymous_2)
FN:42,(anonymous_3)
FN:46,(anonymous_4)
FN:50,(anonymous_5)
FN:53,(anonymous_6)
FN:118,(anonymous_7)
FNF:8
FNH:7
FNDA:0,(anonymous_0)
FNDA:43,(anonymous_1)
FNDA:16,(anonymous_2)
FNDA:1,(anonymous_3)
FNDA:16,(anonymous_4)
FNDA:16,(anonymous_5)
FNDA:16,(anonymous_6)
FNDA:16,(anonymous_7)
DA:1,3
DA:5,3
DA:6,0
DA:26,3
DA:35,43
DA:36,43
DA:37,43
DA:38,43
DA:41,43
DA:42,16
DA:43,1
DA:46,16
DA:50,43
DA:51,16
DA:53,16
DA:54,16
DA:57,16
DA:58,16
DA:60,16
DA:62,16
DA:64,16
DA:66,0
DA:81,0
DA:82,0
DA:85,0
DA:86,0
DA:88,0
DA:89,0
DA:93,16
DA:95,16
DA:96,1
DA:99,15
DA:100,15
DA:102,9
DA:103,9
DA:107,1
DA:108,1
DA:109,1
DA:110,1
DA:111,1
DA:116,16
DA:118,16
DA:119,16
DA:123,43
LF:44
LH:36
BRDA:6,0,0,0
BRDA:6,0,1,0
BRDA:33,1,0,43
BRDA:54,2,0,0
BRDA:54,2,1,16
BRDA:62,3,0,16
BRDA:62,3,1,16
BRDA:62,3,2,16
BRDA:62,3,3,16
BRDA:64,4,0,0
BRDA:64,4,1,16
BRDA:73,5,0,0
BRDA:73,5,1,0
BRDA:74,6,0,0
BRDA:74,6,1,0
BRDA:75,7,0,0
BRDA:75,7,1,0
BRDA:81,8,0,0
BRDA:81,8,1,0
BRDA:86,9,0,0
BRDA:86,9,1,0
BRDA:88,10,0,0
BRDA:88,10,1,0
BRDA:95,11,0,1
BRDA:95,11,1,15
BRDA:100,12,0,9
BRDA:100,12,1,6
BRDA:102,13,0,9
BRDA:102,13,1,0
BRDA:108,14,0,1
BRDA:108,14,1,0
BRDA:109,15,0,1
BRDA:109,15,1,0
BRF:33
BRH:14
end_of_record
TN:
SF:src/mocks/api.ts
FN:4,apiMiddleware
FNF:1
FNH:0
FNDA:0,apiMiddleware
DA:1,0
DA:4,0
DA:5,0
DA:7,0
DA:8,0
DA:9,0
DA:13,0
DA:14,0
DA:15,0
DA:18,0
DA:19,0
LF:11
LH:0
BRDA:7,0,0,0
BRDA:7,0,1,0
BRF:2
BRH:0
end_of_record
TN:
SF:src/mocks/templates.ts
FNF:0
FNH:0
DA:3,0
LF:1
LH:0
BRF:0
BRH:0
end_of_record
TN:
SF:src/plugins/mockApi.ts
FN:4,mockApiPlugin
FN:7,(anonymous_1)
FN:8,(anonymous_2)
FNF:3
FNH:0
FNDA:0,mockApiPlugin
FNDA:0,(anonymous_1)
FNDA:0,(anonymous_2)
DA:2,0
DA:4,0
DA:5,0
DA:8,0
DA:9,0
DA:10,0
DA:11,0
DA:12,0
DA:14,0
LF:9
LH:0
BRDA:9,0,0,0
BRDA:9,0,1,0
BRF:2
BRH:0
end_of_record
TN:
SF:src/services/templateService.ts
FN:6,(anonymous_0)
FN:30,(anonymous_1)
FN:40,(anonymous_2)
FN:50,(anonymous_3)
FN:72,(anonymous_4)
FN:93,(anonymous_5)
FNF:6
FNH:4
FNDA:2,(anonymous_0)
FNDA:0,(anonymous_1)
FNDA:2,(anonymous_2)
FNDA:2,(anonymous_3)
FNDA:2,(anonymous_4)
FNDA:0,(anonymous_5)
DA:3,1
DA:5,1
DA:11,2
DA:23,2
DA:24,1
DA:27,1
DA:31,0
DA:33,0
DA:34,0
DA:37,0
DA:41,2
DA:43,2
DA:44,1
DA:47,1
DA:54,2
DA:65,2
DA:66,1
DA:69,1
DA:77,2
DA:88,2
DA:89,1
DA:98,0
DA:100,0
DA:101,0
DA:104,0
LF:25
LH:17
BRDA:3,0,0,1
BRDA:3,0,1,1
BRDA:8,1,0,2
BRDA:9,2,0,2
BRDA:23,3,0,1
BRDA:23,3,1,1
BRDA:33,4,0,0
BRDA:33,4,1,0
BRDA:43,5,0,1
BRDA:43,5,1,1
BRDA:65,6,0,1
BRDA:65,6,1,1
BRDA:88,7,0,1
BRDA:88,7,1,1
BRDA:100,8,0,0
BRDA:100,8,1,0
BRF:16
BRH:12
end_of_record
TN:
SF:src/test-utils/commandPalette.ts
FN:10,(anonymous_0)
FN:12,(anonymous_1)
FN:13,(anonymous_2)
FN:17,(anonymous_3)
FN:33,(anonymous_4)
FN:37,(anonymous_5)
FN:44,(anonymous_6)
FN:51,(anonymous_7)
FN:59,(anonymous_8)
FN:61,(anonymous_9)
FN:62,(anonymous_10)
FN:67,(anonymous_11)
FNF:12
FNH:5
FNDA:1,(anonymous_0)
FNDA:1,(anonymous_1)
FNDA:1,(anonymous_2)
FNDA:1,(anonymous_3)
FNDA:0,(anonymous_4)
FNDA:0,(anonymous_5)
FNDA:1,(anonymous_6)
FNDA:0,(anonymous_7)
FNDA:0,(anonymous_8)
FNDA:0,(anonymous_9)
FNDA:0,(anonymous_10)
FNDA:0,(anonymous_11)
DA:1,1
DA:9,1
DA:11,1
DA:12,1
DA:14,1
DA:15,1
DA:17,1
DA:18,1
DA:20,1
DA:23,1
DA:24,1
DA:26,1
DA:34,0
DA:35,0
DA:37,0
DA:38,0
DA:41,0
DA:45,1
DA:46,1
DA:48,1
DA:52,0
DA:53,0
DA:54,0
DA:56,0
DA:60,0
DA:61,0
DA:62,0
DA:63,0
DA:68,0
DA:69,0
DA:70,0
DA:71,0
DA:72,0
LF:33
LH:15
BRDA:15,0,0,1
BRDA:15,0,1,0
BRDA:20,1,0,0
BRDA:20,1,1,1
BRDA:24,2,0,1
BRDA:24,2,1,0
BRDA:33,3,0,0
BRDA:35,4,0,0
BRDA:35,4,1,0
BRDA:53,5,0,0
BRDA:53,5,1,0
BRDA:53,6,0,0
BRDA:53,6,1,0
BRF:13
BRH:3
end_of_record
