TN:
SF:src/main.tsx
FN:10,(anonymous_1)
FNF:1
FNH:0
FNDA:0,(anonymous_1)
DA:1,0
DA:2,0
DA:3,0
DA:4,0
DA:5,0
DA:7,0
DA:10,0
LF:7
LH:0
BRF:0
BRH:0
end_of_record
TN:
SF:src/components/CommandPalette.tsx
FN:9,(anonymous_9)
FN:28,(anonymous_10)
FN:38,(anonymous_11)
FN:39,(anonymous_12)
FN:47,(anonymous_13)
FN:52,(anonymous_14)
FN:56,(anonymous_15)
FN:65,(anonymous_16)
FN:93,(anonymous_17)
FN:104,(anonymous_18)
FN:119,(anonymous_19)
FNF:11
FNH:10
FNDA:17,(anonymous_9)
FNDA:136,(anonymous_10)
FNDA:85,(anonymous_11)
FNDA:136,(anonymous_12)
FNDA:10,(anonymous_13)
FNDA:7,(anonymous_14)
FNDA:4,(anonymous_15)
FNDA:1,(anonymous_16)
FNDA:2,(anonymous_17)
FNDA:197,(anonymous_18)
FNDA:0,(anonymous_19)
DA:1,4
DA:2,4
DA:3,4
DA:9,4
DA:10,17
DA:11,17
DA:12,17
DA:15,17
DA:28,17
DA:29,136
DA:30,85
DA:32,136
DA:33,136
DA:37,17
DA:39,85
DA:40,136
DA:42,85
DA:47,17
DA:49,10
DA:52,17
DA:53,7
DA:55,4
DA:56,4
DA:57,4
DA:58,4
DA:59,4
DA:60,3
DA:62,4
DA:64,1
DA:65,1
DA:66,1
DA:67,1
DA:68,1
DA:69,0
DA:71,1
DA:73,2
DA:74,2
DA:75,2
DA:76,1
DA:78,2
DA:82,17
DA:93,2
DA:105,197
DA:119,0
LF:44
LH:42
BRDA:29,0,0,85
BRDA:29,0,1,51
BRDA:42,1,0,76
BRDA:42,1,1,9
BRDA:53,2,0,4
BRDA:53,2,1,1
BRDA:53,2,2,2
BRDA:58,3,0,0
BRDA:58,3,1,4
BRDA:59,4,0,1
BRDA:59,4,1,3
BRDA:67,5,0,0
BRDA:67,5,1,1
BRDA:68,6,0,1
BRDA:68,6,1,0
BRDA:75,7,0,1
BRDA:75,7,1,1
BRDA:105,8,0,76
BRDA:105,8,1,121
BRDA:116,9,0,4
BRDA:116,9,1,117
BRF:21
BRH:18
end_of_record
TN:
SF:src/components/ErrorBoundary.tsx
FN:12,(anonymous_9)
FN:17,(anonymous_10)
FN:21,(anonymous_11)
FN:25,(anonymous_12)
FNF:4
FNH:4
FNDA:30,(anonymous_9)
FNDA:14,(anonymous_10)
FNDA:7,(anonymous_11)
FNDA:44,(anonymous_12)
DA:1,2
DA:13,30
DA:14,29
DA:18,14
DA:22,7
DA:26,44
DA:27,15
DA:30,29
DA:34,2
LF:9
LH:9
BRDA:26,0,0,15
BRDA:26,0,1,29
BRF:2
BRH:2
end_of_record
TN:
SF:src/components/FilterPanel.tsx
FN:16,(anonymous_1)
FN:49,(anonymous_2)
FN:55,(anonymous_3)
FN:62,(anonymous_4)
FN:67,(anonymous_5)
FN:81,(anonymous_6)
FN:87,(anonymous_7)
FN:104,(anonymous_8)
FNF:8
FNH:3
FNDA:1,(anonymous_1)
FNDA:3,(anonymous_2)
FNDA:0,(anonymous_3)
FNDA:0,(anonymous_4)
FNDA:0,(anonymous_5)
FNDA:3,(anonymous_6)
FNDA:0,(anonymous_7)
FNDA:0,(anonymous_8)
DA:1,3
DA:2,3
DA:16,3
DA:25,1
DA:26,1
DA:27,1
DA:33,1
DA:50,3
DA:55,0
DA:63,0
DA:67,0
DA:82,3
DA:87,0
DA:105,0
DA:106,0
DA:107,0
LF:16
LH:9
BRDA:53,0,0,0
BRDA:53,0,1,3
BRDA:60,1,0,3
BRDA:60,1,1,0
BRDA:85,2,0,0
BRDA:85,2,1,3
BRDA:92,3,0,1
BRDA:92,3,1,2
BRDA:92,4,0,1
BRDA:92,4,1,1
BRF:10
BRH:7
end_of_record
TN:
SF:src/components/Header.tsx
FN:12,(anonymous_9)
FN:24,(anonymous_10)
FN:25,(anonymous_11)
FN:34,(anonymous_12)
FN:37,(anonymous_13)
FN:43,(anonymous_14)
FN:49,(anonymous_15)
FN:69,(anonymous_16)
FN:70,(anonymous_17)
FNF:9
FNH:5
FNDA:70,(anonymous_9)
FNDA:27,(anonymous_10)
FNDA:1,(anonymous_11)
FNDA:27,(anonymous_12)
FNDA:0,(anonymous_13)
FNDA:0,(anonymous_14)
FNDA:0,(anonymous_15)
FNDA:2,(anonymous_16)
FNDA:0,(anonymous_17)
DA:1,3
DA:2,3
DA:12,3
DA:19,70
DA:20,70
DA:21,70
DA:24,70
DA:25,27
DA:27,1
DA:28,0
DA:29,0
DA:33,27
DA:34,27
DA:37,70
DA:38,0
DA:39,0
DA:40,0
DA:43,70
DA:44,0
DA:45,0
DA:46,0
DA:49,70
DA:50,0
DA:51,0
DA:54,0
DA:58,70
DA:69,2
DA:70,0
LF:28
LH:16
BRDA:27,0,0,0
BRDA:27,0,1,1
BRDA:27,1,0,1
BRDA:27,1,1,1
BRDA:27,1,2,0
BRDA:50,2,0,0
BRDA:50,2,1,0
BRDA:62,3,0,2
BRDA:62,3,1,68
BRDA:76,4,0,70
BRDA:76,4,1,0
BRDA:86,5,0,70
BRDA:86,5,1,2
BRF:13
BRH:8
end_of_record
TN:
SF:src/components/HighlightText.tsx
FN:8,(anonymous_1)
FN:18,(anonymous_2)
FNF:2
FNH:2
FNDA:121,(anonymous_1)
FNDA:3,(anonymous_2)
DA:1,4
DA:8,4
DA:9,121
DA:10,120
DA:13,1
DA:14,1
DA:16,1
DA:19,3
LF:8
LH:8
BRDA:9,0,0,120
BRDA:9,0,1,1
BRDA:19,1,0,1
BRDA:19,1,1,2
BRF:4
BRH:4
end_of_record
TN:
SF:src/components/Modal.tsx
FN:10,(anonymous_9)
FN:11,(anonymous_10)
FN:12,(anonymous_11)
FN:23,(anonymous_12)
FNF:4
FNH:3
FNDA:2,(anonymous_9)
FNDA:2,(anonymous_10)
FNDA:0,(anonymous_11)
FNDA:2,(anonymous_12)
DA:1,3
DA:2,3
DA:10,3
DA:11,2
DA:12,2
DA:13,0
DA:14,0
DA:18,2
DA:19,2
DA:20,2
DA:23,2
DA:24,2
DA:25,2
DA:29,2
DA:31,2
LF:15
LH:13
BRDA:13,0,0,0
BRDA:13,0,1,0
BRDA:18,1,0,2
BRDA:18,1,1,0
BRDA:29,2,0,0
BRDA:29,2,1,2
BRF:6
BRH:2
end_of_record
TN:
SF:src/components/Pagination.tsx
FN:10,(anonymous_1)
FN:15,(anonymous_2)
FN:54,(anonymous_3)
FN:60,(anonymous_4)
FN:66,(anonymous_5)
FN:75,(anonymous_6)
FNF:6
FNH:6
FNDA:21,(anonymous_1)
FNDA:21,(anonymous_2)
FNDA:1,(anonymous_3)
FNDA:99,(anonymous_4)
FNDA:4,(anonymous_5)
FNDA:1,(anonymous_6)
DA:1,4
DA:2,4
DA:10,4
DA:15,21
DA:16,21
DA:17,21
DA:19,21
DA:20,18
DA:21,78
DA:24,3
DA:25,0
DA:26,0
DA:28,0
DA:29,0
DA:30,3
DA:31,0
DA:32,0
DA:33,0
DA:34,0
DA:37,3
DA:38,3
DA:39,3
DA:40,9
DA:42,3
DA:43,3
DA:47,21
DA:50,21
DA:54,1
DA:61,99
DA:66,4
DA:75,1
LF:31
LH:23
BRDA:19,0,0,18
BRDA:19,0,1,3
BRDA:24,1,0,0
BRDA:24,1,1,3
BRDA:30,2,0,0
BRDA:30,2,1,3
BRDA:64,3,0,20
BRDA:64,3,1,79
BRDA:65,4,0,6
BRDA:65,4,1,93
BRDA:66,5,0,4
BRDA:66,5,1,0
BRDA:68,6,0,20
BRDA:68,6,1,79
BRF:14
BRH:11
end_of_record
TN:
SF:src/components/TemplateCardSkeleton.tsx
FN:8,(anonymous_1)
FNF:1
FNH:1
FNDA:144,(anonymous_1)
DA:1,3
DA:2,3
DA:8,3
DA:9,144
LF:4
LH:4
BRF:0
BRH:0
end_of_record
TN:
SF:src/components/TemplatePreview.tsx
FN:35,(anonymous_1)
FN:94,(anonymous_2)
FN:103,(anonymous_3)
FN:110,(anonymous_4)
FN:118,(anonymous_5)
FNF:5
FNH:1
FNDA:2,(anonymous_1)
FNDA:0,(anonymous_2)
FNDA:0,(anonymous_3)
FNDA:0,(anonymous_4)
FNDA:0,(anonymous_5)
DA:1,3
DA:2,3
DA:35,3
DA:42,2
DA:95,0
DA:103,0
DA:110,0
DA:118,0
LF:8
LH:4
BRDA:55,0,0,2
BRDA:55,0,1,0
BRDA:59,1,0,2
BRDA:59,1,1,0
BRDA:61,2,0,0
BRDA:61,2,1,0
BRDA:67,3,0,0
BRDA:67,3,1,0
BRDA:73,4,0,0
BRDA:73,4,1,0
BRDA:79,5,0,0
BRDA:79,5,1,0
BRDA:108,6,0,2
BRDA:108,6,1,0
BRDA:116,7,0,2
BRDA:116,7,1,0
BRF:16
BRH:4
end_of_record
TN:
SF:src/components/TemplateSelector.tsx
FN:20,(anonymous_9)
FN:43,(anonymous_10)
FN:44,(anonymous_11)
FN:51,(anonymous_12)
FN:52,(anonymous_13)
FN:59,(anonymous_14)
FN:60,(anonymous_15)
FN:67,(anonymous_16)
FN:68,(anonymous_17)
FN:75,(anonymous_18)
FN:80,(anonymous_19)
FN:86,(anonymous_20)
FN:92,(anonymous_21)
FN:93,(anonymous_22)
FN:95,(anonymous_23)
FN:116,(anonymous_24)
FN:116,(anonymous_25)
FN:121,(anonymous_26)
FN:121,(anonymous_27)
FN:148,(anonymous_28)
FN:149,(anonymous_29)
FN:153,(anonymous_30)
FN:156,(anonymous_31)
FN:159,(anonymous_32)
FN:170,(anonymous_33)
FN:175,(anonymous_34)
FN:176,(anonymous_35)
FN:229,(anonymous_36)
FN:240,(anonymous_37)
FN:241,(anonymous_38)
FN:242,(anonymous_39)
FN:243,(anonymous_40)
FN:249,(anonymous_41)
FN:265,(anonymous_42)
FN:266,(anonymous_43)
FN:267,(anonymous_44)
FN:268,(anonymous_45)
FN:275,(anonymous_46)
FN:280,(anonymous_47)
FN:285,(anonymous_48)
FN:290,(anonymous_49)
FN:298,(anonymous_50)
FN:301,(anonymous_51)
FN:305,(anonymous_52)
FN:306,(anonymous_53)
FN:314,(anonymous_54)
FN:315,(anonymous_55)
FN:343,(anonymous_56)
FN:348,(anonymous_57)
FN:351,(anonymous_58)
FNF:50
FNH:16
FNDA:66,(anonymous_9)
FNDA:0,(anonymous_10)
FNDA:0,(anonymous_11)
FNDA:0,(anonymous_12)
FNDA:0,(anonymous_13)
FNDA:0,(anonymous_14)
FNDA:0,(anonymous_15)
FNDA:0,(anonymous_16)
FNDA:0,(anonymous_17)
FNDA:0,(anonymous_18)
FNDA:0,(anonymous_19)
FNDA:1,(anonymous_20)
FNDA:0,(anonymous_21)
FNDA:0,(anonymous_22)
FNDA:0,(anonymous_23)
FNDA:0,(anonymous_24)
FNDA:0,(anonymous_25)
FNDA:0,(anonymous_26)
FNDA:0,(anonymous_27)
FNDA:24,(anonymous_28)
FNDA:1,(anonymous_29)
FNDA:24,(anonymous_30)
FNDA:24,(anonymous_31)
FNDA:0,(anonymous_32)
FNDA:24,(anonymous_33)
FNDA:24,(anonymous_34)
FNDA:24,(anonymous_35)
FNDA:3,(anonymous_36)
FNDA:0,(anonymous_37)
FNDA:0,(anonymous_38)
FNDA:0,(anonymous_39)
FNDA:0,(anonymous_40)
FNDA:144,(anonymous_41)
FNDA:0,(anonymous_42)
FNDA:0,(anonymous_43)
FNDA:0,(anonymous_44)
FNDA:0,(anonymous_45)
FNDA:0,(anonymous_46)
FNDA:0,(anonymous_47)
FNDA:0,(anonymous_48)
FNDA:0,(anonymous_49)
FNDA:19,(anonymous_50)
FNDA:38,(anonymous_51)
FNDA:1,(anonymous_52)
FNDA:1,(anonymous_53)
FNDA:1,(anonymous_54)
FNDA:0,(anonymous_55)
FNDA:0,(anonymous_56)
FNDA:0,(anonymous_57)
FNDA:0,(anonymous_58)
DA:1,3
DA:3,3
DA:4,3
DA:5,3
DA:6,3
DA:7,3
DA:9,3
DA:10,3
DA:11,3
DA:12,3
DA:20,3
DA:21,66
DA:22,66
DA:23,66
DA:24,66
DA:25,66
DA:26,66
DA:27,66
DA:28,66
DA:29,66
DA:30,66
DA:31,66
DA:32,66
DA:33,66
DA:34,66
DA:35,66
DA:36,66
DA:37,66
DA:38,66
DA:39,66
DA:43,66
DA:44,0
DA:45,0
DA:46,0
DA:47,0
DA:51,66
DA:52,0
DA:53,0
DA:54,0
DA:55,0
DA:59,66
DA:60,0
DA:61,0
DA:62,0
DA:63,0
DA:67,66
DA:68,0
DA:69,0
DA:70,0
DA:71,0
DA:75,66
DA:76,0
DA:77,0
DA:80,66
DA:81,0
DA:82,0
DA:83,0
DA:86,66
DA:87,1
DA:88,1
DA:92,66
DA:93,66
DA:95,66
DA:96,0
DA:99,0
DA:100,0
DA:101,0
DA:103,0
DA:104,0
DA:107,0
DA:108,0
DA:109,0
DA:110,0
DA:111,0
DA:112,0
DA:113,0
DA:116,0
DA:117,0
DA:118,0
DA:121,0
DA:122,0
DA:123,0
DA:126,0
DA:127,0
DA:128,0
DA:130,0
DA:131,0
DA:132,0
DA:134,0
DA:135,0
DA:136,0
DA:139,0
DA:140,0
DA:141,0
DA:143,0
DA:148,66
DA:149,24
DA:150,1
DA:153,24
DA:156,66
DA:157,24
DA:159,24
DA:160,0
DA:161,0
DA:162,0
DA:163,0
DA:164,0
DA:167,24
DA:168,24
DA:170,24
DA:171,24
DA:175,66
DA:176,24
DA:177,24
DA:178,24
DA:179,24
DA:181,24
DA:183,24
DA:185,0
DA:200,0
DA:201,0
DA:204,0
DA:205,0
DA:208,24
DA:210,24
DA:211,1
DA:214,23
DA:215,23
DA:218,1
DA:219,1
DA:220,1
DA:222,24
DA:226,24
DA:229,66
DA:230,3
DA:231,3
DA:232,3
DA:233,3
DA:236,66
DA:237,24
DA:240,0
DA:241,0
DA:242,0
DA:243,0
DA:250,144
DA:258,42
DA:259,1
DA:262,41
DA:265,0
DA:266,0
DA:267,0
DA:268,0
DA:275,0
DA:280,0
DA:285,0
DA:290,0
DA:299,19
DA:301,38
DA:305,1
DA:307,1
DA:308,1
DA:309,1
DA:314,1
DA:315,0
DA:343,0
DA:348,0
DA:351,0
DA:360,3
LF:168
LH:89
BRDA:45,0,0,0
BRDA:45,0,1,0
BRDA:53,1,0,0
BRDA:53,1,1,0
BRDA:61,2,0,0
BRDA:61,2,1,0
BRDA:69,3,0,0
BRDA:69,3,1,0
BRDA:87,4,0,1
BRDA:87,4,1,0
BRDA:87,5,0,1
BRDA:87,5,1,1
BRDA:96,6,0,0
BRDA:96,6,1,0
BRDA:96,6,2,0
BRDA:96,6,3,0
BRDA:96,6,4,0
BRDA:96,6,5,0
BRDA:96,6,6,0
BRDA:96,6,7,0
BRDA:96,6,8,0
BRDA:100,7,0,0
BRDA:100,7,1,0
BRDA:157,8,0,0
BRDA:157,8,1,24
BRDA:160,9,0,0
BRDA:160,9,1,0
BRDA:181,10,0,24
BRDA:181,10,1,24
BRDA:181,10,2,24
BRDA:181,10,3,24
BRDA:183,11,0,0
BRDA:183,11,1,24
BRDA:192,12,0,0
BRDA:192,12,1,0
BRDA:193,13,0,0
BRDA:193,13,1,0
BRDA:194,14,0,0
BRDA:194,14,1,0
BRDA:200,15,0,0
BRDA:200,15,1,0
BRDA:205,16,0,0
BRDA:205,16,1,0
BRDA:210,17,0,1
BRDA:210,17,1,23
BRDA:215,18,0,23
BRDA:215,18,1,0
BRDA:219,19,0,1
BRDA:219,19,1,0
BRDA:236,20,0,24
BRDA:236,20,1,42
BRDA:258,21,0,1
BRDA:258,21,1,41
BRDA:271,22,0,41
BRDA:271,22,1,41
BRDA:271,22,2,41
BRDA:271,22,3,41
BRDA:271,22,4,0
BRDA:273,23,0,0
BRDA:273,23,1,0
BRDA:278,24,0,0
BRDA:278,24,1,0
BRDA:283,25,0,0
BRDA:283,25,1,0
BRDA:288,26,0,0
BRDA:288,26,1,0
BRDA:303,27,0,2
BRDA:303,27,1,17
BRDA:304,28,0,2
BRDA:304,28,1,17
BRDA:307,29,0,1
BRDA:307,29,1,0
BRDA:307,30,0,1
BRDA:307,30,1,0
BRDA:317,31,0,2
BRDA:317,31,1,17
BRDA:328,32,0,41
BRDA:328,32,1,0
BRDA:335,33,0,41
BRDA:335,33,1,0
BRDA:346,34,0,41
BRDA:346,34,1,0
BRDA:347,35,0,41
BRDA:347,35,1,2
BRDA:347,35,2,2
BRF:85
BRH:35
end_of_record
TN:
SF:src/components/__tests__/TemplatePreview.test.tsx
FN:28,(anonymous_1)
FN:34,(anonymous_2)
FN:38,(anonymous_3)
FN:69,(anonymous_4)
FN:97,(anonymous_5)
FN:114,(anonymous_6)
FNF:6
FNH:0
FNDA:0,(anonymous_1)
FNDA:0,(anonymous_2)
FNDA:0,(anonymous_3)
FNDA:0,(anonymous_4)
FNDA:0,(anonymous_5)
FNDA:0,(anonymous_6)
DA:1,0
DA:2,0
DA:3,0
DA:4,0
DA:6,0
DA:28,0
DA:29,0
DA:30,0
DA:31,0
DA:32,0
DA:34,0
DA:35,0
DA:38,0
DA:39,0
DA:50,0
DA:51,0
DA:54,0
DA:55,0
DA:56,0
DA:59,0
DA:60,0
DA:61,0
DA:62,0
DA:65,0
DA:66,0
DA:69,0
DA:70,0
DA:81,0
DA:82,0
DA:85,0
DA:86,0
DA:89,0
DA:90,0
DA:93,0
DA:94,0
DA:97,0
DA:98,0
DA:107,0
DA:110,0
DA:111,0
DA:114,0
DA:115,0
DA:123,0
DA:132,0
DA:133,0
DA:134,0
DA:135,0
DA:138,0
DA:139,0
LF:49
LH:0
BRF:0
BRH:0
end_of_record
TN:
SF:src/hooks/useHotkeys.ts
FN:6,(anonymous_0)
FN:15,(anonymous_1)
FN:16,(anonymous_2)
FN:19,(anonymous_3)
FN:35,(anonymous_4)
FNF:5
FNH:5
FNDA:522,(anonymous_0)
FNDA:594,(anonymous_1)
FNDA:522,(anonymous_2)
FNDA:9,(anonymous_3)
FNDA:522,(anonymous_4)
DA:1,3
DA:6,3
DA:7,522
DA:8,522
DA:15,3
DA:16,594
DA:17,522
DA:19,522
DA:20,9
DA:21,9
DA:22,9
DA:24,9
DA:29,1
DA:30,1
DA:34,522
DA:35,522
LF:16
LH:16
BRDA:11,0,0,522
BRDA:11,0,1,522
BRDA:24,1,0,1
BRDA:24,1,1,8
BRDA:25,2,0,9
BRDA:25,2,1,1
BRDA:25,2,2,1
BRF:7
BRH:7
end_of_record
TN:
SF:src/mocks/api.ts
FN:4,apiMiddleware
FNF:1
FNH:0
FNDA:0,apiMiddleware
DA:1,0
DA:4,0
DA:5,0
DA:7,0
DA:8,0
DA:9,0
DA:13,0
DA:14,0
DA:15,0
DA:18,0
DA:19,0
LF:11
LH:0
BRDA:7,0,0,0
BRDA:7,0,1,0
BRF:2
BRH:0
end_of_record
TN:
SF:src/mocks/templates.ts
FNF:0
FNH:0
DA:3,0
LF:1
LH:0
BRF:0
BRH:0
end_of_record
TN:
SF:src/plugins/mockApi.ts
FN:4,mockApiPlugin
FN:7,(anonymous_1)
FN:8,(anonymous_2)
FNF:3
FNH:0
FNDA:0,mockApiPlugin
FNDA:0,(anonymous_1)
FNDA:0,(anonymous_2)
DA:2,0
DA:4,0
DA:5,0
DA:8,0
DA:9,0
DA:10,0
DA:11,0
DA:12,0
DA:14,0
LF:9
LH:0
BRDA:9,0,0,0
BRDA:9,0,1,0
BRF:2
BRH:0
end_of_record
TN:
SF:src/services/templateService.ts
FN:6,(anonymous_0)
FN:30,(anonymous_1)
FN:40,(anonymous_2)
FN:50,(anonymous_3)
FN:72,(anonymous_4)
FN:93,(anonymous_5)
FNF:6
FNH:4
FNDA:2,(anonymous_0)
FNDA:0,(anonymous_1)
FNDA:2,(anonymous_2)
FNDA:2,(anonymous_3)
FNDA:2,(anonymous_4)
FNDA:0,(anonymous_5)
DA:3,1
DA:5,1
DA:11,2
DA:23,2
DA:24,1
DA:27,1
DA:31,0
DA:33,0
DA:34,0
DA:37,0
DA:41,2
DA:43,2
DA:44,1
DA:47,1
DA:54,2
DA:65,2
DA:66,1
DA:69,1
DA:77,2
DA:88,2
DA:89,1
DA:98,0
DA:100,0
DA:101,0
DA:104,0
LF:25
LH:17
BRDA:3,0,0,1
BRDA:3,0,1,1
BRDA:8,1,0,2
BRDA:9,2,0,2
BRDA:23,3,0,1
BRDA:23,3,1,1
BRDA:33,4,0,0
BRDA:33,4,1,0
BRDA:43,5,0,1
BRDA:43,5,1,1
BRDA:65,6,0,1
BRDA:65,6,1,1
BRDA:88,7,0,1
BRDA:88,7,1,1
BRDA:100,8,0,0
BRDA:100,8,1,0
BRF:16
BRH:12
end_of_record
TN:
SF:src/test-utils/commandPalette.ts
FN:10,(anonymous_0)
FN:12,(anonymous_1)
FN:13,(anonymous_2)
FN:17,(anonymous_3)
FN:33,(anonymous_4)
FN:37,(anonymous_5)
FN:44,(anonymous_6)
FN:51,(anonymous_7)
FN:59,(anonymous_8)
FN:61,(anonymous_9)
FN:62,(anonymous_10)
FN:67,(anonymous_11)
FNF:12
FNH:5
FNDA:1,(anonymous_0)
FNDA:1,(anonymous_1)
FNDA:1,(anonymous_2)
FNDA:1,(anonymous_3)
FNDA:0,(anonymous_4)
FNDA:0,(anonymous_5)
FNDA:1,(anonymous_6)
FNDA:0,(anonymous_7)
FNDA:0,(anonymous_8)
FNDA:0,(anonymous_9)
FNDA:0,(anonymous_10)
FNDA:0,(anonymous_11)
DA:1,1
DA:9,1
DA:11,1
DA:12,1
DA:14,1
DA:15,1
DA:17,1
DA:18,1
DA:20,1
DA:23,1
DA:24,1
DA:26,1
DA:34,0
DA:35,0
DA:37,0
DA:38,0
DA:41,0
DA:45,1
DA:46,1
DA:48,1
DA:52,0
DA:53,0
DA:54,0
DA:56,0
DA:60,0
DA:61,0
DA:62,0
DA:63,0
DA:68,0
DA:69,0
DA:70,0
DA:71,0
DA:72,0
LF:33
LH:15
BRDA:15,0,0,1
BRDA:15,0,1,0
BRDA:20,1,0,0
BRDA:20,1,1,1
BRDA:24,2,0,1
BRDA:24,2,1,0
BRDA:33,3,0,0
BRDA:35,4,0,0
BRDA:35,4,1,0
BRDA:53,5,0,0
BRDA:53,5,1,0
BRDA:53,6,0,0
BRDA:53,6,1,0
BRF:13
BRH:3
end_of_record
